Using pre-set license

 COMMAND LINE ARGUMENTS:
/Users/ctheard/OneDrive/Documents/Unity Build/2020.2.7f1/Unity.app/Contents/MacOS/Unity
-adb2
-batchMode
-noUpm
-name
AssetImportWorker3
-projectPath
/Users/ctheard/OneDrive/Documents/Unity Build/HiddenThief/Hidden_Thief
-logFile
Logs/AssetImportWorker3.log
-srvPort
49484
Successfully changed project path to: /Users/ctheard/OneDrive/Documents/Unity Build/HiddenThief/Hidden_Thief
/Users/ctheard/OneDrive/Documents/Unity Build/HiddenThief/Hidden_Thief
Using Asset Import Pipeline V2.
Refreshing native plugins compatible for Editor in 117.06 ms, found 1 plugins.
Preloading 0 native plugins for Editor in 0.00 ms.
Initialize engine version: 2020.2.7f1 (c53830e277f1)
[Subsystems] Discovering subsystems at path /Users/ctheard/OneDrive/Documents/Unity Build/2020.2.7f1/Unity.app/Contents/Resources/UnitySubsystems
[Subsystems] Discovering subsystems at path /Users/ctheard/OneDrive/Documents/Unity Build/HiddenThief/Hidden_Thief/Assets
GfxDevice: creating device client; threaded=0
Renderer: AMD Radeon HD 6770M OpenGL Engine
Vendor:   ATI Technologies Inc.
Version:  4.1 ATI-1.68.25
GLES:     0
 GL_ARB_blend_func_extended GL_ARB_draw_buffers_blend GL_ARB_draw_indirect GL_ARB_ES2_compatibility GL_ARB_explicit_attrib_location GL_ARB_gpu_shader5 GL_ARB_instanced_arrays GL_ARB_internalformat_query GL_ARB_occlusion_query2 GL_ARB_sample_shading GL_ARB_sampler_objects GL_ARB_separate_shader_objects GL_ARB_shader_bit_encoding GL_ARB_shader_subroutine GL_ARB_shading_language_include GL_ARB_tessellation_shader GL_ARB_texture_buffer_object_rgb32 GL_ARB_texture_cube_map_array GL_ARB_texture_gather GL_ARB_texture_query_lod GL_ARB_texture_rgb10_a2ui GL_ARB_texture_storage GL_ARB_texture_swizzle GL_ARB_timer_query GL_ARB_transform_feedback2 GL_ARB_transform_feedback3 GL_ARB_vertex_type_2_10_10_10_rev GL_ARB_viewport_array GL_EXT_debug_label GL_EXT_debug_marker GL_EXT_texture_compression_s3tc GL_EXT_texture_filter_anisotropic GL_EXT_texture_mirror_clamp GL_EXT_texture_sRGB_decode GL_APPLE_client_storage GL_APPLE_container_object_shareable GL_APPLE_flush_render GL_APPLE_object_purgeable GL_APPLE_rgb_422 GL_APPLE_ro
w_bytes GL_APPLE_texture_range GL_ATI_texture_mirror_once GL_NV_texture_barrier
OPENGL LOG: Creating OpenGL 4.1 graphics device ; Context level  <OpenGL 4.1> ; Context handle 562276352
Initialize mono
Mono path[0] = '/Users/ctheard/OneDrive/Documents/Unity Build/2020.2.7f1/Unity.app/Contents/Managed'
Mono path[1] = '/Users/ctheard/OneDrive/Documents/Unity Build/2020.2.7f1/Unity.app/Contents/MonoBleedingEdge/lib/mono/unityjit'
Mono config path = '/Users/ctheard/OneDrive/Documents/Unity Build/2020.2.7f1/Unity.app/Contents/MonoBleedingEdge/etc'
Using monoOptions --debugger-agent=transport=dt_socket,embedding=1,server=y,suspend=n,address=127.0.0.1:56106
Begin MonoManager ReloadAssembly
Registering precompiled unity dll's ...
Register platform support module: /Users/ctheard/OneDrive/Documents/Unity Build/2020.2.7f1/PlaybackEngines/WebGLSupport/UnityEditor.WebGL.Extensions.dll
Register platform support module: /Users/ctheard/OneDrive/Documents/Unity Build/2020.2.7f1/Unity.app/Contents/PlaybackEngines/MacStandaloneSupport/UnityEditor.OSXStandalone.Extensions.dll
Register platform support module: /Users/ctheard/OneDrive/Documents/Unity Build/2020.2.7f1/PlaybackEngines/WindowsStandaloneSupport/UnityEditor.WindowsStandalone.Extensions.dll
Register platform support module: /Users/ctheard/OneDrive/Documents/Unity Build/2020.2.7f1/PlaybackEngines/LinuxStandaloneSupport/UnityEditor.LinuxStandalone.Extensions.dll
Registered in 0.001385 seconds.
Native extension for LinuxStandalone target not found
Native extension for WindowsStandalone target not found
Native extension for OSXStandalone target not found
Native extension for WebGL target not found
Refreshing native plugins compatible for Editor in 100.22 ms, found 1 plugins.
Preloading 0 native plugins for Editor in 0.00 ms.
Invoked RoslynAnalysisRunner static constructor.
RoslynAnalysisRunner will not be running.
RoslynAnalysisRunner has terminated.
Mono: successfully reloaded assembly
- Completed reload, in  4.613 seconds
Platform modules already initialized, skipping
Registering precompiled user dll's ...
Registered in 0.000961 seconds.
Begin MonoManager ReloadAssembly
Native extension for LinuxStandalone target not found
Native extension for WindowsStandalone target not found
Native extension for OSXStandalone target not found
Native extension for WebGL target not found
Refreshing native plugins compatible for Editor in 92.84 ms, found 1 plugins.
Preloading 0 native plugins for Editor in 0.00 ms.
Invoked RoslynAnalysisRunner static constructor.
RoslynAnalysisRunner will not be running.
RoslynAnalysisRunner has terminated.
Mono: successfully reloaded assembly
- Completed reload, in  2.248 seconds
Platform modules already initialized, skipping
========================================================================
Worker process is ready to serve import requests
Launching external process: /Users/ctheard/OneDrive/Documents/Unity Build/2020.2.7f1/Unity.app/Contents/Tools/UnityShaderCompiler
Launched and connected shader compiler UnityShaderCompiler after 0.11 seconds
Refreshing native plugins compatible for Editor in 0.75 ms, found 1 plugins.
Preloading 0 native plugins for Editor in 0.00 ms.
Unloading 2601 Unused Serialized files (Serialized files now loaded: 0)
System memory in use before: 180.6 MB.
System memory in use after: 180.3 MB.

Unloading 138 unused Assets to reduce memory usage. Loaded Objects now: 3043.
Total: 5.783346 ms (FindLiveObjects: 0.365079 ms CreateObjectMapping: 0.140635 ms MarkObjects: 3.619284 ms  DeleteObjects: 1.656145 ms)

========================================================================
Received Import Request.
  path: Assets/AssetStoreOriginals/DualCorStudios/BasicUI Metal/Buttons/LargeButtonSelected.png
  artifactKey: Guid(920d105cc15879b4f992432aaaa2a77b) Importer(815301076,1909f56bfc062723c751e8b465ee728b)
Start importing Assets/AssetStoreOriginals/DualCorStudios/BasicUI Metal/Buttons/LargeButtonSelected.png using Guid(920d105cc15879b4f992432aaaa2a77b) Importer(815301076,1909f56bfc062723c751e8b465ee728b)  -> (artifact id: '3d38361655e6a08cc74791db42889435') in 0.717371 seconds
  Import took 0.756569 seconds .

========================================================================
Received Import Request.
  Time since last request: 0.000333 seconds.
  path: Assets/AssetStoreOriginals/DualCorStudios/BasicUI Metal/Icons/locked.png
  artifactKey: Guid(dab9842dff46ee347b24d4ebd069a914) Importer(815301076,1909f56bfc062723c751e8b465ee728b)
Start importing Assets/AssetStoreOriginals/DualCorStudios/BasicUI Metal/Icons/locked.png using Guid(dab9842dff46ee347b24d4ebd069a914) Importer(815301076,1909f56bfc062723c751e8b465ee728b)  -> (artifact id: '2d07fbb399f625f80a31b64a8254f2b0') in 0.013602 seconds
  Import took 0.033975 seconds .

========================================================================
Received Import Request.
  Time since last request: 0.000287 seconds.
  path: Assets/AssetStoreOriginals/DualCorStudios/BasicUI Metal/Backdrops
  artifactKey: Guid(9526f96a32136054aa03a4342a675565) Importer(815301076,1909f56bfc062723c751e8b465ee728b)
Start importing Assets/AssetStoreOriginals/DualCorStudios/BasicUI Metal/Backdrops using Guid(9526f96a32136054aa03a4342a675565) Importer(815301076,1909f56bfc062723c751e8b465ee728b)  -> (artifact id: '05f1b4ad15efad0f8e164295cd458274') in 0.001155 seconds
  Import took 0.017887 seconds .

========================================================================
Received Import Request.
  Time since last request: 0.000334 seconds.
  path: Assets/AssetStoreOriginals/Sets - Gems/Prefabs/Gems - Blue/gem_15.prefab
  artifactKey: Guid(93adac3913a044eeeb245bb064c4bbc4) Importer(815301076,1909f56bfc062723c751e8b465ee728b)
Start importing Assets/AssetStoreOriginals/Sets - Gems/Prefabs/Gems - Blue/gem_15.prefab using Guid(93adac3913a044eeeb245bb064c4bbc4) Importer(815301076,1909f56bfc062723c751e8b465ee728b)  -> (artifact id: '78367916ab0a04b7b0ec975b2cdee358') in 0.777005 seconds
  Import took 0.805296 seconds .

========================================================================
Received Import Request.
  Time since last request: 0.000333 seconds.
  path: Assets/AssetStoreOriginals/Sets - Gems/Prefabs/Gems - Blue/gem_17.prefab
  artifactKey: Guid(0452e9865fd3e49518f9d1b77790e134) Importer(815301076,1909f56bfc062723c751e8b465ee728b)
Start importing Assets/AssetStoreOriginals/Sets - Gems/Prefabs/Gems - Blue/gem_17.prefab using Guid(0452e9865fd3e49518f9d1b77790e134) Importer(815301076,1909f56bfc062723c751e8b465ee728b)  -> (artifact id: '9e99d55b21ab2999cb5579171055399f') in 0.263171 seconds
  Import took 0.324514 seconds .

========================================================================
Received Import Request.
  Time since last request: 0.000383 seconds.
  path: Assets/AssetStoreOriginals/DualCorStudios/BasicUI Metal/Buttons/SquareButton.png
  artifactKey: Guid(8ccda14f1bbb5824da96939ea283b220) Importer(815301076,1909f56bfc062723c751e8b465ee728b)
Start importing Assets/AssetStoreOriginals/DualCorStudios/BasicUI Metal/Buttons/SquareButton.png using Guid(8ccda14f1bbb5824da96939ea283b220) Importer(815301076,1909f56bfc062723c751e8b465ee728b)  -> (artifact id: '37e309d9b67f4fcb10b75a0e624bf40b') in 0.055026 seconds
  Import took 0.083434 seconds .

========================================================================
Received Import Request.
  Time since last request: 0.000358 seconds.
  path: Assets/AssetStoreOriginals/DualCorStudios/BasicUI Metal/Backgrounds/PanelBackDark.png
  artifactKey: Guid(eb670b9928bd20d4aa62c13a95826686) Importer(815301076,1909f56bfc062723c751e8b465ee728b)
Start importing Assets/AssetStoreOriginals/DualCorStudios/BasicUI Metal/Backgrounds/PanelBackDark.png using Guid(eb670b9928bd20d4aa62c13a95826686) Importer(815301076,1909f56bfc062723c751e8b465ee728b)  -> (artifact id: 'ce37f083121a9a155633153723d4f888') in 0.180650 seconds
  Import took 0.220298 seconds .

========================================================================
Received Import Request.
  Time since last request: 0.001734 seconds.
  path: Assets/AssetStoreOriginals/DualCorStudios/BasicUI Metal/Buttons/RectButtonPressed.png
  artifactKey: Guid(9e77120a02d17274f8a7977986bea314) Importer(815301076,1909f56bfc062723c751e8b465ee728b)
Start importing Assets/AssetStoreOriginals/DualCorStudios/BasicUI Metal/Buttons/RectButtonPressed.png using Guid(9e77120a02d17274f8a7977986bea314) Importer(815301076,1909f56bfc062723c751e8b465ee728b)  -> (artifact id: '1fda039eeaa5c3b043ff9b66c33b52cb') in 0.405128 seconds
  Import took 0.441043 seconds .

========================================================================
Received Import Request.
  Time since last request: 0.001233 seconds.
  path: Assets/AssetStoreOriginals/Sets - Gems/Prefabs/Gems - Blue
  artifactKey: Guid(65063951ad474474e9e735a3a613f183) Importer(815301076,1909f56bfc062723c751e8b465ee728b)
Start importing Assets/AssetStoreOriginals/Sets - Gems/Prefabs/Gems - Blue using Guid(65063951ad474474e9e735a3a613f183) Importer(815301076,1909f56bfc062723c751e8b465ee728b)  -> (artifact id: 'e61cb2958feba2047de0586fdede6da2') in 0.020398 seconds
  Import took 0.067365 seconds .

========================================================================
Received Import Request.
  Time since last request: 0.000265 seconds.
  path: Assets/AssetStoreOriginals/DualCorStudios/BasicUI Metal/Buttons/RoundButtonPressed.png
  artifactKey: Guid(f0bc967d5a68ea943a9db48fea27d037) Importer(815301076,1909f56bfc062723c751e8b465ee728b)
Start importing Assets/AssetStoreOriginals/DualCorStudios/BasicUI Metal/Buttons/RoundButtonPressed.png using Guid(f0bc967d5a68ea943a9db48fea27d037) Importer(815301076,1909f56bfc062723c751e8b465ee728b)  -> (artifact id: '5fa39aec9912a7903b794d3b39081c37') in 0.032383 seconds
  Import took 0.275172 seconds .

========================================================================
Received Import Request.
  Time since last request: 0.000328 seconds.
  path: Assets/AssetStoreOriginals/DualCorStudios/BasicUI Metal/Buttons/LargeButton.png
  artifactKey: Guid(d520d2a79e51d1f4d820a3a4f624a184) Importer(815301076,1909f56bfc062723c751e8b465ee728b)
Start importing Assets/AssetStoreOriginals/DualCorStudios/BasicUI Metal/Buttons/LargeButton.png using Guid(d520d2a79e51d1f4d820a3a4f624a184) Importer(815301076,1909f56bfc062723c751e8b465ee728b)  -> (artifact id: 'b26bcd21015289f80ca21ea5375ea22b') in 0.026804 seconds
  Import took 0.054211 seconds .

========================================================================
Received Import Request.
  Time since last request: 0.000329 seconds.
  path: Assets/AssetStoreOriginals/Sets - Gems/Prefabs
  artifactKey: Guid(d5c3f7699c53040eba2b0c2995db9a62) Importer(815301076,1909f56bfc062723c751e8b465ee728b)
Start importing Assets/AssetStoreOriginals/Sets - Gems/Prefabs using Guid(d5c3f7699c53040eba2b0c2995db9a62) Importer(815301076,1909f56bfc062723c751e8b465ee728b)  -> (artifact id: 'a0d0d1d46634316fd2e1657e1917d476') in 0.019795 seconds
  Import took 0.025389 seconds .

========================================================================
Received Import Request.
  Time since last request: 0.000909 seconds.
  path: Assets/AssetStoreOriginals/DualCorStudios/BasicUI Metal/Backdrops/Background.png
  artifactKey: Guid(e58daef5d8e6325438b5984bb3381161) Importer(815301076,1909f56bfc062723c751e8b465ee728b)
Start importing Assets/AssetStoreOriginals/DualCorStudios/BasicUI Metal/Backdrops/Background.png using Guid(e58daef5d8e6325438b5984bb3381161) Importer(815301076,1909f56bfc062723c751e8b465ee728b)  -> (artifact id: 'e6d253d1e7befa52d8819f4c48a5abdc') in 0.052017 seconds
  Import took 0.131476 seconds .

========================================================================
Received Import Request.
  Time since last request: 0.002489 seconds.
  path: Assets/AssetStoreOriginals/Sets - Gems/Prefabs/Gems - Blue/gem_16.prefab
  artifactKey: Guid(241df458ac096470fbc5985302fd9709) Importer(815301076,1909f56bfc062723c751e8b465ee728b)
Start importing Assets/AssetStoreOriginals/Sets - Gems/Prefabs/Gems - Blue/gem_16.prefab using Guid(241df458ac096470fbc5985302fd9709) Importer(815301076,1909f56bfc062723c751e8b465ee728b)  -> (artifact id: '5d6e15de55e7decd3d12d1613e59c302') in 0.016207 seconds
  Import took 0.130378 seconds .

========================================================================
Received Import Request.
  Time since last request: 0.000544 seconds.
  path: Assets/AssetStoreOriginals/DualCorStudios/BasicUI Metal/Buttons/RectButtonHighlight.png
  artifactKey: Guid(539dc1f5e2b61324f8760df35e99249a) Importer(815301076,1909f56bfc062723c751e8b465ee728b)
Start importing Assets/AssetStoreOriginals/DualCorStudios/BasicUI Metal/Buttons/RectButtonHighlight.png using Guid(539dc1f5e2b61324f8760df35e99249a) Importer(815301076,1909f56bfc062723c751e8b465ee728b)  -> (artifact id: '316b774c590e7afb5140ce4de9d5ed1c') in 0.043004 seconds
  Import took 0.077825 seconds .

========================================================================
Received Import Request.
  Time since last request: 0.000334 seconds.
  path: Assets/AssetStoreOriginals/Sets - Gems/Prefabs/Gems - Blue/gem_02.prefab
  artifactKey: Guid(0debf751836fe4f90902106393f2d6e8) Importer(815301076,1909f56bfc062723c751e8b465ee728b)
Start importing Assets/AssetStoreOriginals/Sets - Gems/Prefabs/Gems - Blue/gem_02.prefab using Guid(0debf751836fe4f90902106393f2d6e8) Importer(815301076,1909f56bfc062723c751e8b465ee728b)  -> (artifact id: 'e75c9360c918995d9d1cf6319144205e') in 0.036820 seconds
  Import took 0.051894 seconds .

========================================================================
Received Import Request.
  Time since last request: 0.000303 seconds.
  path: Assets/AssetStoreOriginals/DualCorStudios/BasicUI Metal/Icons/checkmark.png
  artifactKey: Guid(88efa2d7add8d59468799245abcb0672) Importer(815301076,1909f56bfc062723c751e8b465ee728b)
Start importing Assets/AssetStoreOriginals/DualCorStudios/BasicUI Metal/Icons/checkmark.png using Guid(88efa2d7add8d59468799245abcb0672) Importer(815301076,1909f56bfc062723c751e8b465ee728b)  -> (artifact id: 'af78b01d533cdc98ff05b398816aa766') in 0.029889 seconds
  Import took 0.057587 seconds .

========================================================================
Received Import Request.
  Time since last request: 0.000283 seconds.
  path: Assets/AssetStoreOriginals/DualCorStudios/BasicUI Metal/Buttons/SquareButtonHighlighted.png
  artifactKey: Guid(c5d17b4a927bffd4bbb055e4d3baaa0f) Importer(815301076,1909f56bfc062723c751e8b465ee728b)
Start importing Assets/AssetStoreOriginals/DualCorStudios/BasicUI Metal/Buttons/SquareButtonHighlighted.png using Guid(c5d17b4a927bffd4bbb055e4d3baaa0f) Importer(815301076,1909f56bfc062723c751e8b465ee728b)  -> (artifact id: '8ed0756b144665c0da034cd6c74628f2') in 0.041161 seconds
  Import took 0.048241 seconds .

========================================================================
Received Import Request.
  Time since last request: 0.000277 seconds.
  path: Assets/AssetStoreOriginals/DualCorStudios/BasicUI Metal/Buttons/RoundButton.png
  artifactKey: Guid(8d51b358391a3fd40bf2c2d610df9c4d) Importer(815301076,1909f56bfc062723c751e8b465ee728b)
Start importing Assets/AssetStoreOriginals/DualCorStudios/BasicUI Metal/Buttons/RoundButton.png using Guid(8d51b358391a3fd40bf2c2d610df9c4d) Importer(815301076,1909f56bfc062723c751e8b465ee728b)  -> (artifact id: 'f074b20262ad71ea4511d9ff036662e1') in 0.086098 seconds
  Import took 0.124837 seconds .

========================================================================
Received Import Request.
  Time since last request: 0.000394 seconds.
  path: Assets/AssetStoreOriginals/Sets - Gems/Prefabs/Gems - Blue/gem_10.prefab
  artifactKey: Guid(3f200bf74d7bd422e9b1d2f9f63a64f5) Importer(815301076,1909f56bfc062723c751e8b465ee728b)
Start importing Assets/AssetStoreOriginals/Sets - Gems/Prefabs/Gems - Blue/gem_10.prefab using Guid(3f200bf74d7bd422e9b1d2f9f63a64f5) Importer(815301076,1909f56bfc062723c751e8b465ee728b)  -> (artifact id: '0b43d88fb739e5443c419398d1f12e66') in 0.115505 seconds
  Import took 0.122784 seconds .

========================================================================
Received Import Request.
  Time since last request: 0.000309 seconds.
  path: Assets/AssetStoreOriginals/DualCorStudios/BasicUI Metal/Joystick/Directional.png
  artifactKey: Guid(81d13a6e23b04df45a6bf8c939cca55e) Importer(815301076,1909f56bfc062723c751e8b465ee728b)
Start importing Assets/AssetStoreOriginals/DualCorStudios/BasicUI Metal/Joystick/Directional.png using Guid(81d13a6e23b04df45a6bf8c939cca55e) Importer(815301076,1909f56bfc062723c751e8b465ee728b)  -> (artifact id: '7d4dca6ffa2c3f0b37083026d9e35133') in 0.044689 seconds
  Import took 0.074625 seconds .

========================================================================
Received Import Request.
  Time since last request: 0.000319 seconds.
  path: Assets/AssetStoreOriginals/DualCorStudios/BasicUI Metal/Icons/cross.png
  artifactKey: Guid(9177aeb33e75f11498af6c26565bd947) Importer(815301076,1909f56bfc062723c751e8b465ee728b)
Start importing Assets/AssetStoreOriginals/DualCorStudios/BasicUI Metal/Icons/cross.png using Guid(9177aeb33e75f11498af6c26565bd947) Importer(815301076,1909f56bfc062723c751e8b465ee728b)  -> (artifact id: '8a8947e4e42c0806e8f51779d6605c2c') in 0.028116 seconds
  Import took 0.051392 seconds .

========================================================================
Received Import Request.
  Time since last request: 0.000335 seconds.
  path: Assets/AssetStoreOriginals/Sets - Gems/Prefabs/Gems - Blue/gem_01.prefab
  artifactKey: Guid(e2ddb8b460986445aaecb3880c7e2630) Importer(815301076,1909f56bfc062723c751e8b465ee728b)
Start importing Assets/AssetStoreOriginals/Sets - Gems/Prefabs/Gems - Blue/gem_01.prefab using Guid(e2ddb8b460986445aaecb3880c7e2630) Importer(815301076,1909f56bfc062723c751e8b465ee728b)  -> (artifact id: 'a5216c545c2db0a41761f94d055c1024') in 0.020889 seconds
  Import took 0.081316 seconds .

========================================================================
Received Import Request.
  Time since last request: 0.000341 seconds.
  path: Assets/AssetStoreOriginals/DualCorStudios/BasicUI Metal
  artifactKey: Guid(c00a78a728fdabe4eb8692548c695d21) Importer(815301076,1909f56bfc062723c751e8b465ee728b)
Start importing Assets/AssetStoreOriginals/DualCorStudios/BasicUI Metal using Guid(c00a78a728fdabe4eb8692548c695d21) Importer(815301076,1909f56bfc062723c751e8b465ee728b)  -> (artifact id: '091bdf7bed7ed8d6ab56bc0da55f00a6') in 0.002375 seconds
  Import took 0.033453 seconds .

========================================================================
Received Import Request.
  Time since last request: 0.002046 seconds.
  path: Assets/AssetStoreOriginals/DualCorStudios/BasicUI Metal/Buttons/RectButton.png
  artifactKey: Guid(5329217853aa4cd469f62a015115b92b) Importer(815301076,1909f56bfc062723c751e8b465ee728b)
Start importing Assets/AssetStoreOriginals/DualCorStudios/BasicUI Metal/Buttons/RectButton.png using Guid(5329217853aa4cd469f62a015115b92b) Importer(815301076,1909f56bfc062723c751e8b465ee728b)  -> (artifact id: '191ff2eded1db0d8ca4cd57f03c94961') in 0.102231 seconds
  Import took 0.138244 seconds .

========================================================================
Received Import Request.
  Time since last request: 0.001220 seconds.
  path: Assets/AssetStoreOriginals/DualCorStudios/BasicUI Metal/Joystick/Directional.png
  artifactKey: Guid(81d13a6e23b04df45a6bf8c939cca55e) Importer(815301076,1909f56bfc062723c751e8b465ee728b)
Start importing Assets/AssetStoreOriginals/DualCorStudios/BasicUI Metal/Joystick/Directional.png using Guid(81d13a6e23b04df45a6bf8c939cca55e) Importer(815301076,1909f56bfc062723c751e8b465ee728b)  -> (artifact id: '7d4dca6ffa2c3f0b37083026d9e35133') in 0.014221 seconds
  Import took 0.020159 seconds .

========================================================================
Received Import Request.
  Time since last request: 0.000346 seconds.
  path: Assets/AssetStoreOriginals/DualCorStudios/BasicUI Metal/Icons/pause.png
  artifactKey: Guid(387df19a250bbd743880a56ed5fb7597) Importer(815301076,1909f56bfc062723c751e8b465ee728b)
Start importing Assets/AssetStoreOriginals/DualCorStudios/BasicUI Metal/Icons/pause.png using Guid(387df19a250bbd743880a56ed5fb7597) Importer(815301076,1909f56bfc062723c751e8b465ee728b)  -> (artifact id: 'b4786df2bd4f5b31f02d8d37a63fb2ec') in 0.043445 seconds
  Import took 0.049354 seconds .

========================================================================
Received Import Request.
  Time since last request: 0.000263 seconds.
  path: Assets/AssetStoreOriginals/DualCorStudios/BasicUI Metal/Backgrounds/HorizontalPanel.png
  artifactKey: Guid(d3118736dc91376478471eb72a09ffaa) Importer(815301076,1909f56bfc062723c751e8b465ee728b)
Start importing Assets/AssetStoreOriginals/DualCorStudios/BasicUI Metal/Backgrounds/HorizontalPanel.png using Guid(d3118736dc91376478471eb72a09ffaa) Importer(815301076,1909f56bfc062723c751e8b465ee728b)  -> (artifact id: 'b811c8ed7764e87197800c576c98f460') in 0.013165 seconds
  Import took 0.031389 seconds .

========================================================================
Received Import Request.
  Time since last request: 0.000314 seconds.
  path: Assets/AssetStoreOriginals/DualCorStudios/BasicUI Metal/Buttons/SquareButtonPressed.png
  artifactKey: Guid(a4c342958458da94987b0aa1dd2c9b7a) Importer(815301076,1909f56bfc062723c751e8b465ee728b)
Start importing Assets/AssetStoreOriginals/DualCorStudios/BasicUI Metal/Buttons/SquareButtonPressed.png using Guid(a4c342958458da94987b0aa1dd2c9b7a) Importer(815301076,1909f56bfc062723c751e8b465ee728b)  -> (artifact id: '797cf364d8ac8e4fcebca3d81e0b38dd') in 0.013465 seconds
  Import took 0.027400 seconds .

========================================================================
Received Import Request.
  Time since last request: 0.000321 seconds.
  path: Assets/AssetStoreOriginals/Sets - Gems/Models/gem_01.fbx
  artifactKey: Guid(9cb17b9b14f7744f198fc9b36e9214ff) Importer(815301076,1909f56bfc062723c751e8b465ee728b)
Start importing Assets/AssetStoreOriginals/Sets - Gems/Models/gem_01.fbx using Guid(9cb17b9b14f7744f198fc9b36e9214ff) Importer(815301076,1909f56bfc062723c751e8b465ee728b)  -> (artifact id: '63db653fc3c72f4230ba6180c87523f8') in 0.295861 seconds
  Import took 0.332291 seconds .

========================================================================
Received Import Request.
  Time since last request: 0.000348 seconds.
  path: Assets/AssetStoreOriginals/DualCorStudios/BasicUI Metal/Joystick/Hat.png
  artifactKey: Guid(9cfe7cb681948a84baf94a5ea00bad01) Importer(815301076,1909f56bfc062723c751e8b465ee728b)
Start importing Assets/AssetStoreOriginals/DualCorStudios/BasicUI Metal/Joystick/Hat.png using Guid(9cfe7cb681948a84baf94a5ea00bad01) Importer(815301076,1909f56bfc062723c751e8b465ee728b)  -> (artifact id: 'b9a6857cd434e9d96bfe781bb2e33dd2') in 0.015029 seconds
  Import took 0.028478 seconds .

========================================================================
Received Import Request.
  Time since last request: 0.000357 seconds.
  path: Assets/AssetStoreOriginals/DualCorStudios/BasicUI Metal/Backgrounds/PanelBack.png
  artifactKey: Guid(54f32a40eacc85842b956835a3a72abe) Importer(815301076,1909f56bfc062723c751e8b465ee728b)
Start importing Assets/AssetStoreOriginals/DualCorStudios/BasicUI Metal/Backgrounds/PanelBack.png using Guid(54f32a40eacc85842b956835a3a72abe) Importer(815301076,1909f56bfc062723c751e8b465ee728b)  -> (artifact id: 'fc2b0d470b05925865623070ab1e4e18') in 0.014516 seconds
  Import took 0.026534 seconds .

========================================================================
Received Import Request.
  Time since last request: 0.000352 seconds.
  path: Assets/AssetStoreOriginals/DualCorStudios/BasicUI Metal/Buttons/LargeButtonPressed.png
  artifactKey: Guid(0dfba23df97d20d47b3639d6ecf406d1) Importer(815301076,1909f56bfc062723c751e8b465ee728b)
Start importing Assets/AssetStoreOriginals/DualCorStudios/BasicUI Metal/Buttons/LargeButtonPressed.png using Guid(0dfba23df97d20d47b3639d6ecf406d1) Importer(815301076,1909f56bfc062723c751e8b465ee728b)  -> (artifact id: '472a9cd8c8deebd8611fd40a86e4ff97') in 0.039643 seconds
  Import took 0.099884 seconds .

========================================================================
Received Import Request.
  Time since last request: 0.000344 seconds.
  path: Assets/AssetStoreOriginals/DualCorStudios/BasicUI Metal/Icons/wrench.png
  artifactKey: Guid(b34c73ea24317234f8ec889e4917732b) Importer(815301076,1909f56bfc062723c751e8b465ee728b)
Start importing Assets/AssetStoreOriginals/DualCorStudios/BasicUI Metal/Icons/wrench.png using Guid(b34c73ea24317234f8ec889e4917732b) Importer(815301076,1909f56bfc062723c751e8b465ee728b)  -> (artifact id: 'fb6995a3aab6a3d149971ff51da4b74e') in 0.023952 seconds
  Import took 0.048303 seconds .

========================================================================
Received Import Request.
  Time since last request: 0.000587 seconds.
  path: Assets/AssetStoreOriginals/DualCorStudios/BasicUI Metal/Buttons/RoundButtonHighlight.png
  artifactKey: Guid(c6874b919af94b44cbd58fec07214b8c) Importer(815301076,1909f56bfc062723c751e8b465ee728b)
Start importing Assets/AssetStoreOriginals/DualCorStudios/BasicUI Metal/Buttons/RoundButtonHighlight.png using Guid(c6874b919af94b44cbd58fec07214b8c) Importer(815301076,1909f56bfc062723c751e8b465ee728b)  -> (artifact id: 'eb599ac160c8f7cde892a27fa46456ab') in 0.011743 seconds
  Import took 0.087053 seconds .

========================================================================
Received Import Request.
  Time since last request: 0.031375 seconds.
  path: Assets/AssetStoreOriginals/DualCorStudios/BasicUI Metal/Joystick/Hat.png
  artifactKey: Guid(9cfe7cb681948a84baf94a5ea00bad01) Importer(815301076,1909f56bfc062723c751e8b465ee728b)
Start importing Assets/AssetStoreOriginals/DualCorStudios/BasicUI Metal/Joystick/Hat.png using Guid(9cfe7cb681948a84baf94a5ea00bad01) Importer(815301076,1909f56bfc062723c751e8b465ee728b)  -> (artifact id: 'b9a6857cd434e9d96bfe781bb2e33dd2') in 0.016678 seconds
  Import took 0.023460 seconds .

========================================================================
Received Import Request.
  Time since last request: 2.191987 seconds.
  path: Assets/AssetStoreOriginals/DualCorStudios/BasicUI Metal/Prefabs/ActionButton.prefab
  artifactKey: Guid(fa894230db4a0c242bd912e96228f6ff) Importer(815301076,1909f56bfc062723c751e8b465ee728b)
Start importing Assets/AssetStoreOriginals/DualCorStudios/BasicUI Metal/Prefabs/ActionButton.prefab using Guid(fa894230db4a0c242bd912e96228f6ff) Importer(815301076,1909f56bfc062723c751e8b465ee728b)  -> (artifact id: '9437e27bd6958408e0bf2f41de5e749a') in 0.389441 seconds
  Import took 0.432779 seconds .

========================================================================
Received Import Request.
  Time since last request: 0.838078 seconds.
  path: Assets/AssetStoreOriginals/DualCorStudios/BasicUI Metal/Prefabs/Dialog.prefab
  artifactKey: Guid(4d767d59f2ce2274fb1584bbaa0b2835) Importer(815301076,1909f56bfc062723c751e8b465ee728b)
Start importing Assets/AssetStoreOriginals/DualCorStudios/BasicUI Metal/Prefabs/Dialog.prefab using Guid(4d767d59f2ce2274fb1584bbaa0b2835) Importer(815301076,1909f56bfc062723c751e8b465ee728b)  -> (artifact id: '99e886ee97e7b5e4474e8ff9358143b9') in 0.009651 seconds
  Import took 0.032303 seconds .

========================================================================
Received Import Request.
  Time since last request: 0.737649 seconds.
  path: Assets/AssetStoreOriginals/DualCorStudios/BasicUI Metal/Prefabs/InputField.prefab
  artifactKey: Guid(d0a88fde20593d74d9a5eb39684f786a) Importer(815301076,1909f56bfc062723c751e8b465ee728b)
Start importing Assets/AssetStoreOriginals/DualCorStudios/BasicUI Metal/Prefabs/InputField.prefab using Guid(d0a88fde20593d74d9a5eb39684f786a) Importer(815301076,1909f56bfc062723c751e8b465ee728b)  -> (artifact id: 'b2ee3fce09a4a24c397d01928cc38a30') in 0.084099 seconds
  Import took 0.116975 seconds .

========================================================================
Received Import Request.
  Time since last request: 1.720009 seconds.
  path: Assets/AssetStoreOriginals/DualCorStudios/BasicUI Metal/Toggle/ToggleBack.png
  artifactKey: Guid(73b2994e6baa62e41bc3eccf2c7bccd6) Importer(815301076,1909f56bfc062723c751e8b465ee728b)
Start importing Assets/AssetStoreOriginals/DualCorStudios/BasicUI Metal/Toggle/ToggleBack.png using Guid(73b2994e6baa62e41bc3eccf2c7bccd6) Importer(815301076,1909f56bfc062723c751e8b465ee728b)  -> (artifact id: '1de3383f5c7719a5698f65b8c47e5dfb') in 0.010571 seconds
  Import took 0.025289 seconds .

========================================================================
Received Import Request.
  Time since last request: 0.013468 seconds.
  path: Assets/AssetStoreOriginals/DualCorStudios/BasicUI Metal/Toggle/ToggleBack.png
  artifactKey: Guid(73b2994e6baa62e41bc3eccf2c7bccd6) Importer(815301076,1909f56bfc062723c751e8b465ee728b)
Start importing Assets/AssetStoreOriginals/DualCorStudios/BasicUI Metal/Toggle/ToggleBack.png using Guid(73b2994e6baa62e41bc3eccf2c7bccd6) Importer(815301076,1909f56bfc062723c751e8b465ee728b)  -> (artifact id: '1de3383f5c7719a5698f65b8c47e5dfb') in 0.014918 seconds
  Import took 0.021356 seconds .

========================================================================
Received Import Request.
  Time since last request: 0.949630 seconds.
  path: Assets/AssetStoreOriginals/DualCorStudios/BasicUI Metal/Toggle/Toggle.png
  artifactKey: Guid(b71a882258ead3646a2e1915e1106266) Importer(815301076,1909f56bfc062723c751e8b465ee728b)
Start importing Assets/AssetStoreOriginals/DualCorStudios/BasicUI Metal/Toggle/Toggle.png using Guid(b71a882258ead3646a2e1915e1106266) Importer(815301076,1909f56bfc062723c751e8b465ee728b)  -> (artifact id: '76c4eb689a60f9244a9362c0365f968a') in 0.015133 seconds
  Import took 0.034828 seconds .

========================================================================
Received Import Request.
  Time since last request: 0.003483 seconds.
  path: Assets/AssetStoreOriginals/DualCorStudios/BasicUI Metal/Toggle/Toggle.png
  artifactKey: Guid(b71a882258ead3646a2e1915e1106266) Importer(815301076,1909f56bfc062723c751e8b465ee728b)
Start importing Assets/AssetStoreOriginals/DualCorStudios/BasicUI Metal/Toggle/Toggle.png using Guid(b71a882258ead3646a2e1915e1106266) Importer(815301076,1909f56bfc062723c751e8b465ee728b)  -> (artifact id: '76c4eb689a60f9244a9362c0365f968a') in 0.013571 seconds
  Import took 0.020096 seconds .

========================================================================
Received Import Request.
  Time since last request: 99.828050 seconds.
  path: Assets/AssetStoreOriginals/_SNAPS_Tools
  artifactKey: Guid(8558150e8d2d44d4fb1e3ca98f52121e) Importer(815301076,1909f56bfc062723c751e8b465ee728b)
Start importing Assets/AssetStoreOriginals/_SNAPS_Tools using Guid(8558150e8d2d44d4fb1e3ca98f52121e) Importer(815301076,1909f56bfc062723c751e8b465ee728b)  -> (artifact id: '7f7a9a63240ed8bbc8c0e7db3935e857') in 0.001263 seconds
  Import took 0.029001 seconds .

========================================================================
Received Import Request.
  Time since last request: 0.034523 seconds.
  path: Assets/AssetStoreOriginals/_SNAPS_Tools
  artifactKey: Guid(8558150e8d2d44d4fb1e3ca98f52121e) Importer(815301076,1909f56bfc062723c751e8b465ee728b)
Start importing Assets/AssetStoreOriginals/_SNAPS_Tools using Guid(8558150e8d2d44d4fb1e3ca98f52121e) Importer(815301076,1909f56bfc062723c751e8b465ee728b)  -> (artifact id: '7f7a9a63240ed8bbc8c0e7db3935e857') in 0.001108 seconds
  Import took 0.006704 seconds .

========================================================================
Received Import Request.
  Time since last request: 1.267168 seconds.
  path: Assets/AssetStoreOriginals/_SNAPS_Tools/AssetSwapTool
  artifactKey: Guid(705ac39685d2740449d75878879d0e44) Importer(815301076,1909f56bfc062723c751e8b465ee728b)
Start importing Assets/AssetStoreOriginals/_SNAPS_Tools/AssetSwapTool using Guid(705ac39685d2740449d75878879d0e44) Importer(815301076,1909f56bfc062723c751e8b465ee728b)  -> (artifact id: 'c0bcbd5ec6b26210b37a00619cd52ff0') in 0.062049 seconds
  Import took 0.068252 seconds .

========================================================================
Received Import Request.
  Time since last request: 13.400246 seconds.
  path: Assets/AssetStoreOriginals/Mini Toon Office
  artifactKey: Guid(4c938587fd7bf4d71b561463601ba02a) Importer(815301076,1909f56bfc062723c751e8b465ee728b)
Start importing Assets/AssetStoreOriginals/Mini Toon Office using Guid(4c938587fd7bf4d71b561463601ba02a) Importer(815301076,1909f56bfc062723c751e8b465ee728b)  -> (artifact id: '20f868b95f93ae0e0da06cc41dcd803b') in 0.001412 seconds
  Import took 0.034297 seconds .

========================================================================
Received Import Request.
  Time since last request: 0.024800 seconds.
  path: Assets/AssetStoreOriginals/Mini Toon Office
  artifactKey: Guid(4c938587fd7bf4d71b561463601ba02a) Importer(815301076,1909f56bfc062723c751e8b465ee728b)
Start importing Assets/AssetStoreOriginals/Mini Toon Office using Guid(4c938587fd7bf4d71b561463601ba02a) Importer(815301076,1909f56bfc062723c751e8b465ee728b)  -> (artifact id: '20f868b95f93ae0e0da06cc41dcd803b') in 0.001043 seconds
  Import took 0.006988 seconds .

========================================================================
Received Import Request.
  Time since last request: 2.997372 seconds.
  path: Assets/AssetStoreOriginals/Mini Toon Office/Models
  artifactKey: Guid(94141bdfbccaa478a91d2d541b0a9762) Importer(815301076,1909f56bfc062723c751e8b465ee728b)
Start importing Assets/AssetStoreOriginals/Mini Toon Office/Models using Guid(94141bdfbccaa478a91d2d541b0a9762) Importer(815301076,1909f56bfc062723c751e8b465ee728b)  -> (artifact id: '0b4ed3bff95164a606779d7e66d2fc17') in 0.001242 seconds
  Import took 0.007908 seconds .

========================================================================
Received Import Request.
  Time since last request: 0.070267 seconds.
  path: Assets/AssetStoreOriginals/Mini Toon Office/Models
  artifactKey: Guid(94141bdfbccaa478a91d2d541b0a9762) Importer(815301076,1909f56bfc062723c751e8b465ee728b)
Start importing Assets/AssetStoreOriginals/Mini Toon Office/Models using Guid(94141bdfbccaa478a91d2d541b0a9762) Importer(815301076,1909f56bfc062723c751e8b465ee728b)  -> (artifact id: '0b4ed3bff95164a606779d7e66d2fc17') in 0.001247 seconds
  Import took 0.009070 seconds .

========================================================================
Received Import Request.
  Time since last request: 1.080988 seconds.
  path: Assets/AssetStoreOriginals/Mini Toon Office/Models/props
  artifactKey: Guid(bbfefd97177344ed8bd562f982451cc7) Importer(815301076,1909f56bfc062723c751e8b465ee728b)
Start importing Assets/AssetStoreOriginals/Mini Toon Office/Models/props using Guid(bbfefd97177344ed8bd562f982451cc7) Importer(815301076,1909f56bfc062723c751e8b465ee728b)  -> (artifact id: '9b25c50a0945f47a9f802765c45df6dc') in 0.001332 seconds
  Import took 0.030811 seconds .

========================================================================
Received Import Request.
  Time since last request: 0.027835 seconds.
  path: Assets/AssetStoreOriginals/Mini Toon Office/Models/props
  artifactKey: Guid(bbfefd97177344ed8bd562f982451cc7) Importer(815301076,1909f56bfc062723c751e8b465ee728b)
Start importing Assets/AssetStoreOriginals/Mini Toon Office/Models/props using Guid(bbfefd97177344ed8bd562f982451cc7) Importer(815301076,1909f56bfc062723c751e8b465ee728b)  -> (artifact id: '9b25c50a0945f47a9f802765c45df6dc') in 0.001027 seconds
  Import took 0.006812 seconds .

========================================================================
Received Import Request.
  Time since last request: 2.661136 seconds.
  path: Assets/AssetStoreOriginals/Mini Toon Office/Models/props/toon_office_water_drinker.fbx
  artifactKey: Guid(65930675a89714e10aca9ca3a3d67258) Importer(815301076,1909f56bfc062723c751e8b465ee728b)
Start importing Assets/AssetStoreOriginals/Mini Toon Office/Models/props/toon_office_water_drinker.fbx using Guid(65930675a89714e10aca9ca3a3d67258) Importer(815301076,1909f56bfc062723c751e8b465ee728b)  -> (artifact id: '62b9453e3cd37fd5a28f7f1c53caddba') in 0.036943 seconds
  Import took 0.042919 seconds .

========================================================================
Received Import Request.
  Time since last request: 0.020436 seconds.
  path: Assets/AssetStoreOriginals/Mini Toon Office/Models/props/toon_office_water_drinker.fbx
  artifactKey: Guid(65930675a89714e10aca9ca3a3d67258) Importer(815301076,1909f56bfc062723c751e8b465ee728b)
Start importing Assets/AssetStoreOriginals/Mini Toon Office/Models/props/toon_office_water_drinker.fbx using Guid(65930675a89714e10aca9ca3a3d67258) Importer(815301076,1909f56bfc062723c751e8b465ee728b)  -> (artifact id: '62b9453e3cd37fd5a28f7f1c53caddba') in 0.031603 seconds
  Import took 0.037470 seconds .

========================================================================
Received Import Request.
  Time since last request: 9.001397 seconds.
  path: Assets/AssetStoreOriginals/Mini Toon Office/Prefabs/tiles prefabs
  artifactKey: Guid(f207a02df9e834434a5edb73ec379c19) Importer(815301076,1909f56bfc062723c751e8b465ee728b)
Start importing Assets/AssetStoreOriginals/Mini Toon Office/Prefabs/tiles prefabs using Guid(f207a02df9e834434a5edb73ec379c19) Importer(815301076,1909f56bfc062723c751e8b465ee728b)  -> (artifact id: '348cf791b0b1985a297cf1b346ecbe45') in 0.001158 seconds
  Import took 0.039867 seconds .

========================================================================
Received Import Request.
  Time since last request: 0.008604 seconds.
  path: Assets/AssetStoreOriginals/Mini Toon Office/Prefabs/tiles prefabs
  artifactKey: Guid(f207a02df9e834434a5edb73ec379c19) Importer(815301076,1909f56bfc062723c751e8b465ee728b)
Start importing Assets/AssetStoreOriginals/Mini Toon Office/Prefabs/tiles prefabs using Guid(f207a02df9e834434a5edb73ec379c19) Importer(815301076,1909f56bfc062723c751e8b465ee728b)  -> (artifact id: '348cf791b0b1985a297cf1b346ecbe45') in 0.001236 seconds
  Import took 0.007154 seconds .

========================================================================
Received Import Request.
  Time since last request: 2.049184 seconds.
  path: Assets/AssetStoreOriginals/Mini Toon Office/Prefabs/tiles prefabs/toon_office_tile_wall.prefab
  artifactKey: Guid(9c552c69b5d844776b91bc232be9a2c4) Importer(815301076,1909f56bfc062723c751e8b465ee728b)
Start importing Assets/AssetStoreOriginals/Mini Toon Office/Prefabs/tiles prefabs/toon_office_tile_wall.prefab using Guid(9c552c69b5d844776b91bc232be9a2c4) Importer(815301076,1909f56bfc062723c751e8b465ee728b)  -> (artifact id: 'b44c7246010e40112f3a8b58fedcc2f6') in 0.184199 seconds
  Import took 0.190162 seconds .

========================================================================
Received Import Request.
  Time since last request: 0.051369 seconds.
  path: Assets/AssetStoreOriginals/Mini Toon Office/Prefabs/tiles prefabs/toon_office_tile_wall.prefab
  artifactKey: Guid(9c552c69b5d844776b91bc232be9a2c4) Importer(815301076,1909f56bfc062723c751e8b465ee728b)
Start importing Assets/AssetStoreOriginals/Mini Toon Office/Prefabs/tiles prefabs/toon_office_tile_wall.prefab using Guid(9c552c69b5d844776b91bc232be9a2c4) Importer(815301076,1909f56bfc062723c751e8b465ee728b)  -> (artifact id: 'b44c7246010e40112f3a8b58fedcc2f6') in 0.047414 seconds
  Import took 0.055108 seconds .

========================================================================
Received Import Request.
  Time since last request: 5.120160 seconds.
  path: Assets/AssetStoreOriginals/Mini Toon Office/Prefabs/tiles prefabs/toon_office_tile_ground_low_4x4.prefab
  artifactKey: Guid(44db3442b975e4903a341e94633313fc) Importer(815301076,1909f56bfc062723c751e8b465ee728b)
Start importing Assets/AssetStoreOriginals/Mini Toon Office/Prefabs/tiles prefabs/toon_office_tile_ground_low_4x4.prefab using Guid(44db3442b975e4903a341e94633313fc) Importer(815301076,1909f56bfc062723c751e8b465ee728b)  -> (artifact id: '9c478d53dd320469340d41a07d3b4e49') in 0.012891 seconds
  Import took 0.037053 seconds .

========================================================================
Received Import Request.
  Time since last request: 234.109772 seconds.
  path: Assets/AssetStoreOriginals/Mini Toon Office/Prefabs/tiles prefabs/toon_office_tile_wallcolumn.prefab
  artifactKey: Guid(74e8cedb60b19469395b7d9e8dd11c37) Importer(815301076,1909f56bfc062723c751e8b465ee728b)
Start importing Assets/AssetStoreOriginals/Mini Toon Office/Prefabs/tiles prefabs/toon_office_tile_wallcolumn.prefab using Guid(74e8cedb60b19469395b7d9e8dd11c37) Importer(815301076,1909f56bfc062723c751e8b465ee728b)  -> (artifact id: '62ae616d526903de80f102e43d288bbb') in 0.014924 seconds
  Import took 0.020697 seconds .

========================================================================
Received Import Request.
  Time since last request: 264.698695 seconds.
  path: Assets/AssetStoreOriginals/Mini Toon Office/Prefabs/tiles prefabs/toon_office_tile_wallconnect.prefab
  artifactKey: Guid(0757d3ca4395b48a2ab9a818c62827f1) Importer(815301076,1909f56bfc062723c751e8b465ee728b)
Start importing Assets/AssetStoreOriginals/Mini Toon Office/Prefabs/tiles prefabs/toon_office_tile_wallconnect.prefab using Guid(0757d3ca4395b48a2ab9a818c62827f1) Importer(815301076,1909f56bfc062723c751e8b465ee728b)  -> (artifact id: '6c5dc5f17cc3fb12a11aa9fa4d9b899e') in 0.010895 seconds
  Import took 0.041417 seconds .

========================================================================
Received Import Request.
  Time since last request: 339.827673 seconds.
  path: Assets/Prefabs/CeilingLight.prefab
  artifactKey: Guid(94e22f143dfc34515adfd66920d78c93) Importer(815301076,1909f56bfc062723c751e8b465ee728b)
Start importing Assets/Prefabs/CeilingLight.prefab using Guid(94e22f143dfc34515adfd66920d78c93) Importer(815301076,1909f56bfc062723c751e8b465ee728b)  -> (artifact id: 'bddc0d1261408e546dd3533d0bd47e69') in 0.003876 seconds
  Import took 0.036717 seconds .

========================================================================
Received Import Request.
  Time since last request: 0.019699 seconds.
  path: Assets/Prefabs/CeilingLight.prefab
  artifactKey: Guid(94e22f143dfc34515adfd66920d78c93) Importer(815301076,1909f56bfc062723c751e8b465ee728b)
Start importing Assets/Prefabs/CeilingLight.prefab using Guid(94e22f143dfc34515adfd66920d78c93) Importer(815301076,1909f56bfc062723c751e8b465ee728b)  -> (artifact id: 'bddc0d1261408e546dd3533d0bd47e69') in 0.004052 seconds
  Import took 0.010316 seconds .

========================================================================
Received Import Request.
  Time since last request: 6.704203 seconds.
  path: Assets/_Scenes/Level1.unity
  artifactKey: Guid(6c2dddd28ac12494188739a58bca1fcd) Importer(815301076,1909f56bfc062723c751e8b465ee728b)
Start importing Assets/_Scenes/Level1.unity using Guid(6c2dddd28ac12494188739a58bca1fcd) Importer(815301076,1909f56bfc062723c751e8b465ee728b)  -> (artifact id: 'b6c29fcfdb5231cd839375eb292239fc') in 0.001641 seconds
  Import took 0.036124 seconds .

========================================================================
Received Import Request.
  Time since last request: 0.018320 seconds.
  path: Assets/_Scenes/Level1.unity
  artifactKey: Guid(6c2dddd28ac12494188739a58bca1fcd) Importer(815301076,1909f56bfc062723c751e8b465ee728b)
Start importing Assets/_Scenes/Level1.unity using Guid(6c2dddd28ac12494188739a58bca1fcd) Importer(815301076,1909f56bfc062723c751e8b465ee728b)  -> (artifact id: 'b6c29fcfdb5231cd839375eb292239fc') in 0.001633 seconds
  Import took 0.008241 seconds .

========================================================================
Received Import Request.
  Time since last request: 15.120196 seconds.
  path: Assets/_Scenes/LevelMenu.unity
  artifactKey: Guid(0422750f3e9f94a9998d6619c73f4c57) Importer(815301076,1909f56bfc062723c751e8b465ee728b)
Start importing Assets/_Scenes/LevelMenu.unity using Guid(0422750f3e9f94a9998d6619c73f4c57) Importer(815301076,1909f56bfc062723c751e8b465ee728b)  -> (artifact id: '8c7b6d4a2d25b365f7bf9688bbfb9423') in 0.002660 seconds
  Import took 0.072353 seconds .

========================================================================
Received Import Request.
  Time since last request: 144.230093 seconds.
  path: Assets/AssetStoreOriginals/_SNAPS_PrototypingAssets/ModernOffice_Interior/Prefabs/Props/CeilingLights_01_snaps001.prefab
  artifactKey: Guid(83703d1837d1d4d4fa3dfdcb40a2c372) Importer(815301076,1909f56bfc062723c751e8b465ee728b)
Start importing Assets/AssetStoreOriginals/_SNAPS_PrototypingAssets/ModernOffice_Interior/Prefabs/Props/CeilingLights_01_snaps001.prefab using Guid(83703d1837d1d4d4fa3dfdcb40a2c372) Importer(815301076,1909f56bfc062723c751e8b465ee728b)  -> (artifact id: 'd33dff2d0e17132f56c93b63c69433a1') in 0.029393 seconds
  Import took 0.060780 seconds .

========================================================================
Received Import Request.
  Time since last request: 0.078379 seconds.
  path: Assets/AssetStoreOriginals/_SNAPS_PrototypingAssets/ModernOffice_Interior/Prefabs/Props/CeilingLights_01_snaps001.prefab
  artifactKey: Guid(83703d1837d1d4d4fa3dfdcb40a2c372) Importer(815301076,1909f56bfc062723c751e8b465ee728b)
Start importing Assets/AssetStoreOriginals/_SNAPS_PrototypingAssets/ModernOffice_Interior/Prefabs/Props/CeilingLights_01_snaps001.prefab using Guid(83703d1837d1d4d4fa3dfdcb40a2c372) Importer(815301076,1909f56bfc062723c751e8b465ee728b)  -> (artifact id: 'd33dff2d0e17132f56c93b63c69433a1') in 0.009392 seconds
  Import took 0.015436 seconds .

========================================================================
Received Import Request.
  Time since last request: 825.396416 seconds.
  path: Assets/AssetStoreOriginals/Sets - Gems/Prefabs/Gems - Crystal
  artifactKey: Guid(bc0bc30b347044d9096bd88d4f98a5b2) Importer(815301076,1909f56bfc062723c751e8b465ee728b)
Start importing Assets/AssetStoreOriginals/Sets - Gems/Prefabs/Gems - Crystal using Guid(bc0bc30b347044d9096bd88d4f98a5b2) Importer(815301076,1909f56bfc062723c751e8b465ee728b)  -> (artifact id: 'c8f1387ef700bed67e32a5c9feb6f720') in 0.056883 seconds
  Import took 0.086870 seconds .

========================================================================
Received Import Request.
  Time since last request: 2.538012 seconds.
  path: Assets/AssetStoreOriginals/Sets - Gems/Prefabs/Gems - Cyan
  artifactKey: Guid(7b9ef6ceb86f14048b34f83b64f53dc9) Importer(815301076,1909f56bfc062723c751e8b465ee728b)
Start importing Assets/AssetStoreOriginals/Sets - Gems/Prefabs/Gems - Cyan using Guid(7b9ef6ceb86f14048b34f83b64f53dc9) Importer(815301076,1909f56bfc062723c751e8b465ee728b)  -> (artifact id: '3f318bd347881eb54e016935b4f29953') in 0.017763 seconds
  Import took 0.046548 seconds .

========================================================================
Received Import Request.
  Time since last request: 0.012207 seconds.
  path: Assets/AssetStoreOriginals/Sets - Gems/Prefabs/Gems - Cyan
  artifactKey: Guid(7b9ef6ceb86f14048b34f83b64f53dc9) Importer(815301076,1909f56bfc062723c751e8b465ee728b)
Start importing Assets/AssetStoreOriginals/Sets - Gems/Prefabs/Gems - Cyan using Guid(7b9ef6ceb86f14048b34f83b64f53dc9) Importer(815301076,1909f56bfc062723c751e8b465ee728b)  -> (artifact id: '3f318bd347881eb54e016935b4f29953') in 0.001115 seconds
  Import took 0.006693 seconds .

========================================================================
Received Import Request.
  Time since last request: 9.368751 seconds.
  path: Assets/AssetStoreOriginals/Sets - Gems/Prefabs/Gems - Crystal/gem_09.prefab
  artifactKey: Guid(231437dfd2771496ba6d35859d3da69e) Importer(815301076,1909f56bfc062723c751e8b465ee728b)
Start importing Assets/AssetStoreOriginals/Sets - Gems/Prefabs/Gems - Crystal/gem_09.prefab using Guid(231437dfd2771496ba6d35859d3da69e) Importer(815301076,1909f56bfc062723c751e8b465ee728b)  -> (artifact id: 'adc5b2b5b6c72236264e0223fe064512') in 0.065282 seconds
  Import took 0.091801 seconds .

========================================================================
Received Import Request.
  Time since last request: 0.019582 seconds.
  path: Assets/AssetStoreOriginals/Sets - Gems/Prefabs/Gems - Crystal/gem_09.prefab
  artifactKey: Guid(231437dfd2771496ba6d35859d3da69e) Importer(815301076,1909f56bfc062723c751e8b465ee728b)
Start importing Assets/AssetStoreOriginals/Sets - Gems/Prefabs/Gems - Crystal/gem_09.prefab using Guid(231437dfd2771496ba6d35859d3da69e) Importer(815301076,1909f56bfc062723c751e8b465ee728b)  -> (artifact id: 'adc5b2b5b6c72236264e0223fe064512') in 0.012579 seconds
  Import took 0.018488 seconds .

========================================================================
Received Import Request.
  Time since last request: 0.635710 seconds.
  path: Assets/AssetStoreOriginals/Sets - Gems/Prefabs/Gems - Crystal/gem_16.prefab
  artifactKey: Guid(3c3bfcd803a714e3399490cf5f991de3) Importer(815301076,1909f56bfc062723c751e8b465ee728b)
Start importing Assets/AssetStoreOriginals/Sets - Gems/Prefabs/Gems - Crystal/gem_16.prefab using Guid(3c3bfcd803a714e3399490cf5f991de3) Importer(815301076,1909f56bfc062723c751e8b465ee728b)  -> (artifact id: '3e7ad2e48e2ba0dc23b12a494e184570') in 0.012774 seconds
  Import took 0.036002 seconds .

========================================================================
Received Import Request.
  Time since last request: 0.030012 seconds.
  path: Assets/AssetStoreOriginals/Sets - Gems/Prefabs/Gems - Crystal/gem_16.prefab
  artifactKey: Guid(3c3bfcd803a714e3399490cf5f991de3) Importer(815301076,1909f56bfc062723c751e8b465ee728b)
Start importing Assets/AssetStoreOriginals/Sets - Gems/Prefabs/Gems - Crystal/gem_16.prefab using Guid(3c3bfcd803a714e3399490cf5f991de3) Importer(815301076,1909f56bfc062723c751e8b465ee728b)  -> (artifact id: '3e7ad2e48e2ba0dc23b12a494e184570') in 0.013281 seconds
  Import took 0.018914 seconds .

========================================================================
Received Import Request.
  Time since last request: 1.009085 seconds.
  path: Assets/AssetStoreOriginals/Sets - Gems/Prefabs/Gems - Crystal/gem_18.prefab
  artifactKey: Guid(89d93f99498c54edd8592c29cf6d81ea) Importer(815301076,1909f56bfc062723c751e8b465ee728b)
Start importing Assets/AssetStoreOriginals/Sets - Gems/Prefabs/Gems - Crystal/gem_18.prefab using Guid(89d93f99498c54edd8592c29cf6d81ea) Importer(815301076,1909f56bfc062723c751e8b465ee728b)  -> (artifact id: '584e20a1d5912a7490f20f696f442cbc') in 0.032518 seconds
  Import took 0.060259 seconds .

========================================================================
Received Import Request.
  Time since last request: 0.002647 seconds.
  path: Assets/AssetStoreOriginals/Sets - Gems/Prefabs/Gems - Crystal/gem_18.prefab
  artifactKey: Guid(89d93f99498c54edd8592c29cf6d81ea) Importer(815301076,1909f56bfc062723c751e8b465ee728b)
Start importing Assets/AssetStoreOriginals/Sets - Gems/Prefabs/Gems - Crystal/gem_18.prefab using Guid(89d93f99498c54edd8592c29cf6d81ea) Importer(815301076,1909f56bfc062723c751e8b465ee728b)  -> (artifact id: '584e20a1d5912a7490f20f696f442cbc') in 0.012565 seconds
  Import took 0.018541 seconds .

========================================================================
Received Import Request.
  Time since last request: 0.914335 seconds.
  path: Assets/AssetStoreOriginals/Sets - Gems/Prefabs/Gems - Crystal/gem_17.prefab
  artifactKey: Guid(e38b99f7588d24092ae6bd4282256c5c) Importer(815301076,1909f56bfc062723c751e8b465ee728b)
Start importing Assets/AssetStoreOriginals/Sets - Gems/Prefabs/Gems - Crystal/gem_17.prefab using Guid(e38b99f7588d24092ae6bd4282256c5c) Importer(815301076,1909f56bfc062723c751e8b465ee728b)  -> (artifact id: 'f91a328b3285005357d4a1ea2101c441') in 0.013923 seconds
  Import took 0.036319 seconds .

========================================================================
Received Import Request.
  Time since last request: 0.038185 seconds.
  path: Assets/AssetStoreOriginals/Sets - Gems/Prefabs/Gems - Crystal/gem_17.prefab
  artifactKey: Guid(e38b99f7588d24092ae6bd4282256c5c) Importer(815301076,1909f56bfc062723c751e8b465ee728b)
Start importing Assets/AssetStoreOriginals/Sets - Gems/Prefabs/Gems - Crystal/gem_17.prefab using Guid(e38b99f7588d24092ae6bd4282256c5c) Importer(815301076,1909f56bfc062723c751e8b465ee728b)  -> (artifact id: 'f91a328b3285005357d4a1ea2101c441') in 0.014021 seconds
  Import took 0.020329 seconds .

========================================================================
Received Import Request.
  Time since last request: 0.632102 seconds.
  path: Assets/AssetStoreOriginals/Sets - Gems/Prefabs/Gems - Crystal/gem_15.prefab
  artifactKey: Guid(ddbad1d6dc4f645499d15ab07d756329) Importer(815301076,1909f56bfc062723c751e8b465ee728b)
Start importing Assets/AssetStoreOriginals/Sets - Gems/Prefabs/Gems - Crystal/gem_15.prefab using Guid(ddbad1d6dc4f645499d15ab07d756329) Importer(815301076,1909f56bfc062723c751e8b465ee728b)  -> (artifact id: '939d1eeecf7b62c7bcd4519c5a428c03') in 0.063346 seconds
  Import took 0.090279 seconds .

========================================================================
Received Import Request.
  Time since last request: 0.317623 seconds.
  path: Assets/AssetStoreOriginals/Sets - Gems/Prefabs/Gems - Crystal/gem_14.prefab
  artifactKey: Guid(288a6b24392d84240ab1fed6142a2fc5) Importer(815301076,1909f56bfc062723c751e8b465ee728b)
Start importing Assets/AssetStoreOriginals/Sets - Gems/Prefabs/Gems - Crystal/gem_14.prefab using Guid(288a6b24392d84240ab1fed6142a2fc5) Importer(815301076,1909f56bfc062723c751e8b465ee728b)  -> (artifact id: 'ac0e45e5b2e408021b976677e6771b60') in 0.014557 seconds
  Import took 0.047650 seconds .

========================================================================
Received Import Request.
  Time since last request: 0.016015 seconds.
  path: Assets/AssetStoreOriginals/Sets - Gems/Prefabs/Gems - Crystal/gem_14.prefab
  artifactKey: Guid(288a6b24392d84240ab1fed6142a2fc5) Importer(815301076,1909f56bfc062723c751e8b465ee728b)
Start importing Assets/AssetStoreOriginals/Sets - Gems/Prefabs/Gems - Crystal/gem_14.prefab using Guid(288a6b24392d84240ab1fed6142a2fc5) Importer(815301076,1909f56bfc062723c751e8b465ee728b)  -> (artifact id: 'ac0e45e5b2e408021b976677e6771b60') in 0.016969 seconds
  Import took 0.024048 seconds .

========================================================================
Received Import Request.
  Time since last request: 0.334274 seconds.
  path: Assets/AssetStoreOriginals/Sets - Gems/Prefabs/Gems - Crystal/gem_13.prefab
  artifactKey: Guid(de205152cb80c4d49840bb1753a9cbdc) Importer(815301076,1909f56bfc062723c751e8b465ee728b)
Start importing Assets/AssetStoreOriginals/Sets - Gems/Prefabs/Gems - Crystal/gem_13.prefab using Guid(de205152cb80c4d49840bb1753a9cbdc) Importer(815301076,1909f56bfc062723c751e8b465ee728b)  -> (artifact id: 'c2027ff4eec158dfa19f621d80df9934') in 0.029707 seconds
  Import took 0.052755 seconds .

========================================================================
Received Import Request.
  Time since last request: 0.085271 seconds.
  path: Assets/AssetStoreOriginals/Sets - Gems/Prefabs/Gems - Crystal/gem_13.prefab
  artifactKey: Guid(de205152cb80c4d49840bb1753a9cbdc) Importer(815301076,1909f56bfc062723c751e8b465ee728b)
Start importing Assets/AssetStoreOriginals/Sets - Gems/Prefabs/Gems - Crystal/gem_13.prefab using Guid(de205152cb80c4d49840bb1753a9cbdc) Importer(815301076,1909f56bfc062723c751e8b465ee728b)  -> (artifact id: 'c2027ff4eec158dfa19f621d80df9934') in 0.012926 seconds
  Import took 0.019863 seconds .

========================================================================
Received Import Request.
  Time since last request: 0.198022 seconds.
  path: Assets/AssetStoreOriginals/Sets - Gems/Prefabs/Gems - Crystal/gem_11.prefab
  artifactKey: Guid(1a6f53f6b14b24a96985dd923df66101) Importer(815301076,1909f56bfc062723c751e8b465ee728b)
Start importing Assets/AssetStoreOriginals/Sets - Gems/Prefabs/Gems - Crystal/gem_11.prefab using Guid(1a6f53f6b14b24a96985dd923df66101) Importer(815301076,1909f56bfc062723c751e8b465ee728b)  -> (artifact id: '82c7c2d0a629c697e8f690f3b96b62cd') in 0.033124 seconds
  Import took 0.056158 seconds .

========================================================================
Received Import Request.
  Time since last request: 0.031384 seconds.
  path: Assets/AssetStoreOriginals/Sets - Gems/Prefabs/Gems - Crystal/gem_11.prefab
  artifactKey: Guid(1a6f53f6b14b24a96985dd923df66101) Importer(815301076,1909f56bfc062723c751e8b465ee728b)
Start importing Assets/AssetStoreOriginals/Sets - Gems/Prefabs/Gems - Crystal/gem_11.prefab using Guid(1a6f53f6b14b24a96985dd923df66101) Importer(815301076,1909f56bfc062723c751e8b465ee728b)  -> (artifact id: '82c7c2d0a629c697e8f690f3b96b62cd') in 0.012993 seconds
  Import took 0.018785 seconds .

========================================================================
Received Import Request.
  Time since last request: 0.196293 seconds.
  path: Assets/AssetStoreOriginals/Sets - Gems/Prefabs/Gems - Crystal/gem_10.prefab
  artifactKey: Guid(a75eaff126a5a412f93fa5779d3ff2a3) Importer(815301076,1909f56bfc062723c751e8b465ee728b)
Start importing Assets/AssetStoreOriginals/Sets - Gems/Prefabs/Gems - Crystal/gem_10.prefab using Guid(a75eaff126a5a412f93fa5779d3ff2a3) Importer(815301076,1909f56bfc062723c751e8b465ee728b)  -> (artifact id: 'de8facd288544aac68103081aadd3fc5') in 0.013660 seconds
  Import took 0.037829 seconds .

========================================================================
Received Import Request.
  Time since last request: 0.050312 seconds.
  path: Assets/AssetStoreOriginals/Sets - Gems/Prefabs/Gems - Crystal/gem_10.prefab
  artifactKey: Guid(a75eaff126a5a412f93fa5779d3ff2a3) Importer(815301076,1909f56bfc062723c751e8b465ee728b)
Start importing Assets/AssetStoreOriginals/Sets - Gems/Prefabs/Gems - Crystal/gem_10.prefab using Guid(a75eaff126a5a412f93fa5779d3ff2a3) Importer(815301076,1909f56bfc062723c751e8b465ee728b)  -> (artifact id: 'de8facd288544aac68103081aadd3fc5') in 0.012720 seconds
  Import took 0.018594 seconds .

========================================================================
Received Import Request.
  Time since last request: 2.198443 seconds.
  path: Assets/AssetStoreOriginals/Sets - Gems/Prefabs/Gems - Crystal/gem_08.prefab
  artifactKey: Guid(f3eb35d92e3c24479b38c9ea4d2ad6fc) Importer(815301076,1909f56bfc062723c751e8b465ee728b)
Start importing Assets/AssetStoreOriginals/Sets - Gems/Prefabs/Gems - Crystal/gem_08.prefab using Guid(f3eb35d92e3c24479b38c9ea4d2ad6fc) Importer(815301076,1909f56bfc062723c751e8b465ee728b)  -> (artifact id: '95864eb06facd92b97c0393440e78d9c') in 0.028124 seconds
  Import took 0.057116 seconds .

========================================================================
Received Import Request.
  Time since last request: 0.086900 seconds.
  path: Assets/AssetStoreOriginals/Sets - Gems/Prefabs/Gems - Crystal/gem_08.prefab
  artifactKey: Guid(f3eb35d92e3c24479b38c9ea4d2ad6fc) Importer(815301076,1909f56bfc062723c751e8b465ee728b)
Start importing Assets/AssetStoreOriginals/Sets - Gems/Prefabs/Gems - Crystal/gem_08.prefab using Guid(f3eb35d92e3c24479b38c9ea4d2ad6fc) Importer(815301076,1909f56bfc062723c751e8b465ee728b)  -> (artifact id: '95864eb06facd92b97c0393440e78d9c') in 0.013992 seconds
  Import took 0.020406 seconds .

========================================================================
Received Import Request.
  Time since last request: 0.338141 seconds.
  path: Assets/AssetStoreOriginals/Sets - Gems/Prefabs/Gems - Crystal/gem_07.prefab
  artifactKey: Guid(ee0e2d669d84b4f8db5f54a283287047) Importer(815301076,1909f56bfc062723c751e8b465ee728b)
Start importing Assets/AssetStoreOriginals/Sets - Gems/Prefabs/Gems - Crystal/gem_07.prefab using Guid(ee0e2d669d84b4f8db5f54a283287047) Importer(815301076,1909f56bfc062723c751e8b465ee728b)  -> (artifact id: '68dd3e7ec8f4e1a16a07f49804757ae6') in 0.011827 seconds
  Import took 0.036101 seconds .

========================================================================
Received Import Request.
  Time since last request: 0.077930 seconds.
  path: Assets/AssetStoreOriginals/Sets - Gems/Prefabs/Gems - Crystal/gem_07.prefab
  artifactKey: Guid(ee0e2d669d84b4f8db5f54a283287047) Importer(815301076,1909f56bfc062723c751e8b465ee728b)
Start importing Assets/AssetStoreOriginals/Sets - Gems/Prefabs/Gems - Crystal/gem_07.prefab using Guid(ee0e2d669d84b4f8db5f54a283287047) Importer(815301076,1909f56bfc062723c751e8b465ee728b)  -> (artifact id: '68dd3e7ec8f4e1a16a07f49804757ae6') in 0.012637 seconds
  Import took 0.018840 seconds .

========================================================================
Received Prepare
Registering precompiled user dll's ...
Registered in 0.041864 seconds.
Begin MonoManager ReloadAssembly
Native extension for LinuxStandalone target not found
Native extension for WindowsStandalone target not found
Native extension for OSXStandalone target not found
Native extension for WebGL target not found
Refreshing native plugins compatible for Editor in 0.93 ms, found 1 plugins.
Preloading 0 native plugins for Editor in 0.00 ms.
Warning: Annotation not found!
UnityEngine.StackTraceUtility:ExtractStackTrace () (at /Users/bokken/buildslave/unity/build/Runtime/Export/Scripting/StackTrace.cs:37)
UnityEditor.ProBuilder.EditorUtility:SetGizmoIconEnabled (System.Type,bool) (at Library/PackageCache/com.unity.probuilder@5.0.3/Editor/EditorCore/EditorUtility.cs:575)
UnityEditor.ProBuilder.HierarchyListener:.cctor () (at Library/PackageCache/com.unity.probuilder@5.0.3/Editor/EditorCore/HierarchyListener.cs:21)
System.Runtime.CompilerServices.RuntimeHelpers:RunClassConstructor (System.RuntimeTypeHandle)
UnityEditor.EditorAssemblies:ProcessInitializeOnLoadAttributes (System.Type[]) (at /Users/bokken/buildslave/unity/build/Editor/Mono/EditorAssemblies.cs:114)

[Library/PackageCache/com.unity.probuilder@5.0.3/Editor/EditorCore/EditorUtility.cs line 575]

Invoked RoslynAnalysisRunner static constructor.
RoslynAnalysisRunner will not be running.
RoslynAnalysisRunner has terminated.
Mono: successfully reloaded assembly
- Completed reload, in  2.855 seconds
Platform modules already initialized, skipping
Refreshing native plugins compatible for Editor in 0.71 ms, found 1 plugins.
Preloading 0 native plugins for Editor in 0.00 ms.
Unloading 2538 Unused Serialized files (Serialized files now loaded: 0)
System memory in use before: 192.6 MB.
System memory in use after: 192.3 MB.

Unloading 9 unused Assets to reduce memory usage. Loaded Objects now: 3064.
Total: 3.545733 ms (FindLiveObjects: 0.351357 ms CreateObjectMapping: 0.119680 ms MarkObjects: 2.463383 ms  DeleteObjects: 0.609183 ms)

