Using pre-set license

 COMMAND LINE ARGUMENTS:
/Users/ctheard/OneDrive/Documents/Unity Build/2020.2.2f1/Unity.app/Contents/MacOS/Unity
-adb2
-batchMode
-noUpm
-name
AssetImportWorker0
-projectPath
/Users/ctheard/OneDrive/Documents/Unity Build/HiddenThief/Hidden_Thief
-logFile
Logs/AssetImportWorker0.log
-srvPort
49754
Successfully changed project path to: /Users/ctheard/OneDrive/Documents/Unity Build/HiddenThief/Hidden_Thief
/Users/ctheard/OneDrive/Documents/Unity Build/HiddenThief/Hidden_Thief
Using Asset Import Pipeline V2.
Refreshing native plugins compatible for Editor in 50.61 ms, found 1 plugins.
Preloading 0 native plugins for Editor in 0.00 ms.
Initialize engine version: 2020.2.2f1 (068178b99f32)
[Subsystems] Discovering subsystems at path /Users/ctheard/OneDrive/Documents/Unity Build/2020.2.2f1/Unity.app/Contents/Resources/UnitySubsystems
[Subsystems] Discovering subsystems at path /Users/ctheard/OneDrive/Documents/Unity Build/HiddenThief/Hidden_Thief/Assets
GfxDevice: creating device client; threaded=0
Renderer: AMD Radeon HD 6770M OpenGL Engine
Vendor:   ATI Technologies Inc.
Version:  4.1 ATI-1.68.25
GLES:     0
 GL_ARB_blend_func_extended GL_ARB_draw_buffers_blend GL_ARB_draw_indirect GL_ARB_ES2_compatibility GL_ARB_explicit_attrib_location GL_ARB_gpu_shader5 GL_ARB_instanced_arrays GL_ARB_internalformat_query GL_ARB_occlusion_query2 GL_ARB_sample_shading GL_ARB_sampler_objects GL_ARB_separate_shader_objects GL_ARB_shader_bit_encoding GL_ARB_shader_subroutine GL_ARB_shading_language_include GL_ARB_tessellation_shader GL_ARB_texture_buffer_object_rgb32 GL_ARB_texture_cube_map_array GL_ARB_texture_gather GL_ARB_texture_query_lod GL_ARB_texture_rgb10_a2ui GL_ARB_texture_storage GL_ARB_texture_swizzle GL_ARB_timer_query GL_ARB_transform_feedback2 GL_ARB_transform_feedback3 GL_ARB_vertex_type_2_10_10_10_rev GL_ARB_viewport_array GL_EXT_debug_label GL_EXT_debug_marker GL_EXT_texture_compression_s3tc GL_EXT_texture_filter_anisotropic GL_EXT_texture_mirror_clamp GL_EXT_texture_sRGB_decode GL_APPLE_client_storage GL_APPLE_container_object_shareable GL_APPLE_flush_render GL_APPLE_object_purgeable GL_APPLE_rgb_422 GL_APPLE_ro
w_bytes GL_APPLE_texture_range GL_ATI_texture_mirror_once GL_NV_texture_barrier
OPENGL LOG: Creating OpenGL 4.1 graphics device ; Context level  <OpenGL 4.1> ; Context handle -1140737024
Initialize mono
Mono path[0] = '/Users/ctheard/OneDrive/Documents/Unity Build/2020.2.2f1/Unity.app/Contents/Managed'
Mono path[1] = '/Users/ctheard/OneDrive/Documents/Unity Build/2020.2.2f1/Unity.app/Contents/MonoBleedingEdge/lib/mono/unityjit'
Mono config path = '/Users/ctheard/OneDrive/Documents/Unity Build/2020.2.2f1/Unity.app/Contents/MonoBleedingEdge/etc'
Using monoOptions --debugger-agent=transport=dt_socket,embedding=1,server=y,suspend=n,address=127.0.0.1:56543
Begin MonoManager ReloadAssembly
Registering precompiled unity dll's ...
Register platform support module: /Users/ctheard/OneDrive/Documents/Unity Build/2020.2.2f1/PlaybackEngines/WebGLSupport/UnityEditor.WebGL.Extensions.dll
Register platform support module: /Users/ctheard/OneDrive/Documents/Unity Build/2020.2.2f1/Unity.app/Contents/PlaybackEngines/MacStandaloneSupport/UnityEditor.OSXStandalone.Extensions.dll
Register platform support module: /Users/ctheard/OneDrive/Documents/Unity Build/2020.2.2f1/PlaybackEngines/WindowsStandaloneSupport/UnityEditor.WindowsStandalone.Extensions.dll
Register platform support module: /Users/ctheard/OneDrive/Documents/Unity Build/2020.2.2f1/PlaybackEngines/LinuxStandaloneSupport/UnityEditor.LinuxStandalone.Extensions.dll
Register platform support module: /Users/ctheard/OneDrive/Documents/Unity Build/2020.2.2f1/PlaybackEngines/LuminSupport/UnityEditor.Lumin.Extensions.dll
Registered in 0.001782 seconds.
Native extension for Lumin target not found
Native extension for LinuxStandalone target not found
Native extension for WindowsStandalone target not found
Native extension for OSXStandalone target not found
Native extension for WebGL target not found
Refreshing native plugins compatible for Editor in 44.34 ms, found 1 plugins.
Preloading 0 native plugins for Editor in 0.00 ms.
Invoked RoslynAnalysisRunner static constructor.
RoslynAnalysisRunner will not be running.
RoslynAnalysisRunner has terminated.
Mono: successfully reloaded assembly
- Completed reload, in  9.442 seconds
Platform modules already initialized, skipping
Registering precompiled user dll's ...
Registered in 0.000550 seconds.
Begin MonoManager ReloadAssembly
Native extension for Lumin target not found
Native extension for LinuxStandalone target not found
Native extension for WindowsStandalone target not found
Native extension for OSXStandalone target not found
Native extension for WebGL target not found
Refreshing native plugins compatible for Editor in 0.34 ms, found 1 plugins.
Preloading 0 native plugins for Editor in 0.00 ms.
Invoked RoslynAnalysisRunner static constructor.
RoslynAnalysisRunner will not be running.
RoslynAnalysisRunner has terminated.
Mono: successfully reloaded assembly
- Completed reload, in  1.496 seconds
Platform modules already initialized, skipping
========================================================================
Worker process is ready to serve import requests
Launching external process: /Users/ctheard/OneDrive/Documents/Unity Build/2020.2.2f1/Unity.app/Contents/Tools/UnityShaderCompiler
Launched and connected shader compiler UnityShaderCompiler after 0.02 seconds
Refreshing native plugins compatible for Editor in 0.34 ms, found 1 plugins.
Preloading 0 native plugins for Editor in 0.00 ms.
Unloading 1207 Unused Serialized files (Serialized files now loaded: 0)
System memory in use before: 122.8 MB.
System memory in use after: 122.4 MB.

Unloading 12 unused Assets to reduce memory usage. Loaded Objects now: 1653.
Total: 2.376420 ms (FindLiveObjects: 0.176183 ms CreateObjectMapping: 0.049209 ms MarkObjects: 1.610327 ms  DeleteObjects: 0.539522 ms)

========================================================================
Received Import Request.
  path: Assets/_Scripts/Controller.cs
  artifactKey: Guid(a694da651b19f4cd2b4682d182af859b) Importer(815301076,1909f56bfc062723c751e8b465ee728b)
Start importing Assets/_Scripts/Controller.cs using Guid(a694da651b19f4cd2b4682d182af859b) Importer(815301076,1909f56bfc062723c751e8b465ee728b)  -> (artifact id: 'bdfb6b2864d19d42a364080a1c3094fa') in 0.551963 seconds
  Import took 0.720372 seconds .

========================================================================
Received Prepare
Registering precompiled user dll's ...
Registered in 0.000563 seconds.
Begin MonoManager ReloadAssembly
Native extension for Lumin target not found
Native extension for LinuxStandalone target not found
Native extension for WindowsStandalone target not found
Native extension for OSXStandalone target not found
Native extension for WebGL target not found
Refreshing native plugins compatible for Editor in 0.39 ms, found 1 plugins.
Preloading 0 native plugins for Editor in 0.00 ms.
Invoked RoslynAnalysisRunner static constructor.
RoslynAnalysisRunner will not be running.
RoslynAnalysisRunner has terminated.
Mono: successfully reloaded assembly
- Completed reload, in  1.344 seconds
Platform modules already initialized, skipping
Refreshing native plugins compatible for Editor in 0.32 ms, found 1 plugins.
Preloading 0 native plugins for Editor in 0.00 ms.
Unloading 1187 Unused Serialized files (Serialized files now loaded: 0)
System memory in use before: 123.8 MB.
System memory in use after: 123.4 MB.

Unloading 7 unused Assets to reduce memory usage. Loaded Objects now: 1655.
Total: 2.245067 ms (FindLiveObjects: 0.173869 ms CreateObjectMapping: 0.048457 ms MarkObjects: 1.488320 ms  DeleteObjects: 0.532490 ms)

========================================================================
Received Import Request.
  Time since last request: 192.005722 seconds.
  path: Assets/_Scripts/Controller.cs
  artifactKey: Guid(a694da651b19f4cd2b4682d182af859b) Importer(815301076,1909f56bfc062723c751e8b465ee728b)
Start importing Assets/_Scripts/Controller.cs using Guid(a694da651b19f4cd2b4682d182af859b) Importer(815301076,1909f56bfc062723c751e8b465ee728b)  -> (artifact id: '85d88b928e4d2e32c0fe43261dc13e93') in 0.083227 seconds
  Import took 0.109917 seconds .

========================================================================
Received Prepare
Registering precompiled user dll's ...
Registered in 0.000587 seconds.
Begin MonoManager ReloadAssembly
Native extension for Lumin target not found
Native extension for LinuxStandalone target not found
Native extension for WindowsStandalone target not found
Native extension for OSXStandalone target not found
Native extension for WebGL target not found
Refreshing native plugins compatible for Editor in 0.34 ms, found 1 plugins.
Preloading 0 native plugins for Editor in 0.00 ms.
Invoked RoslynAnalysisRunner static constructor.
RoslynAnalysisRunner will not be running.
RoslynAnalysisRunner has terminated.
Mono: successfully reloaded assembly
- Completed reload, in  1.309 seconds
Platform modules already initialized, skipping
Refreshing native plugins compatible for Editor in 0.34 ms, found 1 plugins.
Preloading 0 native plugins for Editor in 0.00 ms.
Unloading 1187 Unused Serialized files (Serialized files now loaded: 0)
System memory in use before: 124.0 MB.
System memory in use after: 123.6 MB.

Unloading 7 unused Assets to reduce memory usage. Loaded Objects now: 1657.
Total: 2.381310 ms (FindLiveObjects: 0.188996 ms CreateObjectMapping: 0.053634 ms MarkObjects: 1.532887 ms  DeleteObjects: 0.604081 ms)

========================================================================
Received Prepare
Registering precompiled user dll's ...
Registered in 0.000620 seconds.
Begin MonoManager ReloadAssembly
Native extension for Lumin target not found
Native extension for LinuxStandalone target not found
Native extension for WindowsStandalone target not found
Native extension for OSXStandalone target not found
Native extension for WebGL target not found
Refreshing native plugins compatible for Editor in 0.35 ms, found 1 plugins.
Preloading 0 native plugins for Editor in 0.00 ms.
Invoked RoslynAnalysisRunner static constructor.
RoslynAnalysisRunner will not be running.
RoslynAnalysisRunner has terminated.
Mono: successfully reloaded assembly
- Completed reload, in  1.180 seconds
Platform modules already initialized, skipping
Refreshing native plugins compatible for Editor in 0.31 ms, found 1 plugins.
Preloading 0 native plugins for Editor in 0.00 ms.
Unloading 1187 Unused Serialized files (Serialized files now loaded: 0)
System memory in use before: 124.2 MB.
System memory in use after: 123.8 MB.

Unloading 7 unused Assets to reduce memory usage. Loaded Objects now: 1659.
Total: 2.591167 ms (FindLiveObjects: 0.170048 ms CreateObjectMapping: 0.064558 ms MarkObjects: 1.671601 ms  DeleteObjects: 0.683355 ms)

