Using pre-set license

 COMMAND LINE ARGUMENTS:
/Users/ctheard/OneDrive/Documents/Unity Build/2020.2.7f1/Unity.app/Contents/MacOS/Unity
-adb2
-batchMode
-noUpm
-name
AssetImportWorker1
-projectPath
/Users/ctheard/OneDrive/Documents/Unity Build/HiddenThief/Hidden_Thief
-logFile
Logs/AssetImportWorker1.log
-srvPort
56241
Successfully changed project path to: /Users/ctheard/OneDrive/Documents/Unity Build/HiddenThief/Hidden_Thief
/Users/ctheard/OneDrive/Documents/Unity Build/HiddenThief/Hidden_Thief
Using Asset Import Pipeline V2.
Refreshing native plugins compatible for Editor in 94.79 ms, found 1 plugins.
Preloading 0 native plugins for Editor in 0.00 ms.
Initialize engine version: 2020.2.7f1 (c53830e277f1)
[Subsystems] Discovering subsystems at path /Users/ctheard/OneDrive/Documents/Unity Build/2020.2.7f1/Unity.app/Contents/Resources/UnitySubsystems
[Subsystems] Discovering subsystems at path /Users/ctheard/OneDrive/Documents/Unity Build/HiddenThief/Hidden_Thief/Assets
GfxDevice: creating device client; threaded=0
Renderer: AMD Radeon HD 6770M OpenGL Engine
Vendor:   ATI Technologies Inc.
Version:  4.1 ATI-1.68.25
GLES:     0
 GL_ARB_blend_func_extended GL_ARB_draw_buffers_blend GL_ARB_draw_indirect GL_ARB_ES2_compatibility GL_ARB_explicit_attrib_location GL_ARB_gpu_shader5 GL_ARB_instanced_arrays GL_ARB_internalformat_query GL_ARB_occlusion_query2 GL_ARB_sample_shading GL_ARB_sampler_objects GL_ARB_separate_shader_objects GL_ARB_shader_bit_encoding GL_ARB_shader_subroutine GL_ARB_shading_language_include GL_ARB_tessellation_shader GL_ARB_texture_buffer_object_rgb32 GL_ARB_texture_cube_map_array GL_ARB_texture_gather GL_ARB_texture_query_lod GL_ARB_texture_rgb10_a2ui GL_ARB_texture_storage GL_ARB_texture_swizzle GL_ARB_timer_query GL_ARB_transform_feedback2 GL_ARB_transform_feedback3 GL_ARB_vertex_type_2_10_10_10_rev GL_ARB_viewport_array GL_EXT_debug_label GL_EXT_debug_marker GL_EXT_texture_compression_s3tc GL_EXT_texture_filter_anisotropic GL_EXT_texture_mirror_clamp GL_EXT_texture_sRGB_decode GL_APPLE_client_storage GL_APPLE_container_object_shareable GL_APPLE_flush_render GL_APPLE_object_purgeable GL_APPLE_rgb_422 GL_APPLE_ro
w_bytes GL_APPLE_texture_range GL_ATI_texture_mirror_once GL_NV_texture_barrier
OPENGL LOG: Creating OpenGL 4.1 graphics device ; Context level  <OpenGL 4.1> ; Context handle 923269120
Initialize mono
Mono path[0] = '/Users/ctheard/OneDrive/Documents/Unity Build/2020.2.7f1/Unity.app/Contents/Managed'
Mono path[1] = '/Users/ctheard/OneDrive/Documents/Unity Build/2020.2.7f1/Unity.app/Contents/MonoBleedingEdge/lib/mono/unityjit'
Mono config path = '/Users/ctheard/OneDrive/Documents/Unity Build/2020.2.7f1/Unity.app/Contents/MonoBleedingEdge/etc'
Using monoOptions --debugger-agent=transport=dt_socket,embedding=1,server=y,suspend=n,address=127.0.0.1:56394
Begin MonoManager ReloadAssembly
Registering precompiled unity dll's ...
Register platform support module: /Users/ctheard/OneDrive/Documents/Unity Build/2020.2.7f1/PlaybackEngines/WebGLSupport/UnityEditor.WebGL.Extensions.dll
Register platform support module: /Users/ctheard/OneDrive/Documents/Unity Build/2020.2.7f1/Unity.app/Contents/PlaybackEngines/MacStandaloneSupport/UnityEditor.OSXStandalone.Extensions.dll
Register platform support module: /Users/ctheard/OneDrive/Documents/Unity Build/2020.2.7f1/PlaybackEngines/WindowsStandaloneSupport/UnityEditor.WindowsStandalone.Extensions.dll
Register platform support module: /Users/ctheard/OneDrive/Documents/Unity Build/2020.2.7f1/PlaybackEngines/LinuxStandaloneSupport/UnityEditor.LinuxStandalone.Extensions.dll
Registered in 0.001321 seconds.
Native extension for LinuxStandalone target not found
Native extension for WindowsStandalone target not found
Native extension for OSXStandalone target not found
Native extension for WebGL target not found
Refreshing native plugins compatible for Editor in 88.47 ms, found 1 plugins.
Preloading 0 native plugins for Editor in 0.00 ms.
Invoked RoslynAnalysisRunner static constructor.
RoslynAnalysisRunner will not be running.
RoslynAnalysisRunner has terminated.
Mono: successfully reloaded assembly
- Completed reload, in  4.663 seconds
Platform modules already initialized, skipping
Registering precompiled user dll's ...
Registered in 0.000998 seconds.
Begin MonoManager ReloadAssembly
Native extension for LinuxStandalone target not found
Native extension for WindowsStandalone target not found
Native extension for OSXStandalone target not found
Native extension for WebGL target not found
Refreshing native plugins compatible for Editor in 92.81 ms, found 1 plugins.
Preloading 0 native plugins for Editor in 0.00 ms.
Invoked RoslynAnalysisRunner static constructor.
RoslynAnalysisRunner will not be running.
RoslynAnalysisRunner has terminated.
Mono: successfully reloaded assembly
- Completed reload, in  3.012 seconds
Platform modules already initialized, skipping
========================================================================
Worker process is ready to serve import requests
Launching external process: /Users/ctheard/OneDrive/Documents/Unity Build/2020.2.7f1/Unity.app/Contents/Tools/UnityShaderCompiler
Launched and connected shader compiler UnityShaderCompiler after 0.02 seconds
Refreshing native plugins compatible for Editor in 0.79 ms, found 1 plugins.
Preloading 0 native plugins for Editor in 0.00 ms.
Unloading 2596 Unused Serialized files (Serialized files now loaded: 0)
System memory in use before: 181.4 MB.
System memory in use after: 181.2 MB.

Unloading 137 unused Assets to reduce memory usage. Loaded Objects now: 3037.
Total: 4.814160 ms (FindLiveObjects: 0.369256 ms CreateObjectMapping: 0.131713 ms MarkObjects: 3.269394 ms  DeleteObjects: 1.041804 ms)

========================================================================
Received Import Request.
  path: Assets/_Scenes/Level1.unity
  artifactKey: Guid(6c2dddd28ac12494188739a58bca1fcd) Importer(815301076,1909f56bfc062723c751e8b465ee728b)
Start importing Assets/_Scenes/Level1.unity using Guid(6c2dddd28ac12494188739a58bca1fcd) Importer(815301076,1909f56bfc062723c751e8b465ee728b)  -> (artifact id: 'ce8f75b13e71fcf6fb337bff2678508a') in 0.034139 seconds
  Import took 0.071842 seconds .

========================================================================
Received Import Request.
  Time since last request: 0.000360 seconds.
  path: Assets/AssetStoreOriginals/_SNAPS_PrototypingAssets/About/Readme.asset
  artifactKey: Guid(83c2ed844a8c74b779a4c823d16594b1) Importer(815301076,1909f56bfc062723c751e8b465ee728b)
Start importing Assets/AssetStoreOriginals/_SNAPS_PrototypingAssets/About/Readme.asset using Guid(83c2ed844a8c74b779a4c823d16594b1) Importer(815301076,1909f56bfc062723c751e8b465ee728b)  -> (artifact id: '080108d504f1a1ef4d4594be615bb359') in 0.631240 seconds
  Import took 0.671355 seconds .

========================================================================
Received Import Request.
  Time since last request: 82.209609 seconds.
  path: Assets/AssetStoreOriginals/_SNAPS_PrototypingAssets/ModernOffice_Interior/Prefabs/Structure/Floors_Ceilings/Neo_Floor_Ceiling_02_snaps001.prefab
  artifactKey: Guid(80a50c557bdf28d4bab26b2e0797562b) Importer(815301076,1909f56bfc062723c751e8b465ee728b)
Start importing Assets/AssetStoreOriginals/_SNAPS_PrototypingAssets/ModernOffice_Interior/Prefabs/Structure/Floors_Ceilings/Neo_Floor_Ceiling_02_snaps001.prefab using Guid(80a50c557bdf28d4bab26b2e0797562b) Importer(815301076,1909f56bfc062723c751e8b465ee728b)  -> (artifact id: '05a7c88f1942e43d34efa9a278a0cbd6') in 0.374031 seconds
  Import took 0.405080 seconds .

========================================================================
Received Import Request.
  Time since last request: 609.360926 seconds.
  path: Assets/AssetStoreOriginals/_SNAPS_PrototypingAssets/ModernOffice_Interior/Prefabs/Structure/Walls/Meshes/Classic_Wall_Corner_Collider.asset
  artifactKey: Guid(be8ec965565887f47b2aab11dbc5e32e) Importer(815301076,1909f56bfc062723c751e8b465ee728b)
Start importing Assets/AssetStoreOriginals/_SNAPS_PrototypingAssets/ModernOffice_Interior/Prefabs/Structure/Walls/Meshes/Classic_Wall_Corner_Collider.asset using Guid(be8ec965565887f47b2aab11dbc5e32e) Importer(815301076,1909f56bfc062723c751e8b465ee728b)  -> (artifact id: '8fbb53fe4a03c9550d24f8fef364fc26') in 0.161491 seconds
  Import took 0.204370 seconds .

========================================================================
Received Import Request.
  Time since last request: 0.000329 seconds.
  path: Assets/AssetStoreOriginals/_SNAPS_PrototypingAssets/ModernOffice_Interior/Prefabs/Structure/Walls/Meshes/Classic_Wall_snaps001.asset
  artifactKey: Guid(39e403d23447c6040817ac66ba9d8761) Importer(815301076,1909f56bfc062723c751e8b465ee728b)
Start importing Assets/AssetStoreOriginals/_SNAPS_PrototypingAssets/ModernOffice_Interior/Prefabs/Structure/Walls/Meshes/Classic_Wall_snaps001.asset using Guid(39e403d23447c6040817ac66ba9d8761) Importer(815301076,1909f56bfc062723c751e8b465ee728b)  -> (artifact id: '4289a78c7df830105a22fb2d458a52c9') in 0.081927 seconds
  Import took 0.111030 seconds .

========================================================================
Received Import Request.
  Time since last request: 0.000368 seconds.
  path: Assets/AssetStoreOriginals/_SNAPS_PrototypingAssets/ModernOffice_Interior/Prefabs/Structure/Walls/Meshes/Classic_Wall_Joint_Collider.asset
  artifactKey: Guid(8de2b7318da95d9439eebf952c42445a) Importer(815301076,1909f56bfc062723c751e8b465ee728b)
Start importing Assets/AssetStoreOriginals/_SNAPS_PrototypingAssets/ModernOffice_Interior/Prefabs/Structure/Walls/Meshes/Classic_Wall_Joint_Collider.asset using Guid(8de2b7318da95d9439eebf952c42445a) Importer(815301076,1909f56bfc062723c751e8b465ee728b)  -> (artifact id: 'c9b06d3eb70b845331bc24cb37180656') in 0.057469 seconds
  Import took 0.083587 seconds .

========================================================================
Received Import Request.
  Time since last request: 0.000295 seconds.
  path: Assets/AssetStoreOriginals/_SNAPS_PrototypingAssets/ModernOffice_Interior/Prefabs/Structure/Walls/Meshes/Classic_WallWindow_01_snaps001.asset
  artifactKey: Guid(db5c515faad4cfa479643a2e41dd0730) Importer(815301076,1909f56bfc062723c751e8b465ee728b)
Start importing Assets/AssetStoreOriginals/_SNAPS_PrototypingAssets/ModernOffice_Interior/Prefabs/Structure/Walls/Meshes/Classic_WallWindow_01_snaps001.asset using Guid(db5c515faad4cfa479643a2e41dd0730) Importer(815301076,1909f56bfc062723c751e8b465ee728b)  -> (artifact id: 'bd309714f06057040e71001500874dd6') in 0.056336 seconds
  Import took 0.087550 seconds .

========================================================================
Received Import Request.
  Time since last request: 0.000291 seconds.
  path: Assets/AssetStoreOriginals/_SNAPS_PrototypingAssets/ModernOffice_Interior/Prefabs/Structure/Walls/Meshes/Classic_Wall_Corner_snaps001.asset
  artifactKey: Guid(c9995f8e7c1b99a4ca6e8a170e2a28fa) Importer(815301076,1909f56bfc062723c751e8b465ee728b)
Start importing Assets/AssetStoreOriginals/_SNAPS_PrototypingAssets/ModernOffice_Interior/Prefabs/Structure/Walls/Meshes/Classic_Wall_Corner_snaps001.asset using Guid(c9995f8e7c1b99a4ca6e8a170e2a28fa) Importer(815301076,1909f56bfc062723c751e8b465ee728b)  -> (artifact id: 'b6fcfa2ba2adaa5fa8904e20e3a4d26f') in 0.058704 seconds
  Import took 0.065579 seconds .

========================================================================
Received Import Request.
  Time since last request: 0.000281 seconds.
  path: Assets/AssetStoreOriginals/_SNAPS_PrototypingAssets/ModernOffice_Interior/Prefabs/Structure/Walls/Meshes/Classic_WallDoubleDoors_01_snaps001.asset
  artifactKey: Guid(c71cc61f903f0c44ebb7c458fb25f066) Importer(815301076,1909f56bfc062723c751e8b465ee728b)
Start importing Assets/AssetStoreOriginals/_SNAPS_PrototypingAssets/ModernOffice_Interior/Prefabs/Structure/Walls/Meshes/Classic_WallDoubleDoors_01_snaps001.asset using Guid(c71cc61f903f0c44ebb7c458fb25f066) Importer(815301076,1909f56bfc062723c751e8b465ee728b)  -> (artifact id: '4837412c307aeac86f5635f1cb1e8588') in 0.057149 seconds
  Import took 0.090825 seconds .

========================================================================
Received Import Request.
  Time since last request: 0.000361 seconds.
  path: Assets/AssetStoreOriginals/_SNAPS_PrototypingAssets/ModernOffice_Interior/Prefabs/Structure/Walls/Meshes/Classic_WallDoorFrame_01_snaps001.asset
  artifactKey: Guid(565084c6683627f49b758e030151154f) Importer(815301076,1909f56bfc062723c751e8b465ee728b)
Start importing Assets/AssetStoreOriginals/_SNAPS_PrototypingAssets/ModernOffice_Interior/Prefabs/Structure/Walls/Meshes/Classic_WallDoorFrame_01_snaps001.asset using Guid(565084c6683627f49b758e030151154f) Importer(815301076,1909f56bfc062723c751e8b465ee728b)  -> (artifact id: '94bd50da9771bbcf76bb206a86bd2e87') in 0.032965 seconds
  Import took 0.039698 seconds .

========================================================================
Received Import Request.
  Time since last request: 0.000321 seconds.
  path: Assets/AssetStoreOriginals/_SNAPS_PrototypingAssets/ModernOffice_Interior/Prefabs/Structure/Walls/Meshes/Classic_WallDoorFrame_02_snaps001.asset
  artifactKey: Guid(8278e9bd375fa3747a43963642d881b4) Importer(815301076,1909f56bfc062723c751e8b465ee728b)
Start importing Assets/AssetStoreOriginals/_SNAPS_PrototypingAssets/ModernOffice_Interior/Prefabs/Structure/Walls/Meshes/Classic_WallDoorFrame_02_snaps001.asset using Guid(8278e9bd375fa3747a43963642d881b4) Importer(815301076,1909f56bfc062723c751e8b465ee728b)  -> (artifact id: '98a34c29b7f01eb4f298a051992f7f18') in 0.041518 seconds
  Import took 0.047989 seconds .

========================================================================
Received Import Request.
  Time since last request: 0.000316 seconds.
  path: Assets/AssetStoreOriginals/_SNAPS_PrototypingAssets/ModernOffice_Interior/Prefabs/Structure/Walls/Meshes/Classic_Wall_Joint_snaps001.asset
  artifactKey: Guid(897451ec1a606994893e0efee9376d90) Importer(815301076,1909f56bfc062723c751e8b465ee728b)
Start importing Assets/AssetStoreOriginals/_SNAPS_PrototypingAssets/ModernOffice_Interior/Prefabs/Structure/Walls/Meshes/Classic_Wall_Joint_snaps001.asset using Guid(897451ec1a606994893e0efee9376d90) Importer(815301076,1909f56bfc062723c751e8b465ee728b)  -> (artifact id: '9298f67c4d28b731db34b8032e2e51ef') in 0.021467 seconds
  Import took 0.027245 seconds .

========================================================================
Received Import Request.
  Time since last request: 0.000457 seconds.
  path: Assets/AssetStoreOriginals/_SNAPS_PrototypingAssets/ModernOffice_Interior/Prefabs/Structure/Walls/Meshes/Classic_WallDoorFrame_01_Collider.asset
  artifactKey: Guid(a6b0f648a3b838244a6bb0a13bbed428) Importer(815301076,1909f56bfc062723c751e8b465ee728b)
Start importing Assets/AssetStoreOriginals/_SNAPS_PrototypingAssets/ModernOffice_Interior/Prefabs/Structure/Walls/Meshes/Classic_WallDoorFrame_01_Collider.asset using Guid(a6b0f648a3b838244a6bb0a13bbed428) Importer(815301076,1909f56bfc062723c751e8b465ee728b)  -> (artifact id: 'c416bdf46aaf707de759b28dfe87b270') in 0.014339 seconds
  Import took 0.043526 seconds .

========================================================================
Received Import Request.
  Time since last request: 0.000355 seconds.
  path: Assets/AssetStoreOriginals/_SNAPS_PrototypingAssets/ModernOffice_Interior/Prefabs/Structure/Walls/Meshes/Classic_WallDoubleDoorFrame_01_snaps001.asset
  artifactKey: Guid(21bae7557bef4c44e9c2e1be3729e28a) Importer(815301076,1909f56bfc062723c751e8b465ee728b)
Start importing Assets/AssetStoreOriginals/_SNAPS_PrototypingAssets/ModernOffice_Interior/Prefabs/Structure/Walls/Meshes/Classic_WallDoubleDoorFrame_01_snaps001.asset using Guid(21bae7557bef4c44e9c2e1be3729e28a) Importer(815301076,1909f56bfc062723c751e8b465ee728b)  -> (artifact id: '5cc059122e43b6d7a66177b17cf8b9c9') in 0.038788 seconds
  Import took 0.044945 seconds .

========================================================================
Received Import Request.
  Time since last request: 0.000391 seconds.
  path: Assets/AssetStoreOriginals/_SNAPS_PrototypingAssets/ModernOffice_Interior/Prefabs/Structure/Walls/Meshes/Classic_WallDoor_01_snaps001.asset
  artifactKey: Guid(c9ff1c63b1d77b047981b5faeb29222f) Importer(815301076,1909f56bfc062723c751e8b465ee728b)
Start importing Assets/AssetStoreOriginals/_SNAPS_PrototypingAssets/ModernOffice_Interior/Prefabs/Structure/Walls/Meshes/Classic_WallDoor_01_snaps001.asset using Guid(c9ff1c63b1d77b047981b5faeb29222f) Importer(815301076,1909f56bfc062723c751e8b465ee728b)  -> (artifact id: '80a276b24f568fc5d885dbef0069b97f') in 0.032147 seconds
  Import took 0.037994 seconds .

========================================================================
Received Import Request.
  Time since last request: 0.000344 seconds.
  path: Assets/AssetStoreOriginals/_SNAPS_PrototypingAssets/ModernOffice_Interior/Prefabs/Structure/Walls/Meshes/Classic_WallDoorFrame_02_Collider.asset
  artifactKey: Guid(049bfbab7d1cc6646a2c09391da92cb0) Importer(815301076,1909f56bfc062723c751e8b465ee728b)
Start importing Assets/AssetStoreOriginals/_SNAPS_PrototypingAssets/ModernOffice_Interior/Prefabs/Structure/Walls/Meshes/Classic_WallDoorFrame_02_Collider.asset using Guid(049bfbab7d1cc6646a2c09391da92cb0) Importer(815301076,1909f56bfc062723c751e8b465ee728b)  -> (artifact id: '6e71e5c8e2915504543987edd45d3de5') in 0.046860 seconds
  Import took 0.053175 seconds .

========================================================================
Received Import Request.
  Time since last request: 0.000314 seconds.
  path: Assets/AssetStoreOriginals/_SNAPS_PrototypingAssets/ModernOffice_Interior/Prefabs/Structure/Walls/Meshes/Classic_WallDoubleDoorFrame_01_Collider.asset
  artifactKey: Guid(80b620fa4051efe43837b8f21340b071) Importer(815301076,1909f56bfc062723c751e8b465ee728b)
Start importing Assets/AssetStoreOriginals/_SNAPS_PrototypingAssets/ModernOffice_Interior/Prefabs/Structure/Walls/Meshes/Classic_WallDoubleDoorFrame_01_Collider.asset using Guid(80b620fa4051efe43837b8f21340b071) Importer(815301076,1909f56bfc062723c751e8b465ee728b)  -> (artifact id: '01b3183b6beb71b2946a7b03d72883ab') in 0.013356 seconds
  Import took 0.035899 seconds .

========================================================================
Received Import Request.
  Time since last request: 0.000310 seconds.
  path: Assets/AssetStoreOriginals/_SNAPS_PrototypingAssets/ModernOffice_Interior/Prefabs/Structure/Walls/Meshes/Classic_WallWindow_02_snaps001.asset
  artifactKey: Guid(c191f514ce828f3459315e4a6ce580a2) Importer(815301076,1909f56bfc062723c751e8b465ee728b)
Start importing Assets/AssetStoreOriginals/_SNAPS_PrototypingAssets/ModernOffice_Interior/Prefabs/Structure/Walls/Meshes/Classic_WallWindow_02_snaps001.asset using Guid(c191f514ce828f3459315e4a6ce580a2) Importer(815301076,1909f56bfc062723c751e8b465ee728b)  -> (artifact id: 'd1aa02a722943239db01e05f598d6825') in 0.054950 seconds
  Import took 0.061158 seconds .

========================================================================
Received Import Request.
  Time since last request: 8.645549 seconds.
  path: Assets/AssetStoreOriginals/_SNAPS_PrototypingAssets/ModernOffice_Interior/Prefabs/Structure/Walls/Meshes/Classic_WallWindow_03_snaps001.asset
  artifactKey: Guid(9c89630b6ff6b9344a40deead1bec134) Importer(815301076,1909f56bfc062723c751e8b465ee728b)
Start importing Assets/AssetStoreOriginals/_SNAPS_PrototypingAssets/ModernOffice_Interior/Prefabs/Structure/Walls/Meshes/Classic_WallWindow_03_snaps001.asset using Guid(9c89630b6ff6b9344a40deead1bec134) Importer(815301076,1909f56bfc062723c751e8b465ee728b)  -> (artifact id: 'becdc24f3fea246a086f677013b57646') in 0.057901 seconds
  Import took 0.088784 seconds .

========================================================================
Received Import Request.
  Time since last request: 0.000330 seconds.
  path: Assets/AssetStoreOriginals/_SNAPS_PrototypingAssets/ModernOffice_Interior/Prefabs/Structure/Walls/Meshes/Classic_WallWindowFrame_01_Collider.asset
  artifactKey: Guid(ebebe220a90739747abaff376d84f175) Importer(815301076,1909f56bfc062723c751e8b465ee728b)
Start importing Assets/AssetStoreOriginals/_SNAPS_PrototypingAssets/ModernOffice_Interior/Prefabs/Structure/Walls/Meshes/Classic_WallWindowFrame_01_Collider.asset using Guid(ebebe220a90739747abaff376d84f175) Importer(815301076,1909f56bfc062723c751e8b465ee728b)  -> (artifact id: 'ce4f319c82e0525903826f692a45838a') in 0.013635 seconds
  Import took 0.019740 seconds .

========================================================================
Received Import Request.
  Time since last request: 0.000377 seconds.
  path: Assets/AssetStoreOriginals/_SNAPS_PrototypingAssets/ModernOffice_Interior/Prefabs/Structure/Walls/Meshes/Neo_Wall_Joint_snaps001.asset
  artifactKey: Guid(e0d6b913abe553841bcdef2f7440b7c6) Importer(815301076,1909f56bfc062723c751e8b465ee728b)
Start importing Assets/AssetStoreOriginals/_SNAPS_PrototypingAssets/ModernOffice_Interior/Prefabs/Structure/Walls/Meshes/Neo_Wall_Joint_snaps001.asset using Guid(e0d6b913abe553841bcdef2f7440b7c6) Importer(815301076,1909f56bfc062723c751e8b465ee728b)  -> (artifact id: '9805af84b3e16c585a3ad79eaceb7c70') in 0.059521 seconds
  Import took 0.065615 seconds .

========================================================================
Received Import Request.
  Time since last request: 0.000408 seconds.
  path: Assets/AssetStoreOriginals/_SNAPS_PrototypingAssets/ModernOffice_Interior/Prefabs/Structure/Walls/Meshes/Classic_WallWindowFrame_01_Collider.asset
  artifactKey: Guid(ebebe220a90739747abaff376d84f175) Importer(815301076,1909f56bfc062723c751e8b465ee728b)
Start importing Assets/AssetStoreOriginals/_SNAPS_PrototypingAssets/ModernOffice_Interior/Prefabs/Structure/Walls/Meshes/Classic_WallWindowFrame_01_Collider.asset using Guid(ebebe220a90739747abaff376d84f175) Importer(815301076,1909f56bfc062723c751e8b465ee728b)  -> (artifact id: 'ce4f319c82e0525903826f692a45838a') in 0.013103 seconds
  Import took 0.018857 seconds .

========================================================================
Received Import Request.
  Time since last request: 0.000284 seconds.
  path: Assets/AssetStoreOriginals/_SNAPS_PrototypingAssets/ModernOffice_Interior/Prefabs/Structure/Walls/Meshes/Classic_WallWindowFrame_01_snaps001.asset
  artifactKey: Guid(3415d2b78be1e23479ad8d8ab1cc58fd) Importer(815301076,1909f56bfc062723c751e8b465ee728b)
Start importing Assets/AssetStoreOriginals/_SNAPS_PrototypingAssets/ModernOffice_Interior/Prefabs/Structure/Walls/Meshes/Classic_WallWindowFrame_01_snaps001.asset using Guid(3415d2b78be1e23479ad8d8ab1cc58fd) Importer(815301076,1909f56bfc062723c751e8b465ee728b)  -> (artifact id: '43183a282b934a7a2a6b51cdfe7b0a29') in 0.057615 seconds
  Import took 0.086216 seconds .

========================================================================
Received Import Request.
  Time since last request: 0.000347 seconds.
  path: Assets/AssetStoreOriginals/_SNAPS_PrototypingAssets/ModernOffice_Interior/Prefabs/Structure/Walls/Meshes/Neo_WallDoorFrame_01_snaps001.asset
  artifactKey: Guid(76ae14d7cb014b047a191a2db8613242) Importer(815301076,1909f56bfc062723c751e8b465ee728b)
Start importing Assets/AssetStoreOriginals/_SNAPS_PrototypingAssets/ModernOffice_Interior/Prefabs/Structure/Walls/Meshes/Neo_WallDoorFrame_01_snaps001.asset using Guid(76ae14d7cb014b047a191a2db8613242) Importer(815301076,1909f56bfc062723c751e8b465ee728b)  -> (artifact id: 'ec226deb56984883728aca7339c8fdd8') in 0.052841 seconds
  Import took 0.088910 seconds .

========================================================================
Received Import Request.
  Time since last request: 0.000288 seconds.
  path: Assets/AssetStoreOriginals/_SNAPS_PrototypingAssets/ModernOffice_Interior/Prefabs/Structure/Walls/Meshes/Neo_WallDoubleDoorFrame_Collider.asset
  artifactKey: Guid(a3c87da5cd596c341812836620edfa15) Importer(815301076,1909f56bfc062723c751e8b465ee728b)
Start importing Assets/AssetStoreOriginals/_SNAPS_PrototypingAssets/ModernOffice_Interior/Prefabs/Structure/Walls/Meshes/Neo_WallDoubleDoorFrame_Collider.asset using Guid(a3c87da5cd596c341812836620edfa15) Importer(815301076,1909f56bfc062723c751e8b465ee728b)  -> (artifact id: '62ada6009e9f89214201716e659caffe') in 0.050101 seconds
  Import took 0.078950 seconds .

========================================================================
Received Import Request.
  Time since last request: 0.000367 seconds.
  path: Assets/AssetStoreOriginals/_SNAPS_PrototypingAssets/ModernOffice_Interior/Prefabs/Structure/Walls/Meshes/Neo_WallDoor_01_snaps001.asset
  artifactKey: Guid(f02194ae408d54241b8390f6ea76da82) Importer(815301076,1909f56bfc062723c751e8b465ee728b)
Start importing Assets/AssetStoreOriginals/_SNAPS_PrototypingAssets/ModernOffice_Interior/Prefabs/Structure/Walls/Meshes/Neo_WallDoor_01_snaps001.asset using Guid(f02194ae408d54241b8390f6ea76da82) Importer(815301076,1909f56bfc062723c751e8b465ee728b)  -> (artifact id: 'b7631e515aec96e4129ba77083ba9060') in 0.016315 seconds
  Import took 0.027087 seconds .

========================================================================
Received Import Request.
  Time since last request: 0.000363 seconds.
  path: Assets/AssetStoreOriginals/_SNAPS_PrototypingAssets/ModernOffice_Interior/Prefabs/Structure/Walls/Meshes/Classic_WallWindowFrame_02_snaps001.asset
  artifactKey: Guid(27e791822ab30574796d8d6e878ce3b0) Importer(815301076,1909f56bfc062723c751e8b465ee728b)
Start importing Assets/AssetStoreOriginals/_SNAPS_PrototypingAssets/ModernOffice_Interior/Prefabs/Structure/Walls/Meshes/Classic_WallWindowFrame_02_snaps001.asset using Guid(27e791822ab30574796d8d6e878ce3b0) Importer(815301076,1909f56bfc062723c751e8b465ee728b)  -> (artifact id: 'c4c6eb1fdc996c1f3d635a9af9d7a91d') in 0.019262 seconds
  Import took 0.037537 seconds .

========================================================================
Received Import Request.
  Time since last request: 0.000885 seconds.
  path: Assets/AssetStoreOriginals/_SNAPS_PrototypingAssets/ModernOffice_Interior/Prefabs/Structure/Walls/Meshes/Neo_Wall_Corner_Collider.asset
  artifactKey: Guid(9c36b38988a88274b94f2856628e19d5) Importer(815301076,1909f56bfc062723c751e8b465ee728b)
Start importing Assets/AssetStoreOriginals/_SNAPS_PrototypingAssets/ModernOffice_Interior/Prefabs/Structure/Walls/Meshes/Neo_Wall_Corner_Collider.asset using Guid(9c36b38988a88274b94f2856628e19d5) Importer(815301076,1909f56bfc062723c751e8b465ee728b)  -> (artifact id: '91dd828193bda5edf1844c3abc6bf6e3') in 0.013203 seconds
  Import took 0.025191 seconds .

========================================================================
Received Import Request.
  Time since last request: 0.000357 seconds.
  path: Assets/AssetStoreOriginals/_SNAPS_PrototypingAssets/ModernOffice_Interior/Prefabs/Structure/Walls/Meshes/Classic_WallWindow_03_snaps001.asset
  artifactKey: Guid(9c89630b6ff6b9344a40deead1bec134) Importer(815301076,1909f56bfc062723c751e8b465ee728b)
Start importing Assets/AssetStoreOriginals/_SNAPS_PrototypingAssets/ModernOffice_Interior/Prefabs/Structure/Walls/Meshes/Classic_WallWindow_03_snaps001.asset using Guid(9c89630b6ff6b9344a40deead1bec134) Importer(815301076,1909f56bfc062723c751e8b465ee728b)  -> (artifact id: 'becdc24f3fea246a086f677013b57646') in 0.014522 seconds
  Import took 0.019921 seconds .

========================================================================
Received Import Request.
  Time since last request: 0.000410 seconds.
  path: Assets/AssetStoreOriginals/_SNAPS_PrototypingAssets/ModernOffice_Interior/Prefabs/Structure/Walls/Meshes/Classic_WallWindowFrame_02_Collider.asset
  artifactKey: Guid(b6358bcc72926104c8b2da005e8addcc) Importer(815301076,1909f56bfc062723c751e8b465ee728b)
Start importing Assets/AssetStoreOriginals/_SNAPS_PrototypingAssets/ModernOffice_Interior/Prefabs/Structure/Walls/Meshes/Classic_WallWindowFrame_02_Collider.asset using Guid(b6358bcc72926104c8b2da005e8addcc) Importer(815301076,1909f56bfc062723c751e8b465ee728b)  -> (artifact id: 'fce1d83463af9c2c897c26f5e881172b') in 0.040695 seconds
  Import took 0.047630 seconds .

========================================================================
Received Import Request.
  Time since last request: 0.000259 seconds.
  path: Assets/AssetStoreOriginals/_SNAPS_PrototypingAssets/ModernOffice_Interior/Prefabs/Structure/Walls/Meshes/Neo_Wall_Corner_snaps001.asset
  artifactKey: Guid(c0bad6c81cc82c54c8e6c8d9b396f3d1) Importer(815301076,1909f56bfc062723c751e8b465ee728b)
Start importing Assets/AssetStoreOriginals/_SNAPS_PrototypingAssets/ModernOffice_Interior/Prefabs/Structure/Walls/Meshes/Neo_Wall_Corner_snaps001.asset using Guid(c0bad6c81cc82c54c8e6c8d9b396f3d1) Importer(815301076,1909f56bfc062723c751e8b465ee728b)  -> (artifact id: 'c69e29c76ccd121a8e893f116aadbbf0') in 0.013886 seconds
  Import took 0.051133 seconds .

========================================================================
Received Import Request.
  Time since last request: 0.000333 seconds.
  path: Assets/AssetStoreOriginals/_SNAPS_PrototypingAssets/ModernOffice_Interior/Prefabs/Structure/Walls/Meshes/Neo_Wall_snaps001.asset
  artifactKey: Guid(3e8ab2fed2396ac4cbbdbc1f3b74594a) Importer(815301076,1909f56bfc062723c751e8b465ee728b)
Start importing Assets/AssetStoreOriginals/_SNAPS_PrototypingAssets/ModernOffice_Interior/Prefabs/Structure/Walls/Meshes/Neo_Wall_snaps001.asset using Guid(3e8ab2fed2396ac4cbbdbc1f3b74594a) Importer(815301076,1909f56bfc062723c751e8b465ee728b)  -> (artifact id: '93f8b046146f82945801f8731d81344b') in 0.032053 seconds
  Import took 0.055362 seconds .

========================================================================
Received Import Request.
  Time since last request: 0.000345 seconds.
  path: Assets/AssetStoreOriginals/_SNAPS_PrototypingAssets/ModernOffice_Interior/Prefabs/Structure/Walls/Meshes/Neo_WallDoorFrame_01_Collider.asset
  artifactKey: Guid(ed5424c359dd6c7469e3197d09b54bfc) Importer(815301076,1909f56bfc062723c751e8b465ee728b)
Start importing Assets/AssetStoreOriginals/_SNAPS_PrototypingAssets/ModernOffice_Interior/Prefabs/Structure/Walls/Meshes/Neo_WallDoorFrame_01_Collider.asset using Guid(ed5424c359dd6c7469e3197d09b54bfc) Importer(815301076,1909f56bfc062723c751e8b465ee728b)  -> (artifact id: '96f5a8d7ab123402cc49a90e6b1437fd') in 0.036277 seconds
  Import took 0.063190 seconds .

========================================================================
Received Import Request.
  Time since last request: 0.000351 seconds.
  path: Assets/AssetStoreOriginals/_SNAPS_PrototypingAssets/ModernOffice_Interior/Prefabs/Structure/Walls/Meshes/Neo_Wall_Joint_Collider.asset
  artifactKey: Guid(553a20e38738d384992a7dc9fac90411) Importer(815301076,1909f56bfc062723c751e8b465ee728b)
Start importing Assets/AssetStoreOriginals/_SNAPS_PrototypingAssets/ModernOffice_Interior/Prefabs/Structure/Walls/Meshes/Neo_Wall_Joint_Collider.asset using Guid(553a20e38738d384992a7dc9fac90411) Importer(815301076,1909f56bfc062723c751e8b465ee728b)  -> (artifact id: 'e5e43bf407688d898993b4c9fac6e0a3') in 0.012929 seconds
  Import took 0.018877 seconds .

========================================================================
Received Import Request.
  Time since last request: 20.599328 seconds.
  path: Assets/AssetStoreOriginals/_SNAPS_PrototypingAssets/ModernOffice_Interior/Prefabs/Structure/Walls/Classic_WallWindow_01_snaps001.prefab
  artifactKey: Guid(b171e372a9c9ca84b9633f9e64b653c8) Importer(815301076,1909f56bfc062723c751e8b465ee728b)
Start importing Assets/AssetStoreOriginals/_SNAPS_PrototypingAssets/ModernOffice_Interior/Prefabs/Structure/Walls/Classic_WallWindow_01_snaps001.prefab using Guid(b171e372a9c9ca84b9633f9e64b653c8) Importer(815301076,1909f56bfc062723c751e8b465ee728b)  -> (artifact id: 'ed91bcc6f92c8344dc9725315ae6ee7e') in 0.129675 seconds
  Import took 0.165050 seconds .

========================================================================
Received Import Request.
  Time since last request: 0.000286 seconds.
  path: Assets/AssetStoreOriginals/_SNAPS_PrototypingAssets/ModernOffice_Interior/Prefabs/Structure/Walls/Classic_WallWindowFrame_02_snaps001.prefab
  artifactKey: Guid(19cb042b07d2f2e4585682c3d6afb7bf) Importer(815301076,1909f56bfc062723c751e8b465ee728b)
Start importing Assets/AssetStoreOriginals/_SNAPS_PrototypingAssets/ModernOffice_Interior/Prefabs/Structure/Walls/Classic_WallWindowFrame_02_snaps001.prefab using Guid(19cb042b07d2f2e4585682c3d6afb7bf) Importer(815301076,1909f56bfc062723c751e8b465ee728b)  -> (artifact id: 'f71d0fb5c5c503e171aaaf357c1ea09b') in 0.029721 seconds
  Import took 0.035594 seconds .

========================================================================
Received Import Request.
  Time since last request: 0.000370 seconds.
  path: Assets/AssetStoreOriginals/_SNAPS_PrototypingAssets/ModernOffice_Interior/Prefabs/Structure/Walls/Classic_WallWindow_03_snaps001.prefab
  artifactKey: Guid(f816c7b96377bf74dab570a6ffd7ccda) Importer(815301076,1909f56bfc062723c751e8b465ee728b)
Start importing Assets/AssetStoreOriginals/_SNAPS_PrototypingAssets/ModernOffice_Interior/Prefabs/Structure/Walls/Classic_WallWindow_03_snaps001.prefab using Guid(f816c7b96377bf74dab570a6ffd7ccda) Importer(815301076,1909f56bfc062723c751e8b465ee728b)  -> (artifact id: 'ba342ce6e7be6601c5610ea874c048e7') in 0.016062 seconds
  Import took 0.045618 seconds .

========================================================================
Received Import Request.
  Time since last request: 2.066016 seconds.
  path: Assets/AssetStoreOriginals/_SNAPS_PrototypingAssets/ModernOffice_Interior/Prefabs/Structure/Walls/Neo_Wall_snaps001.prefab
  artifactKey: Guid(c73151b2c863d094393f47d50c325553) Importer(815301076,1909f56bfc062723c751e8b465ee728b)
Start importing Assets/AssetStoreOriginals/_SNAPS_PrototypingAssets/ModernOffice_Interior/Prefabs/Structure/Walls/Neo_Wall_snaps001.prefab using Guid(c73151b2c863d094393f47d50c325553) Importer(815301076,1909f56bfc062723c751e8b465ee728b)  -> (artifact id: '1d9f13e0768f877ecfc244e3311a3623') in 0.063283 seconds
  Import took 0.087005 seconds .

========================================================================
Received Import Request.
  Time since last request: 0.000398 seconds.
  path: Assets/AssetStoreOriginals/_SNAPS_PrototypingAssets/ModernOffice_Interior/Prefabs/Structure/Walls/Neo_WallDoorFrame_01_snaps001.prefab
  artifactKey: Guid(e8f5a146fe0fe524f9bd393d3573106c) Importer(815301076,1909f56bfc062723c751e8b465ee728b)
Start importing Assets/AssetStoreOriginals/_SNAPS_PrototypingAssets/ModernOffice_Interior/Prefabs/Structure/Walls/Neo_WallDoorFrame_01_snaps001.prefab using Guid(e8f5a146fe0fe524f9bd393d3573106c) Importer(815301076,1909f56bfc062723c751e8b465ee728b)  -> (artifact id: '28d604ff87e64db7631211b830565c9b') in 0.043755 seconds
  Import took 0.066675 seconds .

========================================================================
Received Import Request.
  Time since last request: 0.074677 seconds.
  path: Assets/AssetStoreOriginals/_SNAPS_PrototypingAssets/ModernOffice_Interior/Prefabs/Structure/Walls/Neo_WallWindowFrame_01_snaps001.prefab
  artifactKey: Guid(a6cfa23a67009a041bb5b424e08f6a6c) Importer(815301076,1909f56bfc062723c751e8b465ee728b)
Start importing Assets/AssetStoreOriginals/_SNAPS_PrototypingAssets/ModernOffice_Interior/Prefabs/Structure/Walls/Neo_WallWindowFrame_01_snaps001.prefab using Guid(a6cfa23a67009a041bb5b424e08f6a6c) Importer(815301076,1909f56bfc062723c751e8b465ee728b)  -> (artifact id: 'f59f8dc32da6b39cb0d310a5f23e2f4b') in 0.029270 seconds
  Import took 0.052957 seconds .

========================================================================
Received Import Request.
  Time since last request: 0.000403 seconds.
  path: Assets/AssetStoreOriginals/_SNAPS_PrototypingAssets/ModernOffice_Interior/Prefabs/Structure/Walls/Neo_WallWindowFrame_03_snaps001.prefab
  artifactKey: Guid(ba119e6cbefaaa641aeef16f2b469789) Importer(815301076,1909f56bfc062723c751e8b465ee728b)
Start importing Assets/AssetStoreOriginals/_SNAPS_PrototypingAssets/ModernOffice_Interior/Prefabs/Structure/Walls/Neo_WallWindowFrame_03_snaps001.prefab using Guid(ba119e6cbefaaa641aeef16f2b469789) Importer(815301076,1909f56bfc062723c751e8b465ee728b)  -> (artifact id: '58ddf03ad205702a4f37f6621f37acdf') in 0.046405 seconds
  Import took 0.087101 seconds .

========================================================================
Received Import Request.
  Time since last request: 0.000311 seconds.
  path: Assets/AssetStoreOriginals/_SNAPS_PrototypingAssets/ModernOffice_Interior/Prefabs/Structure/Walls/Neo_WallWindowFrame_02_snaps001.prefab
  artifactKey: Guid(a55ec49cd75394148809f19cae676988) Importer(815301076,1909f56bfc062723c751e8b465ee728b)
Start importing Assets/AssetStoreOriginals/_SNAPS_PrototypingAssets/ModernOffice_Interior/Prefabs/Structure/Walls/Neo_WallWindowFrame_02_snaps001.prefab using Guid(a55ec49cd75394148809f19cae676988) Importer(815301076,1909f56bfc062723c751e8b465ee728b)  -> (artifact id: 'a60c84d7c6f18e907b1c76720b2d8e6c') in 0.016493 seconds
  Import took 0.023082 seconds .

========================================================================
Received Import Request.
  Time since last request: 0.000294 seconds.
  path: Assets/AssetStoreOriginals/_SNAPS_PrototypingAssets/ModernOffice_Interior/Prefabs/Structure/Walls/Partition_Wall_Corner_snaps001.prefab
  artifactKey: Guid(efe8d45bdcec50f4b986a04711a3ce26) Importer(815301076,1909f56bfc062723c751e8b465ee728b)
Start importing Assets/AssetStoreOriginals/_SNAPS_PrototypingAssets/ModernOffice_Interior/Prefabs/Structure/Walls/Partition_Wall_Corner_snaps001.prefab using Guid(efe8d45bdcec50f4b986a04711a3ce26) Importer(815301076,1909f56bfc062723c751e8b465ee728b)  -> (artifact id: 'f1d280f07564cd022e486c10d5b8ab92') in 0.017752 seconds
  Import took 0.029592 seconds .

========================================================================
Received Import Request.
  Time since last request: 0.000351 seconds.
  path: Assets/AssetStoreOriginals/_SNAPS_PrototypingAssets/ModernOffice_Interior/Prefabs/Structure/Walls/Partition_Wall_snaps001.prefab
  artifactKey: Guid(c82ff6aa1a9d4d442bb9d9e2c82a85ed) Importer(815301076,1909f56bfc062723c751e8b465ee728b)
Start importing Assets/AssetStoreOriginals/_SNAPS_PrototypingAssets/ModernOffice_Interior/Prefabs/Structure/Walls/Partition_Wall_snaps001.prefab using Guid(c82ff6aa1a9d4d442bb9d9e2c82a85ed) Importer(815301076,1909f56bfc062723c751e8b465ee728b)  -> (artifact id: 'e43318fec5915c48ad3ef060fccc52d0') in 0.015826 seconds
  Import took 0.029751 seconds .

========================================================================
Received Import Request.
  Time since last request: 446.485294 seconds.
  path: Assets/Prefabs/CeilingLight.prefab
  artifactKey: Guid(94e22f143dfc34515adfd66920d78c93) Importer(815301076,1909f56bfc062723c751e8b465ee728b)
Start importing Assets/Prefabs/CeilingLight.prefab using Guid(94e22f143dfc34515adfd66920d78c93) Importer(815301076,1909f56bfc062723c751e8b465ee728b)  -> (artifact id: 'a64b6bf09a35b8763b29119ed9c3a163') in 0.434088 seconds
  Import took 0.439209 seconds .

========================================================================
Received Import Request.
  Time since last request: 0.000362 seconds.
  path: Assets/Prefabs/GameOver Canvas.prefab
  artifactKey: Guid(83220d9b7f9d84ebb8a49d9900161d9b) Importer(815301076,1909f56bfc062723c751e8b465ee728b)
Start importing Assets/Prefabs/GameOver Canvas.prefab using Guid(83220d9b7f9d84ebb8a49d9900161d9b) Importer(815301076,1909f56bfc062723c751e8b465ee728b)  -> (artifact id: 'a5b5230dc980206bd41d33c292ee941a') in 0.185857 seconds
  Import took 0.280606 seconds .

========================================================================
Received Import Request.
  Time since last request: 0.000370 seconds.
  path: Assets/Prefabs/LightObj.prefab
  artifactKey: Guid(f40f4599c36cf4a84a4aa95698a2ba78) Importer(815301076,1909f56bfc062723c751e8b465ee728b)
Start importing Assets/Prefabs/LightObj.prefab using Guid(f40f4599c36cf4a84a4aa95698a2ba78) Importer(815301076,1909f56bfc062723c751e8b465ee728b)  -> (artifact id: 'e79bbd29d2ce814ffeb8e09274536945') in 0.057099 seconds
  Import took 0.095077 seconds .

========================================================================
Received Import Request.
  Time since last request: 0.000343 seconds.
  path: Assets/Prefabs/projectile.prefab
  artifactKey: Guid(2a4012732b6654acdb350fff3aee3356) Importer(815301076,1909f56bfc062723c751e8b465ee728b)
Start importing Assets/Prefabs/projectile.prefab using Guid(2a4012732b6654acdb350fff3aee3356) Importer(815301076,1909f56bfc062723c751e8b465ee728b)  -> (artifact id: '7a8d4ff0b27b2f09a2dbdee439c23720') in 0.046983 seconds
  Import took 0.088541 seconds .

========================================================================
Received Import Request.
  Time since last request: 0.000379 seconds.
  path: Assets/Prefabs/Gaurd1.prefab
  artifactKey: Guid(fec2df47ba5f84f9c8c974894c9aca35) Importer(815301076,1909f56bfc062723c751e8b465ee728b)
Start importing Assets/Prefabs/Gaurd1.prefab using Guid(fec2df47ba5f84f9c8c974894c9aca35) Importer(815301076,1909f56bfc062723c751e8b465ee728b)  -> (artifact id: 'ef57d336852f83deeeca865ee7a526d2') in 0.037888 seconds
  Import took 0.064500 seconds .

========================================================================
Received Import Request.
  Time since last request: 0.000318 seconds.
  path: Assets/Prefabs/Victory Canvas.prefab
  artifactKey: Guid(152b0ed47f3b34b30994af50aa3191aa) Importer(815301076,1909f56bfc062723c751e8b465ee728b)
Start importing Assets/Prefabs/Victory Canvas.prefab using Guid(152b0ed47f3b34b30994af50aa3191aa) Importer(815301076,1909f56bfc062723c751e8b465ee728b)  -> (artifact id: '9c40ed8b150b4eafa33382fa74613c23') in 0.038552 seconds
  Import took 0.074277 seconds .

========================================================================
Received Import Request.
  Time since last request: 0.000370 seconds.
  path: Assets/Prefabs/Dialogue Manager.prefab
  artifactKey: Guid(466ab80fb42664f9487e4e2d955c508b) Importer(815301076,1909f56bfc062723c751e8b465ee728b)
Start importing Assets/Prefabs/Dialogue Manager.prefab using Guid(466ab80fb42664f9487e4e2d955c508b) Importer(815301076,1909f56bfc062723c751e8b465ee728b)  -> (artifact id: 'f581be2686ee66b1c94ef257d2fd812a') in 0.007156 seconds
  Import took 0.020030 seconds .

========================================================================
Received Import Request.
  Time since last request: 0.000383 seconds.
  path: Assets/Prefabs/LevelDialogue Manager.prefab
  artifactKey: Guid(a7ff8b7086a264ce194c3e94174d4243) Importer(815301076,1909f56bfc062723c751e8b465ee728b)
Start importing Assets/Prefabs/LevelDialogue Manager.prefab using Guid(a7ff8b7086a264ce194c3e94174d4243) Importer(815301076,1909f56bfc062723c751e8b465ee728b)  -> (artifact id: '6eaf84fa471c13e9dfa529b7ad3ea7b7') in 0.029604 seconds
  Import took 0.035495 seconds .

========================================================================
Received Import Request.
  Time since last request: 17.245225 seconds.
  path: Assets/RDL
  artifactKey: Guid(a03ce1d844cfa41388ad73d2bc64bfa1) Importer(815301076,1909f56bfc062723c751e8b465ee728b)
Start importing Assets/RDL using Guid(a03ce1d844cfa41388ad73d2bc64bfa1) Importer(815301076,1909f56bfc062723c751e8b465ee728b)  -> (artifact id: 'e65923b816daff50cbc01b0c704103de') in 0.039361 seconds
  Import took 0.060728 seconds .

========================================================================
Received Import Request.
  Time since last request: 3.570855 seconds.
  path: Assets/RDL/Security_Pack
  artifactKey: Guid(4307d53a9c473416eb25772639a75d78) Importer(815301076,1909f56bfc062723c751e8b465ee728b)
Start importing Assets/RDL/Security_Pack using Guid(4307d53a9c473416eb25772639a75d78) Importer(815301076,1909f56bfc062723c751e8b465ee728b)  -> (artifact id: '0cf1e65f4b7e2df2d814af6625b436b0') in 0.032339 seconds
  Import took 0.065832 seconds .

========================================================================
Received Import Request.
  Time since last request: 9.639602 seconds.
  path: Assets/Flashlight
  artifactKey: Guid(2b7fc4fc19384451aabb4ab97809c0bd) Importer(815301076,1909f56bfc062723c751e8b465ee728b)
Start importing Assets/Flashlight using Guid(2b7fc4fc19384451aabb4ab97809c0bd) Importer(815301076,1909f56bfc062723c751e8b465ee728b)  -> (artifact id: '593b60b92bac7340b5684b8ebe0b2c3b') in 0.074146 seconds
  Import took 0.105221 seconds .

========================================================================
Received Prepare
Registering precompiled user dll's ...
Registered in 0.000971 seconds.
Begin MonoManager ReloadAssembly
Native extension for LinuxStandalone target not found
Native extension for WindowsStandalone target not found
Native extension for OSXStandalone target not found
Native extension for WebGL target not found
Refreshing native plugins compatible for Editor in 0.72 ms, found 1 plugins.
Preloading 0 native plugins for Editor in 0.00 ms.
Warning: Annotation not found!
UnityEngine.StackTraceUtility:ExtractStackTrace () (at /Users/bokken/buildslave/unity/build/Runtime/Export/Scripting/StackTrace.cs:37)
UnityEditor.ProBuilder.EditorUtility:SetGizmoIconEnabled (System.Type,bool) (at Library/PackageCache/com.unity.probuilder@5.0.3/Editor/EditorCore/EditorUtility.cs:575)
UnityEditor.ProBuilder.HierarchyListener:.cctor () (at Library/PackageCache/com.unity.probuilder@5.0.3/Editor/EditorCore/HierarchyListener.cs:21)
System.Runtime.CompilerServices.RuntimeHelpers:RunClassConstructor (System.RuntimeTypeHandle)
UnityEditor.EditorAssemblies:ProcessInitializeOnLoadAttributes (System.Type[]) (at /Users/bokken/buildslave/unity/build/Editor/Mono/EditorAssemblies.cs:114)

[Library/PackageCache/com.unity.probuilder@5.0.3/Editor/EditorCore/EditorUtility.cs line 575]

Invoked RoslynAnalysisRunner static constructor.
RoslynAnalysisRunner will not be running.
RoslynAnalysisRunner has terminated.
Mono: successfully reloaded assembly
- Completed reload, in  1.568 seconds
Platform modules already initialized, skipping
Refreshing native plugins compatible for Editor in 0.89 ms, found 1 plugins.
Preloading 0 native plugins for Editor in 0.00 ms.
Unloading 2534 Unused Serialized files (Serialized files now loaded: 0)
System memory in use before: 189.5 MB.
System memory in use after: 189.3 MB.

Unloading 11 unused Assets to reduce memory usage. Loaded Objects now: 3054.
Total: 3.949433 ms (FindLiveObjects: 0.349499 ms CreateObjectMapping: 0.115971 ms MarkObjects: 2.875203 ms  DeleteObjects: 0.606515 ms)

========================================================================
Received Import Request.
  Time since last request: 41.101365 seconds.
  path: Assets/AssetStoreOriginals/Tests
  artifactKey: Guid(f23bed438013a47438010dafdc996ae4) Importer(815301076,1909f56bfc062723c751e8b465ee728b)
Start importing Assets/AssetStoreOriginals/Tests using Guid(f23bed438013a47438010dafdc996ae4) Importer(815301076,1909f56bfc062723c751e8b465ee728b)  -> (artifact id: 'dbaeaf8b82612eb57a336b7ea683b43c') in 0.040795 seconds
  Import took 0.069481 seconds .

========================================================================
Received Import Request.
  Time since last request: 108.946091 seconds.
  path: Assets/Prefabs/CeilingLight.prefab
  artifactKey: Guid(94e22f143dfc34515adfd66920d78c93) Importer(815301076,1909f56bfc062723c751e8b465ee728b)
Start importing Assets/Prefabs/CeilingLight.prefab using Guid(94e22f143dfc34515adfd66920d78c93) Importer(815301076,1909f56bfc062723c751e8b465ee728b)  -> (artifact id: '044f7be852b3483420b1c325a2b2124a') in 0.135598 seconds
  Import took 0.171472 seconds .

========================================================================
Received Import Request.
  Time since last request: 0.000411 seconds.
  path: Assets/Prefabs/LightObj.prefab
  artifactKey: Guid(f40f4599c36cf4a84a4aa95698a2ba78) Importer(815301076,1909f56bfc062723c751e8b465ee728b)
Start importing Assets/Prefabs/LightObj.prefab using Guid(f40f4599c36cf4a84a4aa95698a2ba78) Importer(815301076,1909f56bfc062723c751e8b465ee728b)  -> (artifact id: 'c2d1b5880f576bce35246fe25dce8731') in 0.042321 seconds
  Import took 0.074590 seconds .

========================================================================
Received Import Request.
  Time since last request: 93.474472 seconds.
  path: Assets/Prefabs/CeilingLight.prefab
  artifactKey: Guid(94e22f143dfc34515adfd66920d78c93) Importer(815301076,1909f56bfc062723c751e8b465ee728b)
Start importing Assets/Prefabs/CeilingLight.prefab using Guid(94e22f143dfc34515adfd66920d78c93) Importer(815301076,1909f56bfc062723c751e8b465ee728b)  -> (artifact id: '31aeecd7c33c85937089d07fa8382388') in 0.016179 seconds
  Import took 0.042516 seconds .

========================================================================
Received Import Request.
  Time since last request: 0.000365 seconds.
  path: Assets/Prefabs/LightObj.prefab
  artifactKey: Guid(f40f4599c36cf4a84a4aa95698a2ba78) Importer(815301076,1909f56bfc062723c751e8b465ee728b)
Start importing Assets/Prefabs/LightObj.prefab using Guid(f40f4599c36cf4a84a4aa95698a2ba78) Importer(815301076,1909f56bfc062723c751e8b465ee728b)  -> (artifact id: '507f2586246d5807c4b937567c89efaa') in 0.011076 seconds
  Import took 0.021873 seconds .

========================================================================
Received Import Request.
  Time since last request: 8.686371 seconds.
  path: Assets/Prefabs/CeilingLight.prefab
  artifactKey: Guid(94e22f143dfc34515adfd66920d78c93) Importer(815301076,1909f56bfc062723c751e8b465ee728b)
Start importing Assets/Prefabs/CeilingLight.prefab using Guid(94e22f143dfc34515adfd66920d78c93) Importer(815301076,1909f56bfc062723c751e8b465ee728b)  -> (artifact id: 'b7647472ebfa0b9dc73bdddc9b035244') in 0.009623 seconds
  Import took 0.015258 seconds .

========================================================================
Received Import Request.
  Time since last request: 0.000359 seconds.
  path: Assets/Prefabs/LightObj.prefab
  artifactKey: Guid(f40f4599c36cf4a84a4aa95698a2ba78) Importer(815301076,1909f56bfc062723c751e8b465ee728b)
Start importing Assets/Prefabs/LightObj.prefab using Guid(f40f4599c36cf4a84a4aa95698a2ba78) Importer(815301076,1909f56bfc062723c751e8b465ee728b)  -> (artifact id: '972f9639a5cc92c5706ab6d36be15ccd') in 0.009810 seconds
  Import took 0.015150 seconds .

========================================================================
Received Import Request.
  Time since last request: 176.187348 seconds.
  path: Assets/AssetStoreOriginals/_SNAPS_PrototypingAssets/ModernOffice_Interior/Prefabs/SNAPS_NoHD/Classic_Ceiling_02_snaps001.prefab
  artifactKey: Guid(52a315013fbd83d42b47ebada09e0329) Importer(815301076,1909f56bfc062723c751e8b465ee728b)
Start importing Assets/AssetStoreOriginals/_SNAPS_PrototypingAssets/ModernOffice_Interior/Prefabs/SNAPS_NoHD/Classic_Ceiling_02_snaps001.prefab using Guid(52a315013fbd83d42b47ebada09e0329) Importer(815301076,1909f56bfc062723c751e8b465ee728b)  -> (artifact id: 'c4074b575efcca6361d06e71a420d696') in 0.149321 seconds
  Import took 0.154377 seconds .

========================================================================
Received Import Request.
  Time since last request: 0.000341 seconds.
  path: Assets/AssetStoreOriginals/_SNAPS_PrototypingAssets/ModernOffice_Interior/Prefabs/SNAPS_NoHD/Neo_Floor_03_snaps001.prefab
  artifactKey: Guid(b3e1ae4b20d1a0845a32d4418535010b) Importer(815301076,1909f56bfc062723c751e8b465ee728b)
Start importing Assets/AssetStoreOriginals/_SNAPS_PrototypingAssets/ModernOffice_Interior/Prefabs/SNAPS_NoHD/Neo_Floor_03_snaps001.prefab using Guid(b3e1ae4b20d1a0845a32d4418535010b) Importer(815301076,1909f56bfc062723c751e8b465ee728b)  -> (artifact id: 'b8f48690b1bcf6f0a8815370ada40a6d') in 0.101642 seconds
  Import took 0.150382 seconds .

========================================================================
Received Import Request.
  Time since last request: 0.000380 seconds.
  path: Assets/AssetStoreOriginals/_SNAPS_PrototypingAssets/ModernOffice_Interior/Prefabs/SNAPS_NoHD/Neo_Wall_4m_snaps001.prefab
  artifactKey: Guid(cd6649c2928f310498660dcff07705ac) Importer(815301076,1909f56bfc062723c751e8b465ee728b)
Start importing Assets/AssetStoreOriginals/_SNAPS_PrototypingAssets/ModernOffice_Interior/Prefabs/SNAPS_NoHD/Neo_Wall_4m_snaps001.prefab using Guid(cd6649c2928f310498660dcff07705ac) Importer(815301076,1909f56bfc062723c751e8b465ee728b)  -> (artifact id: 'a78be9dd0c573d1b1cf36d9885771cc6') in 0.138993 seconds
  Import took 0.189860 seconds .

========================================================================
Received Import Request.
  Time since last request: 0.000317 seconds.
  path: Assets/AssetStoreOriginals/_SNAPS_PrototypingAssets/ModernOffice_Interior/Prefabs/SNAPS_NoHD/Neo_Pillar_02_L_4m_snaps001.prefab
  artifactKey: Guid(4d057e6b0c2f0b3438a341df00052ea5) Importer(815301076,1909f56bfc062723c751e8b465ee728b)
Start importing Assets/AssetStoreOriginals/_SNAPS_PrototypingAssets/ModernOffice_Interior/Prefabs/SNAPS_NoHD/Neo_Pillar_02_L_4m_snaps001.prefab using Guid(4d057e6b0c2f0b3438a341df00052ea5) Importer(815301076,1909f56bfc062723c751e8b465ee728b)  -> (artifact id: '4b1077150e05a942adf0e2effdb94cb0') in 0.101901 seconds
  Import took 0.109172 seconds .

========================================================================
Received Import Request.
  Time since last request: 0.000337 seconds.
  path: Assets/AssetStoreOriginals/_SNAPS_PrototypingAssets/ModernOffice_Interior/Prefabs/SNAPS_NoHD/Neo_WallWindowFrame_03_4m_snaps001.prefab
  artifactKey: Guid(462709b1a194d414592da88cad9c14df) Importer(815301076,1909f56bfc062723c751e8b465ee728b)
Start importing Assets/AssetStoreOriginals/_SNAPS_PrototypingAssets/ModernOffice_Interior/Prefabs/SNAPS_NoHD/Neo_WallWindowFrame_03_4m_snaps001.prefab using Guid(462709b1a194d414592da88cad9c14df) Importer(815301076,1909f56bfc062723c751e8b465ee728b)  -> (artifact id: '2db03e1511815afae5a69812e6ed9644') in 0.076741 seconds
  Import took 0.102565 seconds .

========================================================================
Received Import Request.
  Time since last request: 0.000467 seconds.
  path: Assets/AssetStoreOriginals/_SNAPS_PrototypingAssets/ModernOffice_Interior/Prefabs/SNAPS_NoHD/Neo_Pillar_01_M_4m_snaps001.prefab
  artifactKey: Guid(9716301c1f7a89c4d8969bdeda62c4a2) Importer(815301076,1909f56bfc062723c751e8b465ee728b)
Start importing Assets/AssetStoreOriginals/_SNAPS_PrototypingAssets/ModernOffice_Interior/Prefabs/SNAPS_NoHD/Neo_Pillar_01_M_4m_snaps001.prefab using Guid(9716301c1f7a89c4d8969bdeda62c4a2) Importer(815301076,1909f56bfc062723c751e8b465ee728b)  -> (artifact id: '8de0e48bc2bf81f2555b23e97504f74a') in 0.011922 seconds
  Import took 0.021084 seconds .

========================================================================
Received Import Request.
  Time since last request: 0.000335 seconds.
  path: Assets/AssetStoreOriginals/_SNAPS_PrototypingAssets/ModernOffice_Interior/Prefabs/SNAPS_NoHD/Neo_WallDoubleDoors_01_4m_snaps001.prefab
  artifactKey: Guid(bdd155ddbbfc71d4299eec62806c436a) Importer(815301076,1909f56bfc062723c751e8b465ee728b)
Start importing Assets/AssetStoreOriginals/_SNAPS_PrototypingAssets/ModernOffice_Interior/Prefabs/SNAPS_NoHD/Neo_WallDoubleDoors_01_4m_snaps001.prefab using Guid(bdd155ddbbfc71d4299eec62806c436a) Importer(815301076,1909f56bfc062723c751e8b465ee728b)  -> (artifact id: '76f9f83a301280fe019286a70402a995') in 0.052037 seconds
  Import took 0.084152 seconds .

========================================================================
Received Import Request.
  Time since last request: 0.000362 seconds.
  path: Assets/AssetStoreOriginals/_SNAPS_PrototypingAssets/ModernOffice_Interior/Prefabs/SNAPS_NoHD/Neo_Pillar_02_S_4m_snaps001.prefab
  artifactKey: Guid(4f8052f790ef1c14ba9a6145196c3af5) Importer(815301076,1909f56bfc062723c751e8b465ee728b)
Start importing Assets/AssetStoreOriginals/_SNAPS_PrototypingAssets/ModernOffice_Interior/Prefabs/SNAPS_NoHD/Neo_Pillar_02_S_4m_snaps001.prefab using Guid(4f8052f790ef1c14ba9a6145196c3af5) Importer(815301076,1909f56bfc062723c751e8b465ee728b)  -> (artifact id: '2f60763820a112fcdb23f666ece046cb') in 0.036653 seconds
  Import took 0.061853 seconds .

========================================================================
Received Import Request.
  Time since last request: 0.000355 seconds.
  path: Assets/AssetStoreOriginals/_SNAPS_PrototypingAssets/ModernOffice_Interior/Prefabs/SNAPS_NoHD/Neo_Floor_Ceiling_03_snaps001.prefab
  artifactKey: Guid(326806cc1d34f8b418df49602410fb71) Importer(815301076,1909f56bfc062723c751e8b465ee728b)
Start importing Assets/AssetStoreOriginals/_SNAPS_PrototypingAssets/ModernOffice_Interior/Prefabs/SNAPS_NoHD/Neo_Floor_Ceiling_03_snaps001.prefab using Guid(326806cc1d34f8b418df49602410fb71) Importer(815301076,1909f56bfc062723c751e8b465ee728b)  -> (artifact id: 'a5f4c1f95c3d4f1b943d268b118617c3') in 0.010850 seconds
  Import took 0.016303 seconds .

========================================================================
Received Import Request.
  Time since last request: 0.000385 seconds.
  path: Assets/AssetStoreOriginals/_SNAPS_PrototypingAssets/ModernOffice_Interior/Prefabs/SNAPS_NoHD/Classic_Floor_02_snaps001.prefab
  artifactKey: Guid(a9a6af830b7d63749a8d69dc96895156) Importer(815301076,1909f56bfc062723c751e8b465ee728b)
Start importing Assets/AssetStoreOriginals/_SNAPS_PrototypingAssets/ModernOffice_Interior/Prefabs/SNAPS_NoHD/Classic_Floor_02_snaps001.prefab using Guid(a9a6af830b7d63749a8d69dc96895156) Importer(815301076,1909f56bfc062723c751e8b465ee728b)  -> (artifact id: '34f8ec4b3f1944f645e90f9682085a4f') in 0.032815 seconds
  Import took 0.058052 seconds .

========================================================================
Received Import Request.
  Time since last request: 0.000328 seconds.
  path: Assets/AssetStoreOriginals/_SNAPS_PrototypingAssets/ModernOffice_Interior/Prefabs/SNAPS_NoHD/Neo_WallDoubleDoorFrame_01_4m_snaps001.prefab
  artifactKey: Guid(37721718c89802b4da02486a095a25a2) Importer(815301076,1909f56bfc062723c751e8b465ee728b)
Start importing Assets/AssetStoreOriginals/_SNAPS_PrototypingAssets/ModernOffice_Interior/Prefabs/SNAPS_NoHD/Neo_WallDoubleDoorFrame_01_4m_snaps001.prefab using Guid(37721718c89802b4da02486a095a25a2) Importer(815301076,1909f56bfc062723c751e8b465ee728b)  -> (artifact id: '66e1a0bdfea07ecc1863a4ee0c26cfcc') in 0.047403 seconds
  Import took 0.053340 seconds .

========================================================================
Received Import Request.
  Time since last request: 0.000395 seconds.
  path: Assets/AssetStoreOriginals/_SNAPS_PrototypingAssets/ModernOffice_Interior/Prefabs/SNAPS_NoHD/Neo_Pillar_02_M_4m_snaps001.prefab
  artifactKey: Guid(fd1ecae17bcbb3548ade769d7f5b1f24) Importer(815301076,1909f56bfc062723c751e8b465ee728b)
Start importing Assets/AssetStoreOriginals/_SNAPS_PrototypingAssets/ModernOffice_Interior/Prefabs/SNAPS_NoHD/Neo_Pillar_02_M_4m_snaps001.prefab using Guid(fd1ecae17bcbb3548ade769d7f5b1f24) Importer(815301076,1909f56bfc062723c751e8b465ee728b)  -> (artifact id: 'd34f70e09886d586da92352669f36b35') in 0.011981 seconds
  Import took 0.053466 seconds .

========================================================================
Received Import Request.
  Time since last request: 0.000367 seconds.
  path: Assets/AssetStoreOriginals/_SNAPS_PrototypingAssets/ModernOffice_Interior/Prefabs/SNAPS_NoHD/Neo_Wall_HeightGapFill_snaps001.prefab
  artifactKey: Guid(3b79e730b71b17f4c99286faf9074382) Importer(815301076,1909f56bfc062723c751e8b465ee728b)
Start importing Assets/AssetStoreOriginals/_SNAPS_PrototypingAssets/ModernOffice_Interior/Prefabs/SNAPS_NoHD/Neo_Wall_HeightGapFill_snaps001.prefab using Guid(3b79e730b71b17f4c99286faf9074382) Importer(815301076,1909f56bfc062723c751e8b465ee728b)  -> (artifact id: 'd6425231c442b6f374931ade5ae4e55d') in 0.039413 seconds
  Import took 0.065443 seconds .

========================================================================
Received Import Request.
  Time since last request: 0.000314 seconds.
  path: Assets/AssetStoreOriginals/_SNAPS_PrototypingAssets/ModernOffice_Interior/Prefabs/SNAPS_NoHD/Neo_Pillar_01_S_4m_snaps001.prefab
  artifactKey: Guid(3fe8bc8047e9fd7409031b22ecc28172) Importer(815301076,1909f56bfc062723c751e8b465ee728b)
Start importing Assets/AssetStoreOriginals/_SNAPS_PrototypingAssets/ModernOffice_Interior/Prefabs/SNAPS_NoHD/Neo_Pillar_01_S_4m_snaps001.prefab using Guid(3fe8bc8047e9fd7409031b22ecc28172) Importer(815301076,1909f56bfc062723c751e8b465ee728b)  -> (artifact id: 'ecca61ae49426fd7982166d2d02331ca') in 0.026540 seconds
  Import took 0.052377 seconds .

========================================================================
Received Import Request.
  Time since last request: 0.000340 seconds.
  path: Assets/AssetStoreOriginals/_SNAPS_PrototypingAssets/ModernOffice_Interior/Prefabs/SNAPS_NoHD/Neo_WallDoorFrame_01_4m_snaps001.prefab
  artifactKey: Guid(78872c40a8151204e84292b05cf458d2) Importer(815301076,1909f56bfc062723c751e8b465ee728b)
Start importing Assets/AssetStoreOriginals/_SNAPS_PrototypingAssets/ModernOffice_Interior/Prefabs/SNAPS_NoHD/Neo_WallDoorFrame_01_4m_snaps001.prefab using Guid(78872c40a8151204e84292b05cf458d2) Importer(815301076,1909f56bfc062723c751e8b465ee728b)  -> (artifact id: 'fc06ac649bd4d995337434a800b6243e') in 0.058634 seconds
  Import took 0.084421 seconds .

========================================================================
Received Import Request.
  Time since last request: 0.000370 seconds.
  path: Assets/AssetStoreOriginals/_SNAPS_PrototypingAssets/ModernOffice_Interior/Prefabs/SNAPS_NoHD/Neo_WallWindowFrame_02_4m_snaps001.prefab
  artifactKey: Guid(5b41703580b9f54448d1e4fdbbf7efef) Importer(815301076,1909f56bfc062723c751e8b465ee728b)
Start importing Assets/AssetStoreOriginals/_SNAPS_PrototypingAssets/ModernOffice_Interior/Prefabs/SNAPS_NoHD/Neo_WallWindowFrame_02_4m_snaps001.prefab using Guid(5b41703580b9f54448d1e4fdbbf7efef) Importer(815301076,1909f56bfc062723c751e8b465ee728b)  -> (artifact id: 'b22ae2ac807af06df29a56e91e51ea39') in 0.026268 seconds
  Import took 0.031939 seconds .

========================================================================
Received Import Request.
  Time since last request: 0.000360 seconds.
  path: Assets/AssetStoreOriginals/_SNAPS_PrototypingAssets/ModernOffice_Interior/Prefabs/SNAPS_NoHD/Neo_WallWindowFrame_01_4m_snaps001.prefab
  artifactKey: Guid(0b7c811c7ab4ad744a5a8dec4eb06d32) Importer(815301076,1909f56bfc062723c751e8b465ee728b)
Start importing Assets/AssetStoreOriginals/_SNAPS_PrototypingAssets/ModernOffice_Interior/Prefabs/SNAPS_NoHD/Neo_WallWindowFrame_01_4m_snaps001.prefab using Guid(0b7c811c7ab4ad744a5a8dec4eb06d32) Importer(815301076,1909f56bfc062723c751e8b465ee728b)  -> (artifact id: 'aee0567d749238eda580a0671bdcd1b4') in 0.016674 seconds
  Import took 0.022540 seconds .

========================================================================
Received Import Request.
  Time since last request: 0.000367 seconds.
  path: Assets/AssetStoreOriginals/_SNAPS_PrototypingAssets/ModernOffice_Interior/Prefabs/SNAPS_NoHD/Neo_Pillar_01_L_4m_snaps001.prefab
  artifactKey: Guid(60c2015a6316cec40bf8959981f04bee) Importer(815301076,1909f56bfc062723c751e8b465ee728b)
Start importing Assets/AssetStoreOriginals/_SNAPS_PrototypingAssets/ModernOffice_Interior/Prefabs/SNAPS_NoHD/Neo_Pillar_01_L_4m_snaps001.prefab using Guid(60c2015a6316cec40bf8959981f04bee) Importer(815301076,1909f56bfc062723c751e8b465ee728b)  -> (artifact id: 'f8ce3bfb77ece8c7eabda6050073169d') in 0.012519 seconds
  Import took 0.018322 seconds .

========================================================================
Received Import Request.
  Time since last request: 0.000381 seconds.
  path: Assets/AssetStoreOriginals/_SNAPS_PrototypingAssets/ModernOffice_Interior/Prefabs/SNAPS_NoHD/Neo_WallDoor_01_4m_snaps001.prefab
  artifactKey: Guid(cfdbdef0dbf22c44a837e3c9209db83a) Importer(815301076,1909f56bfc062723c751e8b465ee728b)
Start importing Assets/AssetStoreOriginals/_SNAPS_PrototypingAssets/ModernOffice_Interior/Prefabs/SNAPS_NoHD/Neo_WallDoor_01_4m_snaps001.prefab using Guid(cfdbdef0dbf22c44a837e3c9209db83a) Importer(815301076,1909f56bfc062723c751e8b465ee728b)  -> (artifact id: 'd6b20659a9e5ab2c12276720df468dec') in 0.018370 seconds
  Import took 0.039687 seconds .

========================================================================
Received Import Request.
  Time since last request: 0.000358 seconds.
  path: Assets/AssetStoreOriginals/_SNAPS_PrototypingAssets/ModernOffice_Interior/Prefabs/SNAPS_NoHD/Neo_Wall_Corner_4m_snaps001.prefab
  artifactKey: Guid(5a02e34e0575a924d810efcd291923c7) Importer(815301076,1909f56bfc062723c751e8b465ee728b)
Start importing Assets/AssetStoreOriginals/_SNAPS_PrototypingAssets/ModernOffice_Interior/Prefabs/SNAPS_NoHD/Neo_Wall_Corner_4m_snaps001.prefab using Guid(5a02e34e0575a924d810efcd291923c7) Importer(815301076,1909f56bfc062723c751e8b465ee728b)  -> (artifact id: '7948f87d75041a7e0447e2cecadaf579') in 0.060473 seconds
  Import took 0.066857 seconds .

========================================================================
Received Import Request.
  Time since last request: 0.000344 seconds.
  path: Assets/AssetStoreOriginals/_SNAPS_PrototypingAssets/ModernOffice_Interior/Prefabs/SNAPS_NoHD/StairCase_01_4m_snaps001.prefab
  artifactKey: Guid(5f52a5120f1de6d4b8a490f2646760f8) Importer(815301076,1909f56bfc062723c751e8b465ee728b)
Start importing Assets/AssetStoreOriginals/_SNAPS_PrototypingAssets/ModernOffice_Interior/Prefabs/SNAPS_NoHD/StairCase_01_4m_snaps001.prefab using Guid(5f52a5120f1de6d4b8a490f2646760f8) Importer(815301076,1909f56bfc062723c751e8b465ee728b)  -> (artifact id: 'ef034215df35bd7ca2d9a70783a38014') in 0.014952 seconds
  Import took 0.020659 seconds .

========================================================================
Received Import Request.
  Time since last request: 0.000379 seconds.
  path: Assets/AssetStoreOriginals/_SNAPS_PrototypingAssets/ModernOffice_Interior/Prefabs/SNAPS_NoHD/Neo_Ceiling_01_snaps001.prefab
  artifactKey: Guid(bd24722836be19f498fbdddf91572e01) Importer(815301076,1909f56bfc062723c751e8b465ee728b)
Start importing Assets/AssetStoreOriginals/_SNAPS_PrototypingAssets/ModernOffice_Interior/Prefabs/SNAPS_NoHD/Neo_Ceiling_01_snaps001.prefab using Guid(bd24722836be19f498fbdddf91572e01) Importer(815301076,1909f56bfc062723c751e8b465ee728b)  -> (artifact id: 'e9e23ab05df9ab1297e6da48a2854a07') in 0.015099 seconds
  Import took 0.043900 seconds .

========================================================================
Received Import Request.
  Time since last request: 0.000375 seconds.
  path: Assets/AssetStoreOriginals/_SNAPS_PrototypingAssets/ModernOffice_Interior/Prefabs/SNAPS_NoHD/Neo_Wall_Joint_4m_snaps001.prefab
  artifactKey: Guid(e1b1bc960ce75964bbcbef5953f67ad5) Importer(815301076,1909f56bfc062723c751e8b465ee728b)
Start importing Assets/AssetStoreOriginals/_SNAPS_PrototypingAssets/ModernOffice_Interior/Prefabs/SNAPS_NoHD/Neo_Wall_Joint_4m_snaps001.prefab using Guid(e1b1bc960ce75964bbcbef5953f67ad5) Importer(815301076,1909f56bfc062723c751e8b465ee728b)  -> (artifact id: '5c0ddde6cdad5fd9c1d73c867ec5d4bd') in 0.030604 seconds
  Import took 0.052951 seconds .

========================================================================
Received Import Request.
  Time since last request: 2.446333 seconds.
  path: Assets/AssetStoreOriginals/_SNAPS_PrototypingAssets/ModernOffice_Interior/Prefabs/Structure/Doors_Windows/Classic_Door_01_snaps001.prefab
  artifactKey: Guid(bddc1c2bd8f610b4a9602b0663b4823e) Importer(815301076,1909f56bfc062723c751e8b465ee728b)
Start importing Assets/AssetStoreOriginals/_SNAPS_PrototypingAssets/ModernOffice_Interior/Prefabs/Structure/Doors_Windows/Classic_Door_01_snaps001.prefab using Guid(bddc1c2bd8f610b4a9602b0663b4823e) Importer(815301076,1909f56bfc062723c751e8b465ee728b)  -> (artifact id: '4897e2c52cd4d5031f42bdabd8f93015') in 0.097055 seconds
  Import took 0.130217 seconds .

========================================================================
Received Import Request.
  Time since last request: 0.000322 seconds.
  path: Assets/AssetStoreOriginals/_SNAPS_PrototypingAssets/ModernOffice_Interior/Prefabs/Structure/Doors_Windows/Classic_DoubleDoor_01_snaps001.prefab
  artifactKey: Guid(d82bc42a44b50814b814b25caf68fa8a) Importer(815301076,1909f56bfc062723c751e8b465ee728b)
Start importing Assets/AssetStoreOriginals/_SNAPS_PrototypingAssets/ModernOffice_Interior/Prefabs/Structure/Doors_Windows/Classic_DoubleDoor_01_snaps001.prefab using Guid(d82bc42a44b50814b814b25caf68fa8a) Importer(815301076,1909f56bfc062723c751e8b465ee728b)  -> (artifact id: 'b7716d6e115ba87792c91c476df1db32') in 0.095899 seconds
  Import took 0.113905 seconds .

========================================================================
Received Import Request.
  Time since last request: 0.000370 seconds.
  path: Assets/AssetStoreOriginals/_SNAPS_PrototypingAssets/ModernOffice_Interior/Prefabs/Structure/Doors_Windows/Classic_Window_02_snaps001.prefab
  artifactKey: Guid(5cfeca0fba4439343aa66e44fe5a9767) Importer(815301076,1909f56bfc062723c751e8b465ee728b)
Start importing Assets/AssetStoreOriginals/_SNAPS_PrototypingAssets/ModernOffice_Interior/Prefabs/Structure/Doors_Windows/Classic_Window_02_snaps001.prefab using Guid(5cfeca0fba4439343aa66e44fe5a9767) Importer(815301076,1909f56bfc062723c751e8b465ee728b)  -> (artifact id: 'dd1191e37e32f298b8d12d5d217c006e') in 0.031341 seconds
  Import took 0.054195 seconds .

========================================================================
Received Import Request.
  Time since last request: 0.000361 seconds.
  path: Assets/AssetStoreOriginals/_SNAPS_PrototypingAssets/ModernOffice_Interior/Prefabs/Structure/Doors_Windows/Neo_Window_02_snaps001.prefab
  artifactKey: Guid(fefd0a6fc0e4de748b02c804f346d04c) Importer(815301076,1909f56bfc062723c751e8b465ee728b)
Start importing Assets/AssetStoreOriginals/_SNAPS_PrototypingAssets/ModernOffice_Interior/Prefabs/Structure/Doors_Windows/Neo_Window_02_snaps001.prefab using Guid(fefd0a6fc0e4de748b02c804f346d04c) Importer(815301076,1909f56bfc062723c751e8b465ee728b)  -> (artifact id: '38d4da16b2f18a712e47c808c0e01a2d') in 0.046713 seconds
  Import took 0.075071 seconds .

========================================================================
Received Import Request.
  Time since last request: 0.000384 seconds.
  path: Assets/AssetStoreOriginals/_SNAPS_PrototypingAssets/ModernOffice_Interior/Prefabs/Structure/Doors_Windows/Neo_Window_03_snaps001.prefab
  artifactKey: Guid(6304a01768bae4e468526e3fbe4e197b) Importer(815301076,1909f56bfc062723c751e8b465ee728b)
Start importing Assets/AssetStoreOriginals/_SNAPS_PrototypingAssets/ModernOffice_Interior/Prefabs/Structure/Doors_Windows/Neo_Window_03_snaps001.prefab using Guid(6304a01768bae4e468526e3fbe4e197b) Importer(815301076,1909f56bfc062723c751e8b465ee728b)  -> (artifact id: 'a695c1ce40cc85239943624e96b93645') in 0.011692 seconds
  Import took 0.020093 seconds .

========================================================================
Received Import Request.
  Time since last request: 0.000354 seconds.
  path: Assets/AssetStoreOriginals/_SNAPS_PrototypingAssets/ModernOffice_Interior/Prefabs/Structure/Doors_Windows/Neo_DoubleDoor_01_snaps001.prefab
  artifactKey: Guid(b6ab41f6f3dff8c4f856c726c6bd1f9d) Importer(815301076,1909f56bfc062723c751e8b465ee728b)
Start importing Assets/AssetStoreOriginals/_SNAPS_PrototypingAssets/ModernOffice_Interior/Prefabs/Structure/Doors_Windows/Neo_DoubleDoor_01_snaps001.prefab using Guid(b6ab41f6f3dff8c4f856c726c6bd1f9d) Importer(815301076,1909f56bfc062723c751e8b465ee728b)  -> (artifact id: '2e2e22d54f46d974ad67921548dbd97b') in 0.031669 seconds
  Import took 0.054570 seconds .

========================================================================
Received Import Request.
  Time since last request: 0.000329 seconds.
  path: Assets/AssetStoreOriginals/_SNAPS_PrototypingAssets/ModernOffice_Interior/Prefabs/Structure/Doors_Windows/Classic_Window_03_snaps001.prefab
  artifactKey: Guid(2ad26ea27b3cfdd4d9ad9f7c8528df94) Importer(815301076,1909f56bfc062723c751e8b465ee728b)
Start importing Assets/AssetStoreOriginals/_SNAPS_PrototypingAssets/ModernOffice_Interior/Prefabs/Structure/Doors_Windows/Classic_Window_03_snaps001.prefab using Guid(2ad26ea27b3cfdd4d9ad9f7c8528df94) Importer(815301076,1909f56bfc062723c751e8b465ee728b)  -> (artifact id: '1f30b0c32b38348695adf05693fdd107') in 0.053069 seconds
  Import took 0.083657 seconds .

========================================================================
Received Import Request.
  Time since last request: 0.000366 seconds.
  path: Assets/AssetStoreOriginals/_SNAPS_PrototypingAssets/ModernOffice_Interior/Prefabs/Structure/Doors_Windows/Neo_Window_01_snaps001.prefab
  artifactKey: Guid(bffc3aa20b81e244687b7d6c4451c7ff) Importer(815301076,1909f56bfc062723c751e8b465ee728b)
Start importing Assets/AssetStoreOriginals/_SNAPS_PrototypingAssets/ModernOffice_Interior/Prefabs/Structure/Doors_Windows/Neo_Window_01_snaps001.prefab using Guid(bffc3aa20b81e244687b7d6c4451c7ff) Importer(815301076,1909f56bfc062723c751e8b465ee728b)  -> (artifact id: '640637c725adfa65c7b3131fabeb311d') in 0.012414 seconds
  Import took 0.033237 seconds .

========================================================================
Received Import Request.
  Time since last request: 0.000383 seconds.
  path: Assets/AssetStoreOriginals/_SNAPS_PrototypingAssets/ModernOffice_Interior/Prefabs/Structure/Doors_Windows/Classic_Window_01_snaps001.prefab
  artifactKey: Guid(285813f2f8183d548b81784d33f4ee22) Importer(815301076,1909f56bfc062723c751e8b465ee728b)
Start importing Assets/AssetStoreOriginals/_SNAPS_PrototypingAssets/ModernOffice_Interior/Prefabs/Structure/Doors_Windows/Classic_Window_01_snaps001.prefab using Guid(285813f2f8183d548b81784d33f4ee22) Importer(815301076,1909f56bfc062723c751e8b465ee728b)  -> (artifact id: 'd0cb14fce57643b7dfd544b262d793ac') in 0.013026 seconds
  Import took 0.018616 seconds .

========================================================================
Received Import Request.
  Time since last request: 0.000283 seconds.
  path: Assets/AssetStoreOriginals/_SNAPS_PrototypingAssets/ModernOffice_Interior/Prefabs/Structure/Doors_Windows/Neo_Door_01_snaps001.prefab
  artifactKey: Guid(548b55d3e2f945942be6ac7612199877) Importer(815301076,1909f56bfc062723c751e8b465ee728b)
Start importing Assets/AssetStoreOriginals/_SNAPS_PrototypingAssets/ModernOffice_Interior/Prefabs/Structure/Doors_Windows/Neo_Door_01_snaps001.prefab using Guid(548b55d3e2f945942be6ac7612199877) Importer(815301076,1909f56bfc062723c751e8b465ee728b)  -> (artifact id: '07086a953e66a0075396845c250d5155') in 0.011991 seconds
  Import took 0.017878 seconds .

========================================================================
Received Import Request.
  Time since last request: 581.989663 seconds.
  path: Assets/Prefabs/LightObject.prefab
  artifactKey: Guid(a6aeb7306958144a08fbe29f4a282cd6) Importer(815301076,1909f56bfc062723c751e8b465ee728b)
Start importing Assets/Prefabs/LightObject.prefab using Guid(a6aeb7306958144a08fbe29f4a282cd6) Importer(815301076,1909f56bfc062723c751e8b465ee728b)  -> (artifact id: 'e10d710268f1a50ecab7abdda3a64411') in 0.037642 seconds
  Import took 0.068715 seconds .

========================================================================
Received Import Request.
  Time since last request: 0.005002 seconds.
  path: Assets/Prefabs/LightObject.prefab
  artifactKey: Guid(a6aeb7306958144a08fbe29f4a282cd6) Importer(815301076,1909f56bfc062723c751e8b465ee728b)
Start importing Assets/Prefabs/LightObject.prefab using Guid(a6aeb7306958144a08fbe29f4a282cd6) Importer(815301076,1909f56bfc062723c751e8b465ee728b)  -> (artifact id: 'e10d710268f1a50ecab7abdda3a64411') in 0.005007 seconds
  Import took 0.010555 seconds .

========================================================================
Received Import Request.
  Time since last request: 321.424713 seconds.
  path: Assets/Prefabs/LightObject.prefab
  artifactKey: Guid(a6aeb7306958144a08fbe29f4a282cd6) Importer(815301076,1909f56bfc062723c751e8b465ee728b)
Start importing Assets/Prefabs/LightObject.prefab using Guid(a6aeb7306958144a08fbe29f4a282cd6) Importer(815301076,1909f56bfc062723c751e8b465ee728b)  -> (artifact id: 'd51760c9c59e4db10c244dc2fab09d57') in 0.004268 seconds
  Import took 0.027355 seconds .

========================================================================
Received Import Request.
  Time since last request: 453.758608 seconds.
  path: Assets/_Scenes/LevelMenu.unity
  artifactKey: Guid(0422750f3e9f94a9998d6619c73f4c57) Importer(815301076,1909f56bfc062723c751e8b465ee728b)
Start importing Assets/_Scenes/LevelMenu.unity using Guid(0422750f3e9f94a9998d6619c73f4c57) Importer(815301076,1909f56bfc062723c751e8b465ee728b)  -> (artifact id: '44d67e0fc5065643a8e52762b5403d1b') in 0.033890 seconds
  Import took 0.071915 seconds .

========================================================================
Received Prepare
Registering precompiled user dll's ...
Registered in 0.000937 seconds.
Begin MonoManager ReloadAssembly
Native extension for LinuxStandalone target not found
Native extension for WindowsStandalone target not found
Native extension for OSXStandalone target not found
Native extension for WebGL target not found
Refreshing native plugins compatible for Editor in 0.76 ms, found 1 plugins.
Preloading 0 native plugins for Editor in 0.00 ms.
Warning: Annotation not found!
UnityEngine.StackTraceUtility:ExtractStackTrace () (at /Users/bokken/buildslave/unity/build/Runtime/Export/Scripting/StackTrace.cs:37)
UnityEditor.ProBuilder.EditorUtility:SetGizmoIconEnabled (System.Type,bool) (at Library/PackageCache/com.unity.probuilder@5.0.3/Editor/EditorCore/EditorUtility.cs:575)
UnityEditor.ProBuilder.HierarchyListener:.cctor () (at Library/PackageCache/com.unity.probuilder@5.0.3/Editor/EditorCore/HierarchyListener.cs:21)
System.Runtime.CompilerServices.RuntimeHelpers:RunClassConstructor (System.RuntimeTypeHandle)
UnityEditor.EditorAssemblies:ProcessInitializeOnLoadAttributes (System.Type[]) (at /Users/bokken/buildslave/unity/build/Editor/Mono/EditorAssemblies.cs:114)

[Library/PackageCache/com.unity.probuilder@5.0.3/Editor/EditorCore/EditorUtility.cs line 575]

Invoked RoslynAnalysisRunner static constructor.
RoslynAnalysisRunner will not be running.
RoslynAnalysisRunner has terminated.
Mono: successfully reloaded assembly
- Completed reload, in  1.691 seconds
Platform modules already initialized, skipping
Refreshing native plugins compatible for Editor in 0.84 ms, found 1 plugins.
Preloading 0 native plugins for Editor in 0.00 ms.
Unloading 2534 Unused Serialized files (Serialized files now loaded: 0)
System memory in use before: 189.9 MB.
System memory in use after: 189.6 MB.

Unloading 9 unused Assets to reduce memory usage. Loaded Objects now: 3058.
Total: 4.901949 ms (FindLiveObjects: 0.374684 ms CreateObjectMapping: 0.140769 ms MarkObjects: 3.659088 ms  DeleteObjects: 0.724713 ms)

========================================================================
Received Import Request.
  Time since last request: 45.320247 seconds.
  path: Assets/_Scenes/Level2.unity
  artifactKey: Guid(47ec07a9424a94fbc94a924b057dcd35) Importer(815301076,1909f56bfc062723c751e8b465ee728b)
Start importing Assets/_Scenes/Level2.unity using Guid(47ec07a9424a94fbc94a924b057dcd35) Importer(815301076,1909f56bfc062723c751e8b465ee728b)  -> (artifact id: '962c48b366560a751d1e1794b9ef906b') in 0.046215 seconds
  Import took 0.080892 seconds .

========================================================================
Received Import Request.
  Time since last request: 21.822481 seconds.
  path: Assets/_Scenes/Level1.unity
  artifactKey: Guid(6c2dddd28ac12494188739a58bca1fcd) Importer(815301076,1909f56bfc062723c751e8b465ee728b)
Start importing Assets/_Scenes/Level1.unity using Guid(6c2dddd28ac12494188739a58bca1fcd) Importer(815301076,1909f56bfc062723c751e8b465ee728b)  -> (artifact id: '3c5c37fd3bb23c901b3bbc2f58dc1e66') in 0.022045 seconds
  Import took 0.062073 seconds .

========================================================================
Received Prepare
Registering precompiled user dll's ...
Registered in 0.000992 seconds.
Begin MonoManager ReloadAssembly
Native extension for LinuxStandalone target not found
Native extension for WindowsStandalone target not found
Native extension for OSXStandalone target not found
Native extension for WebGL target not found
Refreshing native plugins compatible for Editor in 0.79 ms, found 1 plugins.
Preloading 0 native plugins for Editor in 0.00 ms.
Warning: Annotation not found!
UnityEngine.StackTraceUtility:ExtractStackTrace () (at /Users/bokken/buildslave/unity/build/Runtime/Export/Scripting/StackTrace.cs:37)
UnityEditor.ProBuilder.EditorUtility:SetGizmoIconEnabled (System.Type,bool) (at Library/PackageCache/com.unity.probuilder@5.0.3/Editor/EditorCore/EditorUtility.cs:575)
UnityEditor.ProBuilder.HierarchyListener:.cctor () (at Library/PackageCache/com.unity.probuilder@5.0.3/Editor/EditorCore/HierarchyListener.cs:21)
System.Runtime.CompilerServices.RuntimeHelpers:RunClassConstructor (System.RuntimeTypeHandle)
UnityEditor.EditorAssemblies:ProcessInitializeOnLoadAttributes (System.Type[]) (at /Users/bokken/buildslave/unity/build/Editor/Mono/EditorAssemblies.cs:114)

[Library/PackageCache/com.unity.probuilder@5.0.3/Editor/EditorCore/EditorUtility.cs line 575]

Invoked RoslynAnalysisRunner static constructor.
RoslynAnalysisRunner will not be running.
RoslynAnalysisRunner has terminated.
Mono: successfully reloaded assembly
- Completed reload, in  1.741 seconds
Platform modules already initialized, skipping
Refreshing native plugins compatible for Editor in 0.94 ms, found 1 plugins.
Preloading 0 native plugins for Editor in 0.00 ms.
Unloading 2534 Unused Serialized files (Serialized files now loaded: 0)
System memory in use before: 190.1 MB.
System memory in use after: 189.9 MB.

Unloading 8 unused Assets to reduce memory usage. Loaded Objects now: 3061.
Total: 4.265982 ms (FindLiveObjects: 0.359761 ms CreateObjectMapping: 0.114966 ms MarkObjects: 3.012400 ms  DeleteObjects: 0.776570 ms)

========================================================================
Received Import Request.
  Time since last request: 154.777167 seconds.
  path: Assets/_Scenes/Level1.unity
  artifactKey: Guid(6c2dddd28ac12494188739a58bca1fcd) Importer(815301076,1909f56bfc062723c751e8b465ee728b)
Start importing Assets/_Scenes/Level1.unity using Guid(6c2dddd28ac12494188739a58bca1fcd) Importer(815301076,1909f56bfc062723c751e8b465ee728b)  -> (artifact id: 'dc11cdf3ea4ad3ecbfd17b7364d9e0d7') in 0.025691 seconds
  Import took 0.048633 seconds .

========================================================================
Received Prepare
Registering precompiled user dll's ...
Registered in 0.001348 seconds.
Begin MonoManager ReloadAssembly
Native extension for LinuxStandalone target not found
Native extension for WindowsStandalone target not found
Native extension for OSXStandalone target not found
Native extension for WebGL target not found
Refreshing native plugins compatible for Editor in 0.79 ms, found 1 plugins.
Preloading 0 native plugins for Editor in 0.00 ms.
Warning: Annotation not found!
UnityEngine.StackTraceUtility:ExtractStackTrace () (at /Users/bokken/buildslave/unity/build/Runtime/Export/Scripting/StackTrace.cs:37)
UnityEditor.ProBuilder.EditorUtility:SetGizmoIconEnabled (System.Type,bool) (at Library/PackageCache/com.unity.probuilder@5.0.3/Editor/EditorCore/EditorUtility.cs:575)
UnityEditor.ProBuilder.HierarchyListener:.cctor () (at Library/PackageCache/com.unity.probuilder@5.0.3/Editor/EditorCore/HierarchyListener.cs:21)
System.Runtime.CompilerServices.RuntimeHelpers:RunClassConstructor (System.RuntimeTypeHandle)
UnityEditor.EditorAssemblies:ProcessInitializeOnLoadAttributes (System.Type[]) (at /Users/bokken/buildslave/unity/build/Editor/Mono/EditorAssemblies.cs:114)

[Library/PackageCache/com.unity.probuilder@5.0.3/Editor/EditorCore/EditorUtility.cs line 575]

Invoked RoslynAnalysisRunner static constructor.
RoslynAnalysisRunner will not be running.
RoslynAnalysisRunner has terminated.
Mono: successfully reloaded assembly
- Completed reload, in  1.835 seconds
Platform modules already initialized, skipping
Refreshing native plugins compatible for Editor in 0.74 ms, found 1 plugins.
Preloading 0 native plugins for Editor in 0.00 ms.
Unloading 2534 Unused Serialized files (Serialized files now loaded: 0)
System memory in use before: 190.3 MB.
System memory in use after: 190.1 MB.

Unloading 8 unused Assets to reduce memory usage. Loaded Objects now: 3064.
Total: 3.989643 ms (FindLiveObjects: 0.347198 ms CreateObjectMapping: 0.115758 ms MarkObjects: 2.874456 ms  DeleteObjects: 0.649968 ms)

========================================================================
Received Import Request.
  Time since last request: 48.385492 seconds.
  path: Assets/Prefabs/LightObject.prefab
  artifactKey: Guid(a6aeb7306958144a08fbe29f4a282cd6) Importer(815301076,1909f56bfc062723c751e8b465ee728b)
Start importing Assets/Prefabs/LightObject.prefab using Guid(a6aeb7306958144a08fbe29f4a282cd6) Importer(815301076,1909f56bfc062723c751e8b465ee728b)  -> (artifact id: 'a13069743c9abfb990179faf4443b6c5') in 0.026507 seconds
  Import took 0.049658 seconds .

========================================================================
Received Prepare
Registering precompiled user dll's ...
Registered in 0.000959 seconds.
Begin MonoManager ReloadAssembly
Native extension for LinuxStandalone target not found
Native extension for WindowsStandalone target not found
Native extension for OSXStandalone target not found
Native extension for WebGL target not found
Refreshing native plugins compatible for Editor in 0.77 ms, found 1 plugins.
Preloading 0 native plugins for Editor in 0.00 ms.
Warning: Annotation not found!
UnityEngine.StackTraceUtility:ExtractStackTrace () (at /Users/bokken/buildslave/unity/build/Runtime/Export/Scripting/StackTrace.cs:37)
UnityEditor.ProBuilder.EditorUtility:SetGizmoIconEnabled (System.Type,bool) (at Library/PackageCache/com.unity.probuilder@5.0.3/Editor/EditorCore/EditorUtility.cs:575)
UnityEditor.ProBuilder.HierarchyListener:.cctor () (at Library/PackageCache/com.unity.probuilder@5.0.3/Editor/EditorCore/HierarchyListener.cs:21)
System.Runtime.CompilerServices.RuntimeHelpers:RunClassConstructor (System.RuntimeTypeHandle)
UnityEditor.EditorAssemblies:ProcessInitializeOnLoadAttributes (System.Type[]) (at /Users/bokken/buildslave/unity/build/Editor/Mono/EditorAssemblies.cs:114)

[Library/PackageCache/com.unity.probuilder@5.0.3/Editor/EditorCore/EditorUtility.cs line 575]

Invoked RoslynAnalysisRunner static constructor.
RoslynAnalysisRunner will not be running.
RoslynAnalysisRunner has terminated.
Mono: successfully reloaded assembly
- Completed reload, in  1.611 seconds
Platform modules already initialized, skipping
Refreshing native plugins compatible for Editor in 0.66 ms, found 1 plugins.
Preloading 0 native plugins for Editor in 0.00 ms.
Unloading 2534 Unused Serialized files (Serialized files now loaded: 0)
System memory in use before: 190.6 MB.
System memory in use after: 190.3 MB.

Unloading 8 unused Assets to reduce memory usage. Loaded Objects now: 3067.
Total: 3.676928 ms (FindLiveObjects: 0.306639 ms CreateObjectMapping: 0.104217 ms MarkObjects: 2.586358 ms  DeleteObjects: 0.677461 ms)

