Using pre-set license

 COMMAND LINE ARGUMENTS:
/Users/ctheard/OneDrive/Documents/Unity Build/2020.2.7f1/Unity.app/Contents/MacOS/Unity
-adb2
-batchMode
-noUpm
-name
AssetImportWorker0
-projectPath
/Users/ctheard/OneDrive/Documents/Unity Build/HiddenThief/Hidden_Thief
-logFile
Logs/AssetImportWorker0.log
-srvPort
54091
Successfully changed project path to: /Users/ctheard/OneDrive/Documents/Unity Build/HiddenThief/Hidden_Thief
/Users/ctheard/OneDrive/Documents/Unity Build/HiddenThief/Hidden_Thief
Using Asset Import Pipeline V2.
Refreshing native plugins compatible for Editor in 96.89 ms, found 1 plugins.
Preloading 0 native plugins for Editor in 0.00 ms.
Initialize engine version: 2020.2.7f1 (c53830e277f1)
[Subsystems] Discovering subsystems at path /Users/ctheard/OneDrive/Documents/Unity Build/2020.2.7f1/Unity.app/Contents/Resources/UnitySubsystems
[Subsystems] Discovering subsystems at path /Users/ctheard/OneDrive/Documents/Unity Build/HiddenThief/Hidden_Thief/Assets
GfxDevice: creating device client; threaded=0
Renderer: AMD Radeon HD 6770M OpenGL Engine
Vendor:   ATI Technologies Inc.
Version:  4.1 ATI-1.68.25
GLES:     0
 GL_ARB_blend_func_extended GL_ARB_draw_buffers_blend GL_ARB_draw_indirect GL_ARB_ES2_compatibility GL_ARB_explicit_attrib_location GL_ARB_gpu_shader5 GL_ARB_instanced_arrays GL_ARB_internalformat_query GL_ARB_occlusion_query2 GL_ARB_sample_shading GL_ARB_sampler_objects GL_ARB_separate_shader_objects GL_ARB_shader_bit_encoding GL_ARB_shader_subroutine GL_ARB_shading_language_include GL_ARB_tessellation_shader GL_ARB_texture_buffer_object_rgb32 GL_ARB_texture_cube_map_array GL_ARB_texture_gather GL_ARB_texture_query_lod GL_ARB_texture_rgb10_a2ui GL_ARB_texture_storage GL_ARB_texture_swizzle GL_ARB_timer_query GL_ARB_transform_feedback2 GL_ARB_transform_feedback3 GL_ARB_vertex_type_2_10_10_10_rev GL_ARB_viewport_array GL_EXT_debug_label GL_EXT_debug_marker GL_EXT_texture_compression_s3tc GL_EXT_texture_filter_anisotropic GL_EXT_texture_mirror_clamp GL_EXT_texture_sRGB_decode GL_APPLE_client_storage GL_APPLE_container_object_shareable GL_APPLE_flush_render GL_APPLE_object_purgeable GL_APPLE_rgb_422 GL_APPLE_ro
w_bytes GL_APPLE_texture_range GL_ATI_texture_mirror_once GL_NV_texture_barrier
OPENGL LOG: Creating OpenGL 4.1 graphics device ; Context level  <OpenGL 4.1> ; Context handle -276547584
Initialize mono
Mono path[0] = '/Users/ctheard/OneDrive/Documents/Unity Build/2020.2.7f1/Unity.app/Contents/Managed'
Mono path[1] = '/Users/ctheard/OneDrive/Documents/Unity Build/2020.2.7f1/Unity.app/Contents/MonoBleedingEdge/lib/mono/unityjit'
Mono config path = '/Users/ctheard/OneDrive/Documents/Unity Build/2020.2.7f1/Unity.app/Contents/MonoBleedingEdge/etc'
Using monoOptions --debugger-agent=transport=dt_socket,embedding=1,server=y,suspend=n,address=127.0.0.1:56387
Begin MonoManager ReloadAssembly
Registering precompiled unity dll's ...
Register platform support module: /Users/ctheard/OneDrive/Documents/Unity Build/2020.2.7f1/PlaybackEngines/WebGLSupport/UnityEditor.WebGL.Extensions.dll
Register platform support module: /Users/ctheard/OneDrive/Documents/Unity Build/2020.2.7f1/Unity.app/Contents/PlaybackEngines/MacStandaloneSupport/UnityEditor.OSXStandalone.Extensions.dll
Register platform support module: /Users/ctheard/OneDrive/Documents/Unity Build/2020.2.7f1/PlaybackEngines/WindowsStandaloneSupport/UnityEditor.WindowsStandalone.Extensions.dll
Register platform support module: /Users/ctheard/OneDrive/Documents/Unity Build/2020.2.7f1/PlaybackEngines/LinuxStandaloneSupport/UnityEditor.LinuxStandalone.Extensions.dll
Registered in 0.001492 seconds.
Native extension for LinuxStandalone target not found
Native extension for WindowsStandalone target not found
Native extension for OSXStandalone target not found
Native extension for WebGL target not found
Refreshing native plugins compatible for Editor in 80.17 ms, found 1 plugins.
Preloading 0 native plugins for Editor in 0.00 ms.
Invoked RoslynAnalysisRunner static constructor.
RoslynAnalysisRunner will not be running.
RoslynAnalysisRunner has terminated.
Mono: successfully reloaded assembly
- Completed reload, in  4.063 seconds
Platform modules already initialized, skipping
Registering precompiled user dll's ...
Registered in 0.000845 seconds.
Begin MonoManager ReloadAssembly
Native extension for LinuxStandalone target not found
Native extension for WindowsStandalone target not found
Native extension for OSXStandalone target not found
Native extension for WebGL target not found
Refreshing native plugins compatible for Editor in 95.45 ms, found 1 plugins.
Preloading 0 native plugins for Editor in 0.00 ms.
Invoked RoslynAnalysisRunner static constructor.
RoslynAnalysisRunner will not be running.
RoslynAnalysisRunner has terminated.
Mono: successfully reloaded assembly
- Completed reload, in  2.040 seconds
Platform modules already initialized, skipping
========================================================================
Worker process is ready to serve import requests
Launching external process: /Users/ctheard/OneDrive/Documents/Unity Build/2020.2.7f1/Unity.app/Contents/Tools/UnityShaderCompiler
Launched and connected shader compiler UnityShaderCompiler after 0.02 seconds
Refreshing native plugins compatible for Editor in 0.89 ms, found 1 plugins.
Preloading 0 native plugins for Editor in 0.00 ms.
Unloading 2601 Unused Serialized files (Serialized files now loaded: 0)
System memory in use before: 180.6 MB.
System memory in use after: 180.4 MB.

Unloading 138 unused Assets to reduce memory usage. Loaded Objects now: 3043.
Total: 4.807646 ms (FindLiveObjects: 0.347043 ms CreateObjectMapping: 0.134279 ms MarkObjects: 3.155205 ms  DeleteObjects: 1.168867 ms)

========================================================================
Received Import Request.
  path: Assets/_Scenes/LevelMenu.unity
  artifactKey: Guid(0422750f3e9f94a9998d6619c73f4c57) Importer(815301076,1909f56bfc062723c751e8b465ee728b)
Start importing Assets/_Scenes/LevelMenu.unity using Guid(0422750f3e9f94a9998d6619c73f4c57) Importer(815301076,1909f56bfc062723c751e8b465ee728b)  -> (artifact id: 'fa44a09db9ddb14ab138d4ab98c6edf4') in 0.008478 seconds
  Import took 0.014374 seconds .

========================================================================
Received Import Request.
  Time since last request: 32.413886 seconds.
  path: Assets/Vent_Open.psd
  artifactKey: Guid(8ad34d1674e2c4d249bbbcc3adb62f67) Importer(815301076,1909f56bfc062723c751e8b465ee728b)
Start importing Assets/Vent_Open.psd using Guid(8ad34d1674e2c4d249bbbcc3adb62f67) Importer(815301076,1909f56bfc062723c751e8b465ee728b)  -> (artifact id: '8a69bc4449d5b8369426cd81d1e95243') in 0.784563 seconds
  Import took 0.823082 seconds .

========================================================================
Received Import Request.
  Time since last request: 12.469858 seconds.
  path: Assets/Vent_Open.psd
  artifactKey: Guid(8ad34d1674e2c4d249bbbcc3adb62f67) Importer(815301076,1909f56bfc062723c751e8b465ee728b)
Start importing Assets/Vent_Open.psd using Guid(8ad34d1674e2c4d249bbbcc3adb62f67) Importer(815301076,1909f56bfc062723c751e8b465ee728b)  -> (artifact id: '6d317811b6412990b40450eae22439e2') in 0.023690 seconds
  Import took 0.068269 seconds .

========================================================================
Received Import Request.
  Time since last request: 0.008482 seconds.
  path: Assets/Vent_Open.psd
  artifactKey: Guid(8ad34d1674e2c4d249bbbcc3adb62f67) Importer(815301076,1909f56bfc062723c751e8b465ee728b)
Start importing Assets/Vent_Open.psd using Guid(8ad34d1674e2c4d249bbbcc3adb62f67) Importer(815301076,1909f56bfc062723c751e8b465ee728b)  -> (artifact id: '6d317811b6412990b40450eae22439e2') in 0.005926 seconds
  Import took 0.030025 seconds .

========================================================================
Received Import Request.
  Time since last request: 11.022593 seconds.
  path: Assets/Vent_Open.psd
  artifactKey: Guid(8ad34d1674e2c4d249bbbcc3adb62f67) Importer(815301076,1909f56bfc062723c751e8b465ee728b)
Start importing Assets/Vent_Open.psd using Guid(8ad34d1674e2c4d249bbbcc3adb62f67) Importer(815301076,1909f56bfc062723c751e8b465ee728b)  -> (artifact id: '90139ce17fa913988220866046ae86dc') in 0.089447 seconds
  Import took 0.113692 seconds .

========================================================================
Received Import Request.
  Time since last request: 468.406965 seconds.
  path: Assets/Vent_Selected.psd
  artifactKey: Guid(6324ddf61fdfe4da1991b40a1f39fd30) Importer(815301076,1909f56bfc062723c751e8b465ee728b)
Start importing Assets/Vent_Selected.psd using Guid(6324ddf61fdfe4da1991b40a1f39fd30) Importer(815301076,1909f56bfc062723c751e8b465ee728b)  -> (artifact id: 'bcaad999e5e61de0860c4f526b447ba4') in 0.039920 seconds
  Import took 0.068615 seconds .

========================================================================
Received Import Request.
  Time since last request: 15.180898 seconds.
  path: Assets/Vent_Selected.psd
  artifactKey: Guid(6324ddf61fdfe4da1991b40a1f39fd30) Importer(815301076,1909f56bfc062723c751e8b465ee728b)
Start importing Assets/Vent_Selected.psd using Guid(6324ddf61fdfe4da1991b40a1f39fd30) Importer(815301076,1909f56bfc062723c751e8b465ee728b)  -> (artifact id: '2216a824638e3cb0509c0dfcd3808714') in 0.025211 seconds
  Import took 0.058171 seconds .

========================================================================
Received Import Request.
  Time since last request: 0.018315 seconds.
  path: Assets/Vent_Selected.psd
  artifactKey: Guid(6324ddf61fdfe4da1991b40a1f39fd30) Importer(815301076,1909f56bfc062723c751e8b465ee728b)
Start importing Assets/Vent_Selected.psd using Guid(6324ddf61fdfe4da1991b40a1f39fd30) Importer(815301076,1909f56bfc062723c751e8b465ee728b)  -> (artifact id: '2216a824638e3cb0509c0dfcd3808714') in 0.008268 seconds
  Import took 0.014371 seconds .

========================================================================
Received Import Request.
  Time since last request: 5.128917 seconds.
  path: Assets/Vent_Selected.psd
  artifactKey: Guid(6324ddf61fdfe4da1991b40a1f39fd30) Importer(815301076,1909f56bfc062723c751e8b465ee728b)
Start importing Assets/Vent_Selected.psd using Guid(6324ddf61fdfe4da1991b40a1f39fd30) Importer(815301076,1909f56bfc062723c751e8b465ee728b)  -> (artifact id: '65e0f1ed159340cd542a966b363f65d5') in 0.008097 seconds
  Import took 0.014354 seconds .

========================================================================
Received Import Request.
  Time since last request: 87.890161 seconds.
  path: Assets/_Scenes/MainMenu.unity
  artifactKey: Guid(9fc0d4010bbf28b4594072e72b8655ab) Importer(815301076,1909f56bfc062723c751e8b465ee728b)
Start importing Assets/_Scenes/MainMenu.unity using Guid(9fc0d4010bbf28b4594072e72b8655ab) Importer(815301076,1909f56bfc062723c751e8b465ee728b)  -> (artifact id: 'a2507534f47370f39cd151babac26d66') in 0.096958 seconds
  Import took 0.102016 seconds .

========================================================================
Received Prepare
Registering precompiled user dll's ...
Registered in 0.001057 seconds.
Begin MonoManager ReloadAssembly
Native extension for LinuxStandalone target not found
Native extension for WindowsStandalone target not found
Native extension for OSXStandalone target not found
Native extension for WebGL target not found
Refreshing native plugins compatible for Editor in 0.85 ms, found 1 plugins.
Preloading 0 native plugins for Editor in 0.00 ms.
Warning: Annotation not found!
UnityEngine.StackTraceUtility:ExtractStackTrace () (at /Users/bokken/buildslave/unity/build/Runtime/Export/Scripting/StackTrace.cs:37)
UnityEditor.ProBuilder.EditorUtility:SetGizmoIconEnabled (System.Type,bool) (at Library/PackageCache/com.unity.probuilder@5.0.3/Editor/EditorCore/EditorUtility.cs:575)
UnityEditor.ProBuilder.HierarchyListener:.cctor () (at Library/PackageCache/com.unity.probuilder@5.0.3/Editor/EditorCore/HierarchyListener.cs:21)
System.Runtime.CompilerServices.RuntimeHelpers:RunClassConstructor (System.RuntimeTypeHandle)
UnityEditor.EditorAssemblies:ProcessInitializeOnLoadAttributes (System.Type[]) (at /Users/bokken/buildslave/unity/build/Editor/Mono/EditorAssemblies.cs:114)

[Library/PackageCache/com.unity.probuilder@5.0.3/Editor/EditorCore/EditorUtility.cs line 575]

Invoked RoslynAnalysisRunner static constructor.
RoslynAnalysisRunner will not be running.
RoslynAnalysisRunner has terminated.
Mono: successfully reloaded assembly
- Completed reload, in  1.787 seconds
Platform modules already initialized, skipping
Refreshing native plugins compatible for Editor in 0.71 ms, found 1 plugins.
Preloading 0 native plugins for Editor in 0.00 ms.
Unloading 2538 Unused Serialized files (Serialized files now loaded: 0)
System memory in use before: 183.7 MB.
System memory in use after: 183.4 MB.

Unloading 8 unused Assets to reduce memory usage. Loaded Objects now: 3052.
Total: 3.354546 ms (FindLiveObjects: 0.308035 ms CreateObjectMapping: 0.117203 ms MarkObjects: 2.415518 ms  DeleteObjects: 0.512210 ms)

========================================================================
Received Import Request.
  Time since last request: 300.676553 seconds.
  path: Assets/Vent_Highlighted.psd
  artifactKey: Guid(6ebbf9a5675784cbe82b0f6d79560334) Importer(815301076,1909f56bfc062723c751e8b465ee728b)
Start importing Assets/Vent_Highlighted.psd using Guid(6ebbf9a5675784cbe82b0f6d79560334) Importer(815301076,1909f56bfc062723c751e8b465ee728b)  -> (artifact id: '131ebfe1b469551f07cb5f2f1fe13826') in 0.060067 seconds
  Import took 0.100778 seconds .

========================================================================
Received Import Request.
  Time since last request: 0.001316 seconds.
  path: Assets/Vent_Highlighted.psd
  artifactKey: Guid(6ebbf9a5675784cbe82b0f6d79560334) Importer(815301076,1909f56bfc062723c751e8b465ee728b)
Start importing Assets/Vent_Highlighted.psd using Guid(6ebbf9a5675784cbe82b0f6d79560334) Importer(815301076,1909f56bfc062723c751e8b465ee728b)  -> (artifact id: '131ebfe1b469551f07cb5f2f1fe13826') in 0.005913 seconds
  Import took 0.011578 seconds .

========================================================================
Received Import Request.
  Time since last request: 9.811226 seconds.
  path: Assets/Vent_Highlighted.psd
  artifactKey: Guid(6ebbf9a5675784cbe82b0f6d79560334) Importer(815301076,1909f56bfc062723c751e8b465ee728b)
Start importing Assets/Vent_Highlighted.psd using Guid(6ebbf9a5675784cbe82b0f6d79560334) Importer(815301076,1909f56bfc062723c751e8b465ee728b)  -> (artifact id: '64746b1f797fcf21b6e0d4e59250e124') in 0.055028 seconds
  Import took 0.088126 seconds .

========================================================================
Received Import Request.
  Time since last request: 0.000751 seconds.
  path: Assets/Vent_Highlighted.psd
  artifactKey: Guid(6ebbf9a5675784cbe82b0f6d79560334) Importer(815301076,1909f56bfc062723c751e8b465ee728b)
Start importing Assets/Vent_Highlighted.psd using Guid(6ebbf9a5675784cbe82b0f6d79560334) Importer(815301076,1909f56bfc062723c751e8b465ee728b)  -> (artifact id: '64746b1f797fcf21b6e0d4e59250e124') in 0.007872 seconds
  Import took 0.013240 seconds .

========================================================================
Received Import Request.
  Time since last request: 44.588469 seconds.
  path: Assets/_Scenes/LevelMenu.unity
  artifactKey: Guid(0422750f3e9f94a9998d6619c73f4c57) Importer(815301076,1909f56bfc062723c751e8b465ee728b)
Start importing Assets/_Scenes/LevelMenu.unity using Guid(0422750f3e9f94a9998d6619c73f4c57) Importer(815301076,1909f56bfc062723c751e8b465ee728b)  -> (artifact id: 'd882e1627d9e1ff93128c92fd9f22c45') in 0.033825 seconds
  Import took 0.081158 seconds .

========================================================================
Received Import Request.
  Time since last request: 18.862530 seconds.
  path: Assets/_Scenes/Level1.unity
  artifactKey: Guid(6c2dddd28ac12494188739a58bca1fcd) Importer(815301076,1909f56bfc062723c751e8b465ee728b)
Start importing Assets/_Scenes/Level1.unity using Guid(6c2dddd28ac12494188739a58bca1fcd) Importer(815301076,1909f56bfc062723c751e8b465ee728b)  -> (artifact id: 'f8de5ae6b592415795c3d218c5ceb861') in 0.023654 seconds
  Import took 0.057156 seconds .

========================================================================
Received Import Request.
  Time since last request: 62.564812 seconds.
  path: Assets/_Scenes/Level2.unity
  artifactKey: Guid(47ec07a9424a94fbc94a924b057dcd35) Importer(815301076,1909f56bfc062723c751e8b465ee728b)
Start importing Assets/_Scenes/Level2.unity using Guid(47ec07a9424a94fbc94a924b057dcd35) Importer(815301076,1909f56bfc062723c751e8b465ee728b)  -> (artifact id: 'e00468886df99738db5e7bb0baa9896f') in 0.056820 seconds
  Import took 0.084960 seconds .

========================================================================
Received Import Request.
  Time since last request: 75.711306 seconds.
  path: Assets/_Scenes/MainMenu.unity
  artifactKey: Guid(9fc0d4010bbf28b4594072e72b8655ab) Importer(815301076,1909f56bfc062723c751e8b465ee728b)
Start importing Assets/_Scenes/MainMenu.unity using Guid(9fc0d4010bbf28b4594072e72b8655ab) Importer(815301076,1909f56bfc062723c751e8b465ee728b)  -> (artifact id: '9cbe11e93deed49bbe156fb4369f4381') in 0.101386 seconds
  Import took 0.159690 seconds .

========================================================================
Received Import Request.
  Time since last request: 79.133135 seconds.
  path: Assets/_Scenes/LevelMenu.unity
  artifactKey: Guid(0422750f3e9f94a9998d6619c73f4c57) Importer(815301076,1909f56bfc062723c751e8b465ee728b)
Start importing Assets/_Scenes/LevelMenu.unity using Guid(0422750f3e9f94a9998d6619c73f4c57) Importer(815301076,1909f56bfc062723c751e8b465ee728b)  -> (artifact id: '8832c689a034e244b6a2019f64fd166d') in 0.142094 seconds
  Import took 0.178909 seconds .

========================================================================
Received Import Request.
  Time since last request: 9.208354 seconds.
  path: Assets/_Scenes/Level1.unity
  artifactKey: Guid(6c2dddd28ac12494188739a58bca1fcd) Importer(815301076,1909f56bfc062723c751e8b465ee728b)
Start importing Assets/_Scenes/Level1.unity using Guid(6c2dddd28ac12494188739a58bca1fcd) Importer(815301076,1909f56bfc062723c751e8b465ee728b)  -> (artifact id: 'ba4b9c1cbc33cbd8802a0051576adb34') in 0.014522 seconds
  Import took 0.044035 seconds .

========================================================================
Received Import Request.
  Time since last request: 11.551475 seconds.
  path: Assets/_Scenes/MainMenu.unity
  artifactKey: Guid(9fc0d4010bbf28b4594072e72b8655ab) Importer(815301076,1909f56bfc062723c751e8b465ee728b)
Start importing Assets/_Scenes/MainMenu.unity using Guid(9fc0d4010bbf28b4594072e72b8655ab) Importer(815301076,1909f56bfc062723c751e8b465ee728b)  -> (artifact id: 'a277edbd8eea4281f15030eb8bdd034c') in 0.003170 seconds
  Import took 0.024214 seconds .

========================================================================
Received Import Request.
  Time since last request: 0.001006 seconds.
  path: Assets/_Scenes/MainMenu.unity
  artifactKey: Guid(9fc0d4010bbf28b4594072e72b8655ab) Importer(815301076,1909f56bfc062723c751e8b465ee728b)
Start importing Assets/_Scenes/MainMenu.unity using Guid(9fc0d4010bbf28b4594072e72b8655ab) Importer(815301076,1909f56bfc062723c751e8b465ee728b)  -> (artifact id: 'a277edbd8eea4281f15030eb8bdd034c') in 0.001559 seconds
  Import took 0.007023 seconds .

========================================================================
Received Import Request.
  Time since last request: 28.063024 seconds.
  path: Assets/_Scenes/MainMenu
  artifactKey: Guid(9c73207cabe4c4287a0167a39d0dc9a5) Importer(815301076,1909f56bfc062723c751e8b465ee728b)
Start importing Assets/_Scenes/MainMenu using Guid(9c73207cabe4c4287a0167a39d0dc9a5) Importer(815301076,1909f56bfc062723c751e8b465ee728b)  -> (artifact id: 'b18ae7ddbcbb211df1b4d1ec02ee2c5f') in 0.033516 seconds
  Import took 0.066001 seconds .

========================================================================
Received Import Request.
  Time since last request: 9.974103 seconds.
  path: Assets/_Scenes/MainMenu.unity
  artifactKey: Guid(9fc0d4010bbf28b4594072e72b8655ab) Importer(815301076,1909f56bfc062723c751e8b465ee728b)
Start importing Assets/_Scenes/MainMenu.unity using Guid(9fc0d4010bbf28b4594072e72b8655ab) Importer(815301076,1909f56bfc062723c751e8b465ee728b)  -> (artifact id: 'a3a9fe488fb76b2824207f5697e77ade') in 0.002379 seconds
  Import took 0.026062 seconds .

========================================================================
Received Prepare
Registering precompiled user dll's ...
Registered in 0.001000 seconds.
Begin MonoManager ReloadAssembly
Native extension for LinuxStandalone target not found
Native extension for WindowsStandalone target not found
Native extension for OSXStandalone target not found
Native extension for WebGL target not found
Refreshing native plugins compatible for Editor in 0.72 ms, found 1 plugins.
Preloading 0 native plugins for Editor in 0.00 ms.
Warning: Annotation not found!
UnityEngine.StackTraceUtility:ExtractStackTrace () (at /Users/bokken/buildslave/unity/build/Runtime/Export/Scripting/StackTrace.cs:37)
UnityEditor.ProBuilder.EditorUtility:SetGizmoIconEnabled (System.Type,bool) (at Library/PackageCache/com.unity.probuilder@5.0.3/Editor/EditorCore/EditorUtility.cs:575)
UnityEditor.ProBuilder.HierarchyListener:.cctor () (at Library/PackageCache/com.unity.probuilder@5.0.3/Editor/EditorCore/HierarchyListener.cs:21)
System.Runtime.CompilerServices.RuntimeHelpers:RunClassConstructor (System.RuntimeTypeHandle)
UnityEditor.EditorAssemblies:ProcessInitializeOnLoadAttributes (System.Type[]) (at /Users/bokken/buildslave/unity/build/Editor/Mono/EditorAssemblies.cs:114)

[Library/PackageCache/com.unity.probuilder@5.0.3/Editor/EditorCore/EditorUtility.cs line 575]

Invoked RoslynAnalysisRunner static constructor.
RoslynAnalysisRunner will not be running.
RoslynAnalysisRunner has terminated.
Mono: successfully reloaded assembly
- Completed reload, in  1.686 seconds
Platform modules already initialized, skipping
Refreshing native plugins compatible for Editor in 0.76 ms, found 1 plugins.
Preloading 0 native plugins for Editor in 0.00 ms.
Unloading 2538 Unused Serialized files (Serialized files now loaded: 0)
System memory in use before: 184.1 MB.
System memory in use after: 183.8 MB.

Unloading 8 unused Assets to reduce memory usage. Loaded Objects now: 3056.
Total: 3.917036 ms (FindLiveObjects: 0.329405 ms CreateObjectMapping: 0.130270 ms MarkObjects: 2.796799 ms  DeleteObjects: 0.658587 ms)

========================================================================
Received Import Request.
  Time since last request: 106.389680 seconds.
  path: Assets/Art
  artifactKey: Guid(ef3507c4c57014b23999cd5137b06a2e) Importer(815301076,1909f56bfc062723c751e8b465ee728b)
Start importing Assets/Art using Guid(ef3507c4c57014b23999cd5137b06a2e) Importer(815301076,1909f56bfc062723c751e8b465ee728b)  -> (artifact id: '6f725e20dc10996d547055a35062d094') in 0.033288 seconds
  Import took 0.065447 seconds .

